2021-04-12 21:31:00.453 [main] "  " DEBUG o.s.b.web.servlet.ServletContextInitializerBeans - Mapping filters: mdc-access-servlet-filter urls=[/*] order=2147483647, characterEncodingFilter urls=[/*] order=-2147483648, formContentFilter urls=[/*] order=-9900, requestContextFilter urls=[/*] order=-105
2021-04-12 21:31:00.454 [main] "  " DEBUG o.s.b.web.servlet.ServletContextInitializerBeans - Mapping servlets: dispatcherServlet urls=[/]
2021-04-12 21:31:05.627 [main] "  " DEBUG o.s.w.s.m.m.a.RequestMappingHandlerAdapter - ControllerAdvice beans: 0 @ModelAttribute, 0 @InitBinder, 1 RequestBodyAdvice, 1 ResponseBodyAdvice
2021-04-12 21:31:05.697 [main] "  " DEBUG o.s.w.s.m.m.a.RequestMappingHandlerMapping - 34 mappings in 'requestMappingHandlerMapping'
2021-04-12 21:31:05.725 [main] "  " DEBUG o.s.web.servlet.config.annotation.WebMvcConfigurer - Default resource handling disabled
2021-04-12 21:31:05.737 [main] "  " DEBUG o.s.web.servlet.handler.SimpleUrlHandlerMapping - Patterns [/assets/**] in 'resourceHandlerMapping'
2021-04-12 21:31:05.747 [main] "  " DEBUG o.s.w.s.m.m.a.ExceptionHandlerExceptionResolver - ControllerAdvice beans: 1 @ExceptionHandler, 1 ResponseBodyAdvice
2021-04-12 21:37:50.040 [main] "  " DEBUG o.s.b.web.servlet.ServletContextInitializerBeans - Mapping filters: mdc-access-servlet-filter urls=[/*] order=2147483647, characterEncodingFilter urls=[/*] order=-2147483648, formContentFilter urls=[/*] order=-9900, requestContextFilter urls=[/*] order=-105
2021-04-12 21:37:50.046 [main] "  " DEBUG o.s.b.web.servlet.ServletContextInitializerBeans - Mapping servlets: dispatcherServlet urls=[/]
2021-04-12 21:37:54.076 [main] "  " DEBUG o.s.w.s.m.m.a.RequestMappingHandlerAdapter - ControllerAdvice beans: 0 @ModelAttribute, 0 @InitBinder, 1 RequestBodyAdvice, 1 ResponseBodyAdvice
2021-04-12 21:37:54.171 [main] "  " DEBUG o.s.w.s.m.m.a.RequestMappingHandlerMapping - 34 mappings in 'requestMappingHandlerMapping'
2021-04-12 21:37:54.198 [main] "  " DEBUG o.s.web.servlet.config.annotation.WebMvcConfigurer - Default resource handling disabled
2021-04-12 21:37:54.215 [main] "  " DEBUG o.s.web.servlet.handler.SimpleUrlHandlerMapping - Patterns [/assets/**] in 'resourceHandlerMapping'
2021-04-12 21:37:54.227 [main] "  " DEBUG o.s.w.s.m.m.a.ExceptionHandlerExceptionResolver - ControllerAdvice beans: 1 @ExceptionHandler, 1 ResponseBodyAdvice
2021-04-12 21:37:54.623 [main] "  " DEBUG i.g.t.latticy.mapper.PermissionMapper.selectOne - ==>  Preparing: SELECT id,name,module,mount,create_time,update_time,delete_time FROM lin_permission WHERE delete_time IS NULL AND (name = ? AND module = ?)
2021-04-12 21:37:54.674 [main] "  " DEBUG i.g.t.latticy.mapper.PermissionMapper.selectOne - ==> Parameters: 搜索日志(String), 日志(String)
2021-04-12 21:37:54.746 [main] "  " DEBUG i.g.t.latticy.mapper.PermissionMapper.selectOne - <==      Total: 1
2021-04-12 21:37:54.749 [main] "  " DEBUG i.g.t.latticy.mapper.PermissionMapper.selectOne - ==>  Preparing: SELECT id,name,module,mount,create_time,update_time,delete_time FROM lin_permission WHERE delete_time IS NULL AND (name = ? AND module = ?)
2021-04-12 21:37:54.749 [main] "  " DEBUG i.g.t.latticy.mapper.PermissionMapper.selectOne - ==> Parameters: 查询所有日志(String), 日志(String)
2021-04-12 21:37:54.800 [main] "  " DEBUG i.g.t.latticy.mapper.PermissionMapper.selectOne - <==      Total: 1
2021-04-12 21:37:54.802 [main] "  " DEBUG i.g.t.latticy.mapper.PermissionMapper.selectOne - ==>  Preparing: SELECT id,name,module,mount,create_time,update_time,delete_time FROM lin_permission WHERE delete_time IS NULL AND (name = ? AND module = ?)
2021-04-12 21:37:54.803 [main] "  " DEBUG i.g.t.latticy.mapper.PermissionMapper.selectOne - ==> Parameters: 搜索日志(String), 日志(String)
2021-04-12 21:37:54.854 [main] "  " DEBUG i.g.t.latticy.mapper.PermissionMapper.selectOne - <==      Total: 1
2021-04-12 21:37:54.856 [main] "  " DEBUG i.g.t.latticy.mapper.PermissionMapper.selectOne - ==>  Preparing: SELECT id,name,module,mount,create_time,update_time,delete_time FROM lin_permission WHERE delete_time IS NULL AND (name = ? AND module = ?)
2021-04-12 21:37:54.857 [main] "  " DEBUG i.g.t.latticy.mapper.PermissionMapper.selectOne - ==> Parameters: 删除图书(String), 图书(String)
2021-04-12 21:37:54.908 [main] "  " DEBUG i.g.t.latticy.mapper.PermissionMapper.selectOne - <==      Total: 1
2021-04-12 21:37:54.911 [main] "  " DEBUG i.g.t.latticy.mapper.PermissionMapper.selectOne - ==>  Preparing: SELECT id,name,module,mount,create_time,update_time,delete_time FROM lin_permission WHERE delete_time IS NULL AND (name = ? AND module = ?)
2021-04-12 21:37:54.911 [main] "  " DEBUG i.g.t.latticy.mapper.PermissionMapper.selectOne - ==> Parameters: 查询日志记录的用户(String), 日志(String)
2021-04-12 21:37:54.956 [main] "  " DEBUG i.g.t.latticy.mapper.PermissionMapper.selectOne - <==      Total: 1
2021-04-12 21:37:54.959 [main] "  " DEBUG i.g.t.latticy.mapper.PermissionMapper.selectOne - ==>  Preparing: SELECT id,name,module,mount,create_time,update_time,delete_time FROM lin_permission WHERE delete_time IS NULL AND (name = ? AND module = ?)
2021-04-12 21:37:54.961 [main] "  " DEBUG i.g.t.latticy.mapper.PermissionMapper.selectOne - ==> Parameters: 查询日志记录的用户(String), 日志(String)
2021-04-12 21:37:55.013 [main] "  " DEBUG i.g.t.latticy.mapper.PermissionMapper.selectOne - <==      Total: 1
2021-04-12 21:37:55.018 [main] "  " DEBUG i.g.t.latticy.mapper.PermissionMapper.selectOne - ==>  Preparing: SELECT id,name,module,mount,create_time,update_time,delete_time FROM lin_permission WHERE delete_time IS NULL AND (name = ? AND module = ?)
2021-04-12 21:37:55.018 [main] "  " DEBUG i.g.t.latticy.mapper.PermissionMapper.selectOne - ==> Parameters: 查询所有日志(String), 日志(String)
2021-04-12 21:37:55.066 [main] "  " DEBUG i.g.t.latticy.mapper.PermissionMapper.selectOne - <==      Total: 1
2021-04-12 21:37:55.069 [main] "  " DEBUG i.g.t.latticy.mapper.PermissionMapper.selectOne - ==>  Preparing: SELECT id,name,module,mount,create_time,update_time,delete_time FROM lin_permission WHERE delete_time IS NULL AND (name = ? AND module = ?)
2021-04-12 21:37:55.070 [main] "  " DEBUG i.g.t.latticy.mapper.PermissionMapper.selectOne - ==> Parameters: 删除图书(String), 图书(String)
2021-04-12 21:37:55.108 [main] "  " DEBUG i.g.t.latticy.mapper.PermissionMapper.selectOne - <==      Total: 1
2021-04-12 21:37:55.117 [main] "  " DEBUG i.g.t.latticy.mapper.PermissionMapper.selectList - ==>  Preparing: SELECT id,name,module,mount,create_time,update_time,delete_time FROM lin_permission WHERE delete_time IS NULL
2021-04-12 21:37:55.119 [main] "  " DEBUG i.g.t.latticy.mapper.PermissionMapper.selectList - ==> Parameters: 
2021-04-12 21:37:55.160 [main] "  " DEBUG i.g.t.latticy.mapper.PermissionMapper.selectList - <==      Total: 4
2021-04-12 21:38:05.867 [http-nio-5000-exec-1] "  " DEBUG org.springframework.web.servlet.DispatcherServlet - Detected StandardServletMultipartResolver
2021-04-12 21:38:05.879 [http-nio-5000-exec-1] "  " DEBUG org.springframework.web.servlet.DispatcherServlet - enableLoggingRequestDetails='false': request parameters and headers will be masked to prevent unsafe logging of potentially sensitive data
2021-04-12 21:38:05.894 [http-nio-5000-exec-1] "OPTIONS /cms/user/login HTTP/1.1" DEBUG org.springframework.web.servlet.DispatcherServlet - OPTIONS "/cms/user/login", parameters={}
2021-04-12 21:38:05.898 [http-nio-5000-exec-1] "OPTIONS /cms/user/login HTTP/1.1" DEBUG o.s.w.s.m.m.a.RequestMappingHandlerMapping - Mapped to io.github.talelin.latticy.controller.cms.UserController#login(LoginDTO)
2021-04-12 21:38:05.925 [http-nio-5000-exec-1] "OPTIONS /cms/user/login HTTP/1.1" DEBUG org.springframework.web.servlet.DispatcherServlet - Completed 200 OK
2021-04-12 21:38:05.940 [http-nio-5000-exec-2] "POST /cms/user/login HTTP/1.1" DEBUG org.springframework.web.servlet.DispatcherServlet - POST "/cms/user/login", parameters={}
2021-04-12 21:38:05.941 [http-nio-5000-exec-2] "POST /cms/user/login HTTP/1.1" DEBUG o.s.w.s.m.m.a.RequestMappingHandlerMapping - Mapped to io.github.talelin.latticy.controller.cms.UserController#login(LoginDTO)
2021-04-12 21:38:06.022 [http-nio-5000-exec-2] "POST /cms/user/login HTTP/1.1" DEBUG o.s.w.s.m.m.a.RequestResponseBodyMethodProcessor - Read "application/json;charset=UTF-8" to [LoginDTO(username=root, password=123456)]
2021-04-12 21:38:06.209 [http-nio-5000-exec-2] "POST /cms/user/login HTTP/1.1" DEBUG i.g.talelin.latticy.mapper.UserMapper.selectOne - ==>  Preparing: SELECT id,username,nickname,avatar,email,create_time,update_time,delete_time FROM lin_user WHERE delete_time IS NULL AND (username = ?)
2021-04-12 21:38:06.209 [http-nio-5000-exec-2] "POST /cms/user/login HTTP/1.1" DEBUG i.g.talelin.latticy.mapper.UserMapper.selectOne - ==> Parameters: root(String)
2021-04-12 21:38:06.266 [http-nio-5000-exec-2] "POST /cms/user/login HTTP/1.1" DEBUG i.g.talelin.latticy.mapper.UserMapper.selectOne - <==      Total: 1
2021-04-12 21:38:06.277 [http-nio-5000-exec-2] "POST /cms/user/login HTTP/1.1" DEBUG i.g.t.latticy.mapper.UserIdentityMapper.selectOne - ==>  Preparing: SELECT id,user_id,identity_type,identifier,credential,create_time,update_time,delete_time FROM lin_user_identity WHERE delete_time IS NULL AND (user_id = ? AND identity_type = ? AND identifier = ?)
2021-04-12 21:38:06.278 [http-nio-5000-exec-2] "POST /cms/user/login HTTP/1.1" DEBUG i.g.t.latticy.mapper.UserIdentityMapper.selectOne - ==> Parameters: 1(Integer), USERNAME_PASSWORD(String), root(String)
2021-04-12 21:38:06.322 [http-nio-5000-exec-2] "POST /cms/user/login HTTP/1.1" DEBUG i.g.t.latticy.mapper.UserIdentityMapper.selectOne - <==      Total: 1
2021-04-12 21:38:07.759 [http-nio-5000-exec-2] "POST /cms/user/login HTTP/1.1" DEBUG o.s.w.s.m.m.a.RequestResponseBodyMethodProcessor - Using 'application/json', given [application/json, text/plain, */*] and supported [application/json, application/*+json, application/json, application/*+json]
2021-04-12 21:38:07.760 [http-nio-5000-exec-2] "POST /cms/user/login HTTP/1.1" DEBUG o.s.w.s.m.m.a.RequestResponseBodyMethodProcessor - Writing [Tokens{accessToken='eyJ0eXAiOiJKV1QiLCJhbGciOiJIUzI1NiJ9.eyJpZGVudGl0eSI6MSwic2NvcGUiOiJsaW4iLCJ0eXB (truncated)...]
2021-04-12 21:38:07.770 [http-nio-5000-exec-2] "POST /cms/user/login HTTP/1.1" DEBUG org.springframework.web.servlet.DispatcherServlet - Completed 200 OK
2021-04-12 21:38:07.779 [http-nio-5000-exec-3] "OPTIONS /cms/user/permissions HTTP/1.1" DEBUG org.springframework.web.servlet.DispatcherServlet - OPTIONS "/cms/user/permissions", parameters={}
2021-04-12 21:38:07.779 [http-nio-5000-exec-3] "OPTIONS /cms/user/permissions HTTP/1.1" DEBUG o.s.w.s.m.m.a.RequestMappingHandlerMapping - Mapped to io.github.talelin.latticy.controller.cms.UserController#getPermissions()
2021-04-12 21:38:07.780 [http-nio-5000-exec-3] "OPTIONS /cms/user/permissions HTTP/1.1" DEBUG org.springframework.web.servlet.DispatcherServlet - Completed 200 OK
2021-04-12 21:38:07.788 [http-nio-5000-exec-5] "GET /cms/user/permissions HTTP/1.1" DEBUG org.springframework.web.servlet.DispatcherServlet - GET "/cms/user/permissions", parameters={}
2021-04-12 21:38:07.788 [http-nio-5000-exec-5] "GET /cms/user/permissions HTTP/1.1" DEBUG o.s.w.s.m.m.a.RequestMappingHandlerMapping - Mapped to io.github.talelin.latticy.controller.cms.UserController#getPermissions()
2021-04-12 21:38:08.926 [http-nio-5000-exec-5] "GET /cms/user/permissions HTTP/1.1" DEBUG i.g.talelin.latticy.mapper.UserMapper.selectById - ==>  Preparing: SELECT id,username,nickname,avatar,email,create_time,update_time,delete_time FROM lin_user WHERE id=? AND delete_time IS NULL
2021-04-12 21:38:08.926 [http-nio-5000-exec-5] "GET /cms/user/permissions HTTP/1.1" DEBUG i.g.talelin.latticy.mapper.UserMapper.selectById - ==> Parameters: 1(Integer)
2021-04-12 21:38:08.982 [http-nio-5000-exec-5] "GET /cms/user/permissions HTTP/1.1" DEBUG i.g.talelin.latticy.mapper.UserMapper.selectById - <==      Total: 1
2021-04-12 21:38:08.993 [http-nio-5000-exec-5] "GET /cms/user/permissions HTTP/1.1" DEBUG i.g.talelin.latticy.mapper.GroupMapper.selectOne - ==>  Preparing: SELECT id,name,info,`level`,create_time,update_time,delete_time FROM lin_group WHERE delete_time IS NULL AND (`level` = ?)
2021-04-12 21:38:08.994 [http-nio-5000-exec-5] "GET /cms/user/permissions HTTP/1.1" DEBUG i.g.talelin.latticy.mapper.GroupMapper.selectOne - ==> Parameters: 1(Integer)
2021-04-12 21:38:09.038 [http-nio-5000-exec-5] "GET /cms/user/permissions HTTP/1.1" DEBUG i.g.talelin.latticy.mapper.GroupMapper.selectOne - <==      Total: 1
2021-04-12 21:38:09.045 [http-nio-5000-exec-5] "GET /cms/user/permissions HTTP/1.1" DEBUG i.g.t.latticy.mapper.UserGroupMapper.selectOne - ==>  Preparing: SELECT id,user_id,group_id FROM lin_user_group WHERE (user_id = ? AND group_id = ?)
2021-04-12 21:38:09.045 [http-nio-5000-exec-5] "GET /cms/user/permissions HTTP/1.1" DEBUG i.g.t.latticy.mapper.UserGroupMapper.selectOne - ==> Parameters: 1(Integer), 1(Integer)
2021-04-12 21:38:09.129 [http-nio-5000-exec-5] "GET /cms/user/permissions HTTP/1.1" DEBUG i.g.t.latticy.mapper.UserGroupMapper.selectOne - <==      Total: 1
2021-04-12 21:38:09.130 [http-nio-5000-exec-5] "GET /cms/user/permissions HTTP/1.1" DEBUG i.g.t.l.mapper.GroupMapper.selectUserGroupIds - ==>  Preparing: SELECT g.id from lin_group AS g WHERE g.delete_time IS NULL AND g.id IN ( SELECT ug.group_id FROM lin_user AS u LEFT JOIN lin_user_group as ug ON ug.user_id = u.id WHERE u.id = ? AND u.delete_time IS NULL )
2021-04-12 21:38:09.131 [http-nio-5000-exec-5] "GET /cms/user/permissions HTTP/1.1" DEBUG i.g.t.l.mapper.GroupMapper.selectUserGroupIds - ==> Parameters: 1(Integer)
2021-04-12 21:38:09.172 [http-nio-5000-exec-5] "GET /cms/user/permissions HTTP/1.1" DEBUG i.g.t.l.mapper.GroupMapper.selectUserGroupIds - <==      Total: 1
2021-04-12 21:38:09.180 [http-nio-5000-exec-5] "GET /cms/user/permissions HTTP/1.1" DEBUG i.g.t.l.m.P.selectPermissionsByGroupIds - ==>  Preparing: SELECT p.id, p.name, p.module, p.mount, p.create_time, p.update_time, p.delete_time FROM lin_permission AS p WHERE p.delete_time IS NULL AND p.mount = true AND p.id IN ( SELECT gp.permission_id FROM lin_group_permission AS gp WHERE gp.group_id IN ( ? ) )
2021-04-12 21:38:09.181 [http-nio-5000-exec-5] "GET /cms/user/permissions HTTP/1.1" DEBUG i.g.t.l.m.P.selectPermissionsByGroupIds - ==> Parameters: 1(Integer)
2021-04-12 21:38:09.229 [http-nio-5000-exec-5] "GET /cms/user/permissions HTTP/1.1" DEBUG i.g.t.l.m.P.selectPermissionsByGroupIds - <==      Total: 0
2021-04-12 21:38:09.247 [http-nio-5000-exec-5] "GET /cms/user/permissions HTTP/1.1" DEBUG o.s.w.s.m.m.a.RequestResponseBodyMethodProcessor - Using 'application/json', given [application/json, text/plain, */*] and supported [application/json, application/*+json, application/json, application/*+json]
2021-04-12 21:38:09.247 [http-nio-5000-exec-5] "GET /cms/user/permissions HTTP/1.1" DEBUG o.s.w.s.m.m.a.RequestResponseBodyMethodProcessor - Writing [UserPermissionVO(id=1, nickname=root, avatar=null, admin=true, email=null, permissions=[])]
2021-04-12 21:38:09.250 [http-nio-5000-exec-5] "GET /cms/user/permissions HTTP/1.1" DEBUG org.springframework.web.servlet.DispatcherServlet - Completed 200 OK
2021-04-12 21:38:14.831 [http-nio-5000-exec-4] "OPTIONS /cms/log/users HTTP/1.1" DEBUG org.springframework.web.servlet.DispatcherServlet - OPTIONS "/cms/log/users?count=5&page=0", parameters={masked}
2021-04-12 21:38:14.831 [http-nio-5000-exec-4] "OPTIONS /cms/log/users HTTP/1.1" DEBUG o.s.w.s.m.m.a.RequestMappingHandlerMapping - Mapped to io.github.talelin.latticy.controller.cms.LogController#getUsers(Integer, Integer)
2021-04-12 21:38:14.832 [http-nio-5000-exec-4] "OPTIONS /cms/log/users HTTP/1.1" DEBUG org.springframework.web.servlet.DispatcherServlet - Completed 200 OK
2021-04-12 21:38:14.839 [http-nio-5000-exec-6] "GET /cms/log/users HTTP/1.1" DEBUG org.springframework.web.servlet.DispatcherServlet - GET "/cms/log/users?count=5&page=0", parameters={masked}
2021-04-12 21:38:14.839 [http-nio-5000-exec-6] "GET /cms/log/users HTTP/1.1" DEBUG o.s.w.s.m.m.a.RequestMappingHandlerMapping - Mapped to io.github.talelin.latticy.controller.cms.LogController#getUsers(Integer, Integer)
2021-04-12 21:38:14.889 [http-nio-5000-exec-6] "GET /cms/log/users HTTP/1.1" DEBUG i.g.talelin.latticy.mapper.UserMapper.selectById - ==>  Preparing: SELECT id,username,nickname,avatar,email,create_time,update_time,delete_time FROM lin_user WHERE id=? AND delete_time IS NULL
2021-04-12 21:38:14.889 [http-nio-5000-exec-6] "GET /cms/log/users HTTP/1.1" DEBUG i.g.talelin.latticy.mapper.UserMapper.selectById - ==> Parameters: 1(Integer)
2021-04-12 21:38:14.926 [http-nio-5000-exec-6] "GET /cms/log/users HTTP/1.1" DEBUG i.g.talelin.latticy.mapper.UserMapper.selectById - <==      Total: 1
2021-04-12 21:38:14.928 [http-nio-5000-exec-6] "GET /cms/log/users HTTP/1.1" DEBUG i.g.talelin.latticy.mapper.GroupMapper.selectOne - ==>  Preparing: SELECT id,name,info,`level`,create_time,update_time,delete_time FROM lin_group WHERE delete_time IS NULL AND (`level` = ?)
2021-04-12 21:38:14.928 [http-nio-5000-exec-6] "GET /cms/log/users HTTP/1.1" DEBUG i.g.talelin.latticy.mapper.GroupMapper.selectOne - ==> Parameters: 1(Integer)
2021-04-12 21:38:14.969 [http-nio-5000-exec-6] "GET /cms/log/users HTTP/1.1" DEBUG i.g.talelin.latticy.mapper.GroupMapper.selectOne - <==      Total: 1
2021-04-12 21:38:14.971 [http-nio-5000-exec-6] "GET /cms/log/users HTTP/1.1" DEBUG i.g.t.latticy.mapper.UserGroupMapper.selectOne - ==>  Preparing: SELECT id,user_id,group_id FROM lin_user_group WHERE (user_id = ? AND group_id = ?)
2021-04-12 21:38:14.971 [http-nio-5000-exec-6] "GET /cms/log/users HTTP/1.1" DEBUG i.g.t.latticy.mapper.UserGroupMapper.selectOne - ==> Parameters: 1(Integer), 1(Integer)
2021-04-12 21:38:15.013 [http-nio-5000-exec-6] "GET /cms/log/users HTTP/1.1" DEBUG i.g.t.latticy.mapper.UserGroupMapper.selectOne - <==      Total: 1
2021-04-12 21:38:15.105 [http-nio-5000-exec-6] "GET /cms/log/users HTTP/1.1" DEBUG i.g.talelin.latticy.mapper.LogMapper.getUserNames - ==>  Preparing: SELECT COUNT(1) FROM (SELECT l.username FROM lin_log l WHERE l.delete_time IS NULL GROUP BY l.username HAVING COUNT(l.username) > 0) TOTAL
2021-04-12 21:38:15.106 [http-nio-5000-exec-6] "GET /cms/log/users HTTP/1.1" DEBUG i.g.talelin.latticy.mapper.LogMapper.getUserNames - ==> Parameters: 
2021-04-12 21:38:15.151 [http-nio-5000-exec-6] "GET /cms/log/users HTTP/1.1" DEBUG o.s.w.s.m.m.a.RequestResponseBodyMethodProcessor - Using 'application/json', given [application/json, text/plain, */*] and supported [application/json, application/*+json, application/json, application/*+json]
2021-04-12 21:38:15.151 [http-nio-5000-exec-6] "GET /cms/log/users HTTP/1.1" DEBUG o.s.w.s.m.m.a.RequestResponseBodyMethodProcessor - Writing [PageResponseVO(total=0, items=[], page=0, count=5)]
2021-04-12 21:38:15.154 [http-nio-5000-exec-6] "GET /cms/log/users HTTP/1.1" DEBUG org.springframework.web.servlet.DispatcherServlet - Completed 200 OK
2021-04-12 21:38:15.166 [http-nio-5000-exec-7] "OPTIONS /cms/log HTTP/1.1" DEBUG org.springframework.web.servlet.DispatcherServlet - OPTIONS "/cms/log?count=15&page=0", parameters={masked}
2021-04-12 21:38:15.166 [http-nio-5000-exec-7] "OPTIONS /cms/log HTTP/1.1" DEBUG o.s.w.s.m.m.a.RequestMappingHandlerMapping - Mapped to io.github.talelin.latticy.controller.cms.LogController#getLogs(Date, Date, String, Integer, Integer)
2021-04-12 21:38:15.167 [http-nio-5000-exec-7] "OPTIONS /cms/log HTTP/1.1" DEBUG org.springframework.web.servlet.DispatcherServlet - Completed 200 OK
2021-04-12 21:38:15.172 [http-nio-5000-exec-9] "GET /cms/log HTTP/1.1" DEBUG org.springframework.web.servlet.DispatcherServlet - GET "/cms/log?count=15&page=0", parameters={masked}
2021-04-12 21:38:15.172 [http-nio-5000-exec-9] "GET /cms/log HTTP/1.1" DEBUG o.s.w.s.m.m.a.RequestMappingHandlerMapping - Mapped to io.github.talelin.latticy.controller.cms.LogController#getLogs(Date, Date, String, Integer, Integer)
2021-04-12 21:38:15.173 [http-nio-5000-exec-9] "GET /cms/log HTTP/1.1" DEBUG i.g.talelin.latticy.mapper.UserMapper.selectById - ==>  Preparing: SELECT id,username,nickname,avatar,email,create_time,update_time,delete_time FROM lin_user WHERE id=? AND delete_time IS NULL
2021-04-12 21:38:15.173 [http-nio-5000-exec-9] "GET /cms/log HTTP/1.1" DEBUG i.g.talelin.latticy.mapper.UserMapper.selectById - ==> Parameters: 1(Integer)
2021-04-12 21:38:15.209 [http-nio-5000-exec-9] "GET /cms/log HTTP/1.1" DEBUG i.g.talelin.latticy.mapper.UserMapper.selectById - <==      Total: 1
2021-04-12 21:38:15.211 [http-nio-5000-exec-9] "GET /cms/log HTTP/1.1" DEBUG i.g.talelin.latticy.mapper.GroupMapper.selectOne - ==>  Preparing: SELECT id,name,info,`level`,create_time,update_time,delete_time FROM lin_group WHERE delete_time IS NULL AND (`level` = ?)
2021-04-12 21:38:15.211 [http-nio-5000-exec-9] "GET /cms/log HTTP/1.1" DEBUG i.g.talelin.latticy.mapper.GroupMapper.selectOne - ==> Parameters: 1(Integer)
2021-04-12 21:38:15.247 [http-nio-5000-exec-9] "GET /cms/log HTTP/1.1" DEBUG i.g.talelin.latticy.mapper.GroupMapper.selectOne - <==      Total: 1
2021-04-12 21:38:15.249 [http-nio-5000-exec-9] "GET /cms/log HTTP/1.1" DEBUG i.g.t.latticy.mapper.UserGroupMapper.selectOne - ==>  Preparing: SELECT id,user_id,group_id FROM lin_user_group WHERE (user_id = ? AND group_id = ?)
2021-04-12 21:38:15.250 [http-nio-5000-exec-9] "GET /cms/log HTTP/1.1" DEBUG i.g.t.latticy.mapper.UserGroupMapper.selectOne - ==> Parameters: 1(Integer), 1(Integer)
2021-04-12 21:38:15.288 [http-nio-5000-exec-9] "GET /cms/log HTTP/1.1" DEBUG i.g.t.latticy.mapper.UserGroupMapper.selectOne - <==      Total: 1
2021-04-12 21:38:15.294 [http-nio-5000-exec-9] "GET /cms/log HTTP/1.1" DEBUG i.g.t.l.m.LogMapper.findLogsByUsernameAndRange - ==>  Preparing: SELECT COUNT(1) FROM lin_log l WHERE l.delete_time IS NULL
2021-04-12 21:38:15.294 [http-nio-5000-exec-9] "GET /cms/log HTTP/1.1" DEBUG i.g.t.l.m.LogMapper.findLogsByUsernameAndRange - ==> Parameters: 
2021-04-12 21:38:15.331 [http-nio-5000-exec-9] "GET /cms/log HTTP/1.1" DEBUG o.s.w.s.m.m.a.RequestResponseBodyMethodProcessor - Using 'application/json', given [application/json, text/plain, */*] and supported [application/json, application/*+json, application/json, application/*+json]
2021-04-12 21:38:15.331 [http-nio-5000-exec-9] "GET /cms/log HTTP/1.1" DEBUG o.s.w.s.m.m.a.RequestResponseBodyMethodProcessor - Writing [PageResponseVO(total=0, items=[], page=0, count=15)]
2021-04-12 21:38:15.332 [http-nio-5000-exec-9] "GET /cms/log HTTP/1.1" DEBUG org.springframework.web.servlet.DispatcherServlet - Completed 200 OK
2021-04-12 21:38:22.188 [http-nio-5000-exec-8] "OPTIONS /v1/book HTTP/1.1" DEBUG org.springframework.web.servlet.DispatcherServlet - OPTIONS "/v1/book", parameters={}
2021-04-12 21:38:22.189 [http-nio-5000-exec-8] "OPTIONS /v1/book HTTP/1.1" DEBUG o.s.w.s.m.m.a.RequestMappingHandlerMapping - Mapped to io.github.talelin.latticy.controller.v1.BookController#createBook(CreateOrUpdateBookDTO)
2021-04-12 21:38:22.190 [http-nio-5000-exec-8] "OPTIONS /v1/book HTTP/1.1" DEBUG org.springframework.web.servlet.DispatcherServlet - Completed 200 OK
2021-04-12 21:38:22.199 [http-nio-5000-exec-10] "POST /v1/book HTTP/1.1" DEBUG org.springframework.web.servlet.DispatcherServlet - POST "/v1/book", parameters={}
2021-04-12 21:38:22.200 [http-nio-5000-exec-10] "POST /v1/book HTTP/1.1" DEBUG o.s.w.s.m.m.a.RequestMappingHandlerMapping - Mapped to io.github.talelin.latticy.controller.v1.BookController#createBook(CreateOrUpdateBookDTO)
2021-04-12 21:38:22.209 [http-nio-5000-exec-10] "POST /v1/book HTTP/1.1" DEBUG o.s.w.s.m.m.a.RequestResponseBodyMethodProcessor - Read "application/json;charset=UTF-8" to [CreateOrUpdateBookDTO(title=1, author=1, summary=1, image=1)]
2021-04-12 21:38:22.270 [http-nio-5000-exec-10] "POST /v1/book HTTP/1.1" DEBUG io.github.talelin.latticy.mapper.BookMapper.insert - ==>  Preparing: INSERT INTO book ( title, author, summary, image ) VALUES ( ?, ?, ?, ? )
2021-04-12 21:38:22.271 [http-nio-5000-exec-10] "POST /v1/book HTTP/1.1" DEBUG io.github.talelin.latticy.mapper.BookMapper.insert - ==> Parameters: 1(String), 1(String), 1(String), 1(String)
2021-04-12 21:38:22.350 [http-nio-5000-exec-10] "POST /v1/book HTTP/1.1" DEBUG io.github.talelin.latticy.mapper.BookMapper.insert - <==    Updates: 1
2021-04-12 21:38:22.360 [http-nio-5000-exec-10] "POST /v1/book HTTP/1.1" DEBUG o.s.w.s.m.m.a.RequestResponseBodyMethodProcessor - Using 'application/json', given [application/json, text/plain, */*] and supported [application/json, application/*+json, application/json, application/*+json]
2021-04-12 21:38:22.360 [http-nio-5000-exec-10] "POST /v1/book HTTP/1.1" DEBUG o.s.w.s.m.m.a.RequestResponseBodyMethodProcessor - Writing [UnifyResponseVO(code=12, message=新建图书成功, request=POST /v1/book)]
2021-04-12 21:38:22.361 [http-nio-5000-exec-10] "POST /v1/book HTTP/1.1" DEBUG org.springframework.web.servlet.DispatcherServlet - Completed 201 CREATED
2021-04-12 21:38:24.286 [http-nio-5000-exec-1] "GET /cms/log/users HTTP/1.1" DEBUG org.springframework.web.servlet.DispatcherServlet - GET "/cms/log/users?count=5&page=0", parameters={masked}
2021-04-12 21:38:24.287 [http-nio-5000-exec-1] "GET /cms/log/users HTTP/1.1" DEBUG o.s.w.s.m.m.a.RequestMappingHandlerMapping - Mapped to io.github.talelin.latticy.controller.cms.LogController#getUsers(Integer, Integer)
2021-04-12 21:38:24.329 [http-nio-5000-exec-1] "GET /cms/log/users HTTP/1.1" DEBUG i.g.talelin.latticy.mapper.UserMapper.selectById - ==>  Preparing: SELECT id,username,nickname,avatar,email,create_time,update_time,delete_time FROM lin_user WHERE id=? AND delete_time IS NULL
2021-04-12 21:38:24.329 [http-nio-5000-exec-1] "GET /cms/log/users HTTP/1.1" DEBUG i.g.talelin.latticy.mapper.UserMapper.selectById - ==> Parameters: 1(Integer)
2021-04-12 21:38:24.662 [http-nio-5000-exec-1] "GET /cms/log/users HTTP/1.1" DEBUG i.g.talelin.latticy.mapper.UserMapper.selectById - <==      Total: 1
2021-04-12 21:38:24.665 [http-nio-5000-exec-1] "GET /cms/log/users HTTP/1.1" DEBUG i.g.talelin.latticy.mapper.GroupMapper.selectOne - ==>  Preparing: SELECT id,name,info,`level`,create_time,update_time,delete_time FROM lin_group WHERE delete_time IS NULL AND (`level` = ?)
2021-04-12 21:38:24.665 [http-nio-5000-exec-1] "GET /cms/log/users HTTP/1.1" DEBUG i.g.talelin.latticy.mapper.GroupMapper.selectOne - ==> Parameters: 1(Integer)
2021-04-12 21:38:24.704 [http-nio-5000-exec-1] "GET /cms/log/users HTTP/1.1" DEBUG i.g.talelin.latticy.mapper.GroupMapper.selectOne - <==      Total: 1
2021-04-12 21:38:24.710 [http-nio-5000-exec-1] "GET /cms/log/users HTTP/1.1" DEBUG i.g.t.latticy.mapper.UserGroupMapper.selectOne - ==>  Preparing: SELECT id,user_id,group_id FROM lin_user_group WHERE (user_id = ? AND group_id = ?)
2021-04-12 21:38:24.710 [http-nio-5000-exec-1] "GET /cms/log/users HTTP/1.1" DEBUG i.g.t.latticy.mapper.UserGroupMapper.selectOne - ==> Parameters: 1(Integer), 1(Integer)
2021-04-12 21:38:24.746 [http-nio-5000-exec-1] "GET /cms/log/users HTTP/1.1" DEBUG i.g.t.latticy.mapper.UserGroupMapper.selectOne - <==      Total: 1
2021-04-12 21:38:24.749 [http-nio-5000-exec-1] "GET /cms/log/users HTTP/1.1" DEBUG i.g.talelin.latticy.mapper.LogMapper.getUserNames - ==>  Preparing: SELECT COUNT(1) FROM (SELECT l.username FROM lin_log l WHERE l.delete_time IS NULL GROUP BY l.username HAVING COUNT(l.username) > 0) TOTAL
2021-04-12 21:38:24.749 [http-nio-5000-exec-1] "GET /cms/log/users HTTP/1.1" DEBUG i.g.talelin.latticy.mapper.LogMapper.getUserNames - ==> Parameters: 
2021-04-12 21:38:24.788 [http-nio-5000-exec-1] "GET /cms/log/users HTTP/1.1" DEBUG o.s.w.s.m.m.a.RequestResponseBodyMethodProcessor - Using 'application/json', given [application/json, text/plain, */*] and supported [application/json, application/*+json, application/json, application/*+json]
2021-04-12 21:38:24.788 [http-nio-5000-exec-1] "GET /cms/log/users HTTP/1.1" DEBUG o.s.w.s.m.m.a.RequestResponseBodyMethodProcessor - Writing [PageResponseVO(total=0, items=[], page=0, count=5)]
2021-04-12 21:38:24.789 [http-nio-5000-exec-1] "GET /cms/log/users HTTP/1.1" DEBUG org.springframework.web.servlet.DispatcherServlet - Completed 200 OK
2021-04-12 21:38:24.799 [http-nio-5000-exec-2] "GET /cms/log HTTP/1.1" DEBUG org.springframework.web.servlet.DispatcherServlet - GET "/cms/log?count=15&page=0", parameters={masked}
2021-04-12 21:38:24.800 [http-nio-5000-exec-2] "GET /cms/log HTTP/1.1" DEBUG o.s.w.s.m.m.a.RequestMappingHandlerMapping - Mapped to io.github.talelin.latticy.controller.cms.LogController#getLogs(Date, Date, String, Integer, Integer)
2021-04-12 21:38:24.801 [http-nio-5000-exec-2] "GET /cms/log HTTP/1.1" DEBUG i.g.talelin.latticy.mapper.UserMapper.selectById - ==>  Preparing: SELECT id,username,nickname,avatar,email,create_time,update_time,delete_time FROM lin_user WHERE id=? AND delete_time IS NULL
2021-04-12 21:38:24.806 [http-nio-5000-exec-2] "GET /cms/log HTTP/1.1" DEBUG i.g.talelin.latticy.mapper.UserMapper.selectById - ==> Parameters: 1(Integer)
2021-04-12 21:38:24.842 [http-nio-5000-exec-2] "GET /cms/log HTTP/1.1" DEBUG i.g.talelin.latticy.mapper.UserMapper.selectById - <==      Total: 1
2021-04-12 21:38:24.844 [http-nio-5000-exec-2] "GET /cms/log HTTP/1.1" DEBUG i.g.talelin.latticy.mapper.GroupMapper.selectOne - ==>  Preparing: SELECT id,name,info,`level`,create_time,update_time,delete_time FROM lin_group WHERE delete_time IS NULL AND (`level` = ?)
2021-04-12 21:38:24.844 [http-nio-5000-exec-2] "GET /cms/log HTTP/1.1" DEBUG i.g.talelin.latticy.mapper.GroupMapper.selectOne - ==> Parameters: 1(Integer)
2021-04-12 21:38:24.883 [http-nio-5000-exec-2] "GET /cms/log HTTP/1.1" DEBUG i.g.talelin.latticy.mapper.GroupMapper.selectOne - <==      Total: 1
2021-04-12 21:38:24.884 [http-nio-5000-exec-2] "GET /cms/log HTTP/1.1" DEBUG i.g.t.latticy.mapper.UserGroupMapper.selectOne - ==>  Preparing: SELECT id,user_id,group_id FROM lin_user_group WHERE (user_id = ? AND group_id = ?)
2021-04-12 21:38:24.885 [http-nio-5000-exec-2] "GET /cms/log HTTP/1.1" DEBUG i.g.t.latticy.mapper.UserGroupMapper.selectOne - ==> Parameters: 1(Integer), 1(Integer)
2021-04-12 21:38:24.926 [http-nio-5000-exec-2] "GET /cms/log HTTP/1.1" DEBUG i.g.t.latticy.mapper.UserGroupMapper.selectOne - <==      Total: 1
2021-04-12 21:38:24.929 [http-nio-5000-exec-2] "GET /cms/log HTTP/1.1" DEBUG i.g.t.l.m.LogMapper.findLogsByUsernameAndRange - ==>  Preparing: SELECT COUNT(1) FROM lin_log l WHERE l.delete_time IS NULL
2021-04-12 21:38:24.929 [http-nio-5000-exec-2] "GET /cms/log HTTP/1.1" DEBUG i.g.t.l.m.LogMapper.findLogsByUsernameAndRange - ==> Parameters: 
2021-04-12 21:38:24.966 [http-nio-5000-exec-2] "GET /cms/log HTTP/1.1" DEBUG o.s.w.s.m.m.a.RequestResponseBodyMethodProcessor - Using 'application/json', given [application/json, text/plain, */*] and supported [application/json, application/*+json, application/json, application/*+json]
2021-04-12 21:38:24.966 [http-nio-5000-exec-2] "GET /cms/log HTTP/1.1" DEBUG o.s.w.s.m.m.a.RequestResponseBodyMethodProcessor - Writing [PageResponseVO(total=0, items=[], page=0, count=15)]
2021-04-12 21:38:24.967 [http-nio-5000-exec-2] "GET /cms/log HTTP/1.1" DEBUG org.springframework.web.servlet.DispatcherServlet - Completed 200 OK
2021-04-12 21:38:25.427 [http-nio-5000-exec-3] "GET /v1/book HTTP/1.1" DEBUG org.springframework.web.servlet.DispatcherServlet - GET "/v1/book", parameters={}
2021-04-12 21:38:25.428 [http-nio-5000-exec-3] "GET /v1/book HTTP/1.1" DEBUG o.s.w.s.m.m.a.RequestMappingHandlerMapping - Mapped to io.github.talelin.latticy.controller.v1.BookController#getBooks()
2021-04-12 21:38:25.429 [http-nio-5000-exec-3] "GET /v1/book HTTP/1.1" DEBUG i.g.talelin.latticy.mapper.BookMapper.selectList - ==>  Preparing: SELECT id,title,author,summary,image,create_time,update_time,delete_time FROM book WHERE delete_time IS NULL
2021-04-12 21:38:25.430 [http-nio-5000-exec-3] "GET /v1/book HTTP/1.1" DEBUG i.g.talelin.latticy.mapper.BookMapper.selectList - ==> Parameters: 
2021-04-12 21:38:25.469 [http-nio-5000-exec-3] "GET /v1/book HTTP/1.1" DEBUG i.g.talelin.latticy.mapper.BookMapper.selectList - <==      Total: 3
2021-04-12 21:38:25.470 [http-nio-5000-exec-3] "GET /v1/book HTTP/1.1" DEBUG o.s.w.s.m.m.a.RequestResponseBodyMethodProcessor - Using 'application/json', given [application/json, text/plain, */*] and supported [application/json, application/*+json, application/json, application/*+json]
2021-04-12 21:38:25.471 [http-nio-5000-exec-3] "GET /v1/book HTTP/1.1" DEBUG o.s.w.s.m.m.a.RequestResponseBodyMethodProcessor - Writing [[BookDO(title=深入理解计算机系统, author=Randal E.Bryant, summary=从程序员的视角，看计算机系统！
本书适用于那些想要写出更快、更可靠程序的程序员。通过掌 (truncated)...]
2021-04-12 21:38:25.478 [http-nio-5000-exec-3] "GET /v1/book HTTP/1.1" DEBUG org.springframework.web.servlet.DispatcherServlet - Completed 200 OK
2021-04-12 21:38:30.633 [http-nio-5000-exec-5] "GET /cms/log/users HTTP/1.1" DEBUG org.springframework.web.servlet.DispatcherServlet - GET "/cms/log/users?count=5&page=0", parameters={masked}
2021-04-12 21:38:30.634 [http-nio-5000-exec-5] "GET /cms/log/users HTTP/1.1" DEBUG o.s.w.s.m.m.a.RequestMappingHandlerMapping - Mapped to io.github.talelin.latticy.controller.cms.LogController#getUsers(Integer, Integer)
2021-04-12 21:38:30.671 [http-nio-5000-exec-5] "GET /cms/log/users HTTP/1.1" DEBUG i.g.talelin.latticy.mapper.UserMapper.selectById - ==>  Preparing: SELECT id,username,nickname,avatar,email,create_time,update_time,delete_time FROM lin_user WHERE id=? AND delete_time IS NULL
2021-04-12 21:38:30.672 [http-nio-5000-exec-5] "GET /cms/log/users HTTP/1.1" DEBUG i.g.talelin.latticy.mapper.UserMapper.selectById - ==> Parameters: 1(Integer)
2021-04-12 21:38:30.711 [http-nio-5000-exec-5] "GET /cms/log/users HTTP/1.1" DEBUG i.g.talelin.latticy.mapper.UserMapper.selectById - <==      Total: 1
2021-04-12 21:38:30.713 [http-nio-5000-exec-5] "GET /cms/log/users HTTP/1.1" DEBUG i.g.talelin.latticy.mapper.GroupMapper.selectOne - ==>  Preparing: SELECT id,name,info,`level`,create_time,update_time,delete_time FROM lin_group WHERE delete_time IS NULL AND (`level` = ?)
2021-04-12 21:38:30.714 [http-nio-5000-exec-5] "GET /cms/log/users HTTP/1.1" DEBUG i.g.talelin.latticy.mapper.GroupMapper.selectOne - ==> Parameters: 1(Integer)
2021-04-12 21:38:30.754 [http-nio-5000-exec-5] "GET /cms/log/users HTTP/1.1" DEBUG i.g.talelin.latticy.mapper.GroupMapper.selectOne - <==      Total: 1
2021-04-12 21:38:30.755 [http-nio-5000-exec-5] "GET /cms/log/users HTTP/1.1" DEBUG i.g.t.latticy.mapper.UserGroupMapper.selectOne - ==>  Preparing: SELECT id,user_id,group_id FROM lin_user_group WHERE (user_id = ? AND group_id = ?)
2021-04-12 21:38:30.756 [http-nio-5000-exec-5] "GET /cms/log/users HTTP/1.1" DEBUG i.g.t.latticy.mapper.UserGroupMapper.selectOne - ==> Parameters: 1(Integer), 1(Integer)
2021-04-12 21:38:30.791 [http-nio-5000-exec-5] "GET /cms/log/users HTTP/1.1" DEBUG i.g.t.latticy.mapper.UserGroupMapper.selectOne - <==      Total: 1
2021-04-12 21:38:30.794 [http-nio-5000-exec-5] "GET /cms/log/users HTTP/1.1" DEBUG i.g.talelin.latticy.mapper.LogMapper.getUserNames - ==>  Preparing: SELECT COUNT(1) FROM (SELECT l.username FROM lin_log l WHERE l.delete_time IS NULL GROUP BY l.username HAVING COUNT(l.username) > 0) TOTAL
2021-04-12 21:38:30.794 [http-nio-5000-exec-5] "GET /cms/log/users HTTP/1.1" DEBUG i.g.talelin.latticy.mapper.LogMapper.getUserNames - ==> Parameters: 
2021-04-12 21:38:30.835 [http-nio-5000-exec-5] "GET /cms/log/users HTTP/1.1" DEBUG o.s.w.s.m.m.a.RequestResponseBodyMethodProcessor - Using 'application/json', given [application/json, text/plain, */*] and supported [application/json, application/*+json, application/json, application/*+json]
2021-04-12 21:38:30.835 [http-nio-5000-exec-5] "GET /cms/log/users HTTP/1.1" DEBUG o.s.w.s.m.m.a.RequestResponseBodyMethodProcessor - Writing [PageResponseVO(total=0, items=[], page=0, count=5)]
2021-04-12 21:38:30.836 [http-nio-5000-exec-5] "GET /cms/log/users HTTP/1.1" DEBUG org.springframework.web.servlet.DispatcherServlet - Completed 200 OK
2021-04-12 21:38:30.853 [http-nio-5000-exec-4] "GET /cms/log HTTP/1.1" DEBUG org.springframework.web.servlet.DispatcherServlet - GET "/cms/log?count=15&page=0", parameters={masked}
2021-04-12 21:38:30.854 [http-nio-5000-exec-4] "GET /cms/log HTTP/1.1" DEBUG o.s.w.s.m.m.a.RequestMappingHandlerMapping - Mapped to io.github.talelin.latticy.controller.cms.LogController#getLogs(Date, Date, String, Integer, Integer)
2021-04-12 21:38:30.861 [http-nio-5000-exec-4] "GET /cms/log HTTP/1.1" DEBUG i.g.talelin.latticy.mapper.UserMapper.selectById - ==>  Preparing: SELECT id,username,nickname,avatar,email,create_time,update_time,delete_time FROM lin_user WHERE id=? AND delete_time IS NULL
2021-04-12 21:38:30.861 [http-nio-5000-exec-4] "GET /cms/log HTTP/1.1" DEBUG i.g.talelin.latticy.mapper.UserMapper.selectById - ==> Parameters: 1(Integer)
2021-04-12 21:38:30.899 [http-nio-5000-exec-4] "GET /cms/log HTTP/1.1" DEBUG i.g.talelin.latticy.mapper.UserMapper.selectById - <==      Total: 1
2021-04-12 21:38:30.902 [http-nio-5000-exec-4] "GET /cms/log HTTP/1.1" DEBUG i.g.talelin.latticy.mapper.GroupMapper.selectOne - ==>  Preparing: SELECT id,name,info,`level`,create_time,update_time,delete_time FROM lin_group WHERE delete_time IS NULL AND (`level` = ?)
2021-04-12 21:38:30.902 [http-nio-5000-exec-4] "GET /cms/log HTTP/1.1" DEBUG i.g.talelin.latticy.mapper.GroupMapper.selectOne - ==> Parameters: 1(Integer)
2021-04-12 21:38:30.939 [http-nio-5000-exec-4] "GET /cms/log HTTP/1.1" DEBUG i.g.talelin.latticy.mapper.GroupMapper.selectOne - <==      Total: 1
2021-04-12 21:38:30.941 [http-nio-5000-exec-4] "GET /cms/log HTTP/1.1" DEBUG i.g.t.latticy.mapper.UserGroupMapper.selectOne - ==>  Preparing: SELECT id,user_id,group_id FROM lin_user_group WHERE (user_id = ? AND group_id = ?)
2021-04-12 21:38:30.941 [http-nio-5000-exec-4] "GET /cms/log HTTP/1.1" DEBUG i.g.t.latticy.mapper.UserGroupMapper.selectOne - ==> Parameters: 1(Integer), 1(Integer)
2021-04-12 21:38:30.977 [http-nio-5000-exec-4] "GET /cms/log HTTP/1.1" DEBUG i.g.t.latticy.mapper.UserGroupMapper.selectOne - <==      Total: 1
2021-04-12 21:38:30.981 [http-nio-5000-exec-4] "GET /cms/log HTTP/1.1" DEBUG i.g.t.l.m.LogMapper.findLogsByUsernameAndRange - ==>  Preparing: SELECT COUNT(1) FROM lin_log l WHERE l.delete_time IS NULL
2021-04-12 21:38:30.982 [http-nio-5000-exec-4] "GET /cms/log HTTP/1.1" DEBUG i.g.t.l.m.LogMapper.findLogsByUsernameAndRange - ==> Parameters: 
2021-04-12 21:38:31.020 [http-nio-5000-exec-4] "GET /cms/log HTTP/1.1" DEBUG o.s.w.s.m.m.a.RequestResponseBodyMethodProcessor - Using 'application/json', given [application/json, text/plain, */*] and supported [application/json, application/*+json, application/json, application/*+json]
2021-04-12 21:38:31.020 [http-nio-5000-exec-4] "GET /cms/log HTTP/1.1" DEBUG o.s.w.s.m.m.a.RequestResponseBodyMethodProcessor - Writing [PageResponseVO(total=0, items=[], page=0, count=15)]
2021-04-12 21:38:31.021 [http-nio-5000-exec-4] "GET /cms/log HTTP/1.1" DEBUG org.springframework.web.servlet.DispatcherServlet - Completed 200 OK
2021-04-12 21:38:34.690 [http-nio-5000-exec-6] "OPTIONS /cms/admin/users HTTP/1.1" DEBUG org.springframework.web.servlet.DispatcherServlet - OPTIONS "/cms/admin/users?count=10&page=0", parameters={masked}
2021-04-12 21:38:34.690 [http-nio-5000-exec-6] "OPTIONS /cms/admin/users HTTP/1.1" DEBUG o.s.w.s.m.m.a.RequestMappingHandlerMapping - Mapped to io.github.talelin.latticy.controller.cms.AdminController#getUsers(Integer, Integer, Integer)
2021-04-12 21:38:34.691 [http-nio-5000-exec-6] "OPTIONS /cms/admin/users HTTP/1.1" DEBUG org.springframework.web.servlet.DispatcherServlet - Completed 200 OK
2021-04-12 21:38:34.696 [http-nio-5000-exec-7] "GET /cms/admin/users HTTP/1.1" DEBUG org.springframework.web.servlet.DispatcherServlet - GET "/cms/admin/users?count=10&page=0", parameters={masked}
2021-04-12 21:38:34.696 [http-nio-5000-exec-7] "GET /cms/admin/users HTTP/1.1" DEBUG o.s.w.s.m.m.a.RequestMappingHandlerMapping - Mapped to io.github.talelin.latticy.controller.cms.AdminController#getUsers(Integer, Integer, Integer)
2021-04-12 21:38:34.747 [http-nio-5000-exec-7] "GET /cms/admin/users HTTP/1.1" DEBUG i.g.talelin.latticy.mapper.UserMapper.selectById - ==>  Preparing: SELECT id,username,nickname,avatar,email,create_time,update_time,delete_time FROM lin_user WHERE id=? AND delete_time IS NULL
2021-04-12 21:38:34.748 [http-nio-5000-exec-7] "GET /cms/admin/users HTTP/1.1" DEBUG i.g.talelin.latticy.mapper.UserMapper.selectById - ==> Parameters: 1(Integer)
2021-04-12 21:38:34.789 [http-nio-5000-exec-7] "GET /cms/admin/users HTTP/1.1" DEBUG i.g.talelin.latticy.mapper.UserMapper.selectById - <==      Total: 1
2021-04-12 21:38:34.790 [http-nio-5000-exec-7] "GET /cms/admin/users HTTP/1.1" DEBUG i.g.talelin.latticy.mapper.GroupMapper.selectOne - ==>  Preparing: SELECT id,name,info,`level`,create_time,update_time,delete_time FROM lin_group WHERE delete_time IS NULL AND (`level` = ?)
2021-04-12 21:38:34.791 [http-nio-5000-exec-7] "GET /cms/admin/users HTTP/1.1" DEBUG i.g.talelin.latticy.mapper.GroupMapper.selectOne - ==> Parameters: 1(Integer)
2021-04-12 21:38:34.834 [http-nio-5000-exec-7] "GET /cms/admin/users HTTP/1.1" DEBUG i.g.talelin.latticy.mapper.GroupMapper.selectOne - <==      Total: 1
2021-04-12 21:38:34.835 [http-nio-5000-exec-7] "GET /cms/admin/users HTTP/1.1" DEBUG i.g.t.latticy.mapper.UserGroupMapper.selectOne - ==>  Preparing: SELECT id,user_id,group_id FROM lin_user_group WHERE (user_id = ? AND group_id = ?)
2021-04-12 21:38:34.836 [http-nio-5000-exec-7] "GET /cms/admin/users HTTP/1.1" DEBUG i.g.t.latticy.mapper.UserGroupMapper.selectOne - ==> Parameters: 1(Integer), 1(Integer)
2021-04-12 21:38:34.873 [http-nio-5000-exec-7] "GET /cms/admin/users HTTP/1.1" DEBUG i.g.t.latticy.mapper.UserGroupMapper.selectOne - <==      Total: 1
2021-04-12 21:38:34.894 [http-nio-5000-exec-7] "GET /cms/admin/users HTTP/1.1" DEBUG i.g.talelin.latticy.mapper.GroupMapper.selectOne - ==>  Preparing: SELECT id,name,info,`level`,create_time,update_time,delete_time FROM lin_group WHERE delete_time IS NULL AND (`level` = ?)
2021-04-12 21:38:34.894 [http-nio-5000-exec-7] "GET /cms/admin/users HTTP/1.1" DEBUG i.g.talelin.latticy.mapper.GroupMapper.selectOne - ==> Parameters: 1(Integer)
2021-04-12 21:38:34.933 [http-nio-5000-exec-7] "GET /cms/admin/users HTTP/1.1" DEBUG i.g.talelin.latticy.mapper.GroupMapper.selectOne - <==      Total: 1
2021-04-12 21:38:34.937 [http-nio-5000-exec-7] "GET /cms/admin/users HTTP/1.1" DEBUG i.g.t.latticy.mapper.UserGroupMapper.selectOne - ==>  Preparing: SELECT id,user_id,group_id FROM lin_user_group WHERE (group_id = ?)
2021-04-12 21:38:34.937 [http-nio-5000-exec-7] "GET /cms/admin/users HTTP/1.1" DEBUG i.g.t.latticy.mapper.UserGroupMapper.selectOne - ==> Parameters: 1(Integer)
2021-04-12 21:38:35.241 [http-nio-5000-exec-7] "GET /cms/admin/users HTTP/1.1" DEBUG i.g.t.latticy.mapper.UserGroupMapper.selectOne - <==      Total: 1
2021-04-12 21:38:35.248 [http-nio-5000-exec-7] "GET /cms/admin/users HTTP/1.1" DEBUG i.g.talelin.latticy.mapper.UserMapper.selectPage - ==>  Preparing: SELECT COUNT(1) FROM lin_user WHERE delete_time IS NULL AND (id <> ?)
2021-04-12 21:38:35.249 [http-nio-5000-exec-7] "GET /cms/admin/users HTTP/1.1" DEBUG i.g.talelin.latticy.mapper.UserMapper.selectPage - ==> Parameters: 1(Integer)
2021-04-12 21:38:35.286 [http-nio-5000-exec-7] "GET /cms/admin/users HTTP/1.1" DEBUG o.s.w.s.m.m.a.RequestResponseBodyMethodProcessor - Using 'application/json', given [application/json, text/plain, */*] and supported [application/json, application/*+json, application/json, application/*+json]
2021-04-12 21:38:35.286 [http-nio-5000-exec-7] "GET /cms/admin/users HTTP/1.1" DEBUG o.s.w.s.m.m.a.RequestResponseBodyMethodProcessor - Writing [PageResponseVO(total=0, items=[], page=0, count=10)]
2021-04-12 21:38:35.288 [http-nio-5000-exec-7] "GET /cms/admin/users HTTP/1.1" DEBUG org.springframework.web.servlet.DispatcherServlet - Completed 200 OK
2021-04-12 21:38:35.320 [http-nio-5000-exec-9] "OPTIONS /cms/admin/group/all HTTP/1.1" DEBUG org.springframework.web.servlet.DispatcherServlet - OPTIONS "/cms/admin/group/all", parameters={}
2021-04-12 21:38:35.320 [http-nio-5000-exec-9] "OPTIONS /cms/admin/group/all HTTP/1.1" DEBUG o.s.w.s.m.m.a.RequestMappingHandlerMapping - Mapped to io.github.talelin.latticy.controller.cms.AdminController#getAllGroup()
2021-04-12 21:38:35.321 [http-nio-5000-exec-9] "OPTIONS /cms/admin/group/all HTTP/1.1" DEBUG org.springframework.web.servlet.DispatcherServlet - Completed 200 OK
2021-04-12 21:38:35.325 [http-nio-5000-exec-8] "GET /cms/admin/group/all HTTP/1.1" DEBUG org.springframework.web.servlet.DispatcherServlet - GET "/cms/admin/group/all", parameters={}
2021-04-12 21:38:35.325 [http-nio-5000-exec-8] "GET /cms/admin/group/all HTTP/1.1" DEBUG o.s.w.s.m.m.a.RequestMappingHandlerMapping - Mapped to io.github.talelin.latticy.controller.cms.AdminController#getAllGroup()
2021-04-12 21:38:35.326 [http-nio-5000-exec-8] "GET /cms/admin/group/all HTTP/1.1" DEBUG i.g.talelin.latticy.mapper.UserMapper.selectById - ==>  Preparing: SELECT id,username,nickname,avatar,email,create_time,update_time,delete_time FROM lin_user WHERE id=? AND delete_time IS NULL
2021-04-12 21:38:35.326 [http-nio-5000-exec-8] "GET /cms/admin/group/all HTTP/1.1" DEBUG i.g.talelin.latticy.mapper.UserMapper.selectById - ==> Parameters: 1(Integer)
2021-04-12 21:38:35.363 [http-nio-5000-exec-8] "GET /cms/admin/group/all HTTP/1.1" DEBUG i.g.talelin.latticy.mapper.UserMapper.selectById - <==      Total: 1
2021-04-12 21:38:35.364 [http-nio-5000-exec-8] "GET /cms/admin/group/all HTTP/1.1" DEBUG i.g.talelin.latticy.mapper.GroupMapper.selectOne - ==>  Preparing: SELECT id,name,info,`level`,create_time,update_time,delete_time FROM lin_group WHERE delete_time IS NULL AND (`level` = ?)
2021-04-12 21:38:35.365 [http-nio-5000-exec-8] "GET /cms/admin/group/all HTTP/1.1" DEBUG i.g.talelin.latticy.mapper.GroupMapper.selectOne - ==> Parameters: 1(Integer)
2021-04-12 21:38:35.400 [http-nio-5000-exec-8] "GET /cms/admin/group/all HTTP/1.1" DEBUG i.g.talelin.latticy.mapper.GroupMapper.selectOne - <==      Total: 1
2021-04-12 21:38:35.402 [http-nio-5000-exec-8] "GET /cms/admin/group/all HTTP/1.1" DEBUG i.g.t.latticy.mapper.UserGroupMapper.selectOne - ==>  Preparing: SELECT id,user_id,group_id FROM lin_user_group WHERE (user_id = ? AND group_id = ?)
2021-04-12 21:38:35.402 [http-nio-5000-exec-8] "GET /cms/admin/group/all HTTP/1.1" DEBUG i.g.t.latticy.mapper.UserGroupMapper.selectOne - ==> Parameters: 1(Integer), 1(Integer)
2021-04-12 21:38:35.440 [http-nio-5000-exec-8] "GET /cms/admin/group/all HTTP/1.1" DEBUG i.g.t.latticy.mapper.UserGroupMapper.selectOne - <==      Total: 1
2021-04-12 21:38:35.442 [http-nio-5000-exec-8] "GET /cms/admin/group/all HTTP/1.1" DEBUG i.g.talelin.latticy.mapper.GroupMapper.selectOne - ==>  Preparing: SELECT id,name,info,`level`,create_time,update_time,delete_time FROM lin_group WHERE delete_time IS NULL AND (`level` = ?)
2021-04-12 21:38:35.443 [http-nio-5000-exec-8] "GET /cms/admin/group/all HTTP/1.1" DEBUG i.g.talelin.latticy.mapper.GroupMapper.selectOne - ==> Parameters: 1(Integer)
2021-04-12 21:38:35.479 [http-nio-5000-exec-8] "GET /cms/admin/group/all HTTP/1.1" DEBUG i.g.talelin.latticy.mapper.GroupMapper.selectOne - <==      Total: 1
2021-04-12 21:38:35.482 [http-nio-5000-exec-8] "GET /cms/admin/group/all HTTP/1.1" DEBUG i.g.talelin.latticy.mapper.GroupMapper.selectList - ==>  Preparing: SELECT id,name,info,`level`,create_time,update_time,delete_time FROM lin_group WHERE delete_time IS NULL AND (id <> ?)
2021-04-12 21:38:35.483 [http-nio-5000-exec-8] "GET /cms/admin/group/all HTTP/1.1" DEBUG i.g.talelin.latticy.mapper.GroupMapper.selectList - ==> Parameters: 1(Integer)
2021-04-12 21:38:35.521 [http-nio-5000-exec-8] "GET /cms/admin/group/all HTTP/1.1" DEBUG i.g.talelin.latticy.mapper.GroupMapper.selectList - <==      Total: 1
2021-04-12 21:38:35.522 [http-nio-5000-exec-8] "GET /cms/admin/group/all HTTP/1.1" DEBUG o.s.w.s.m.m.a.RequestResponseBodyMethodProcessor - Using 'application/json', given [application/json, text/plain, */*] and supported [application/json, application/*+json, application/json, application/*+json]
2021-04-12 21:38:35.522 [http-nio-5000-exec-8] "GET /cms/admin/group/all HTTP/1.1" DEBUG o.s.w.s.m.m.a.RequestResponseBodyMethodProcessor - Writing [[GroupDO(name=guest, info=游客组, level=GUEST)]]
2021-04-12 21:38:35.529 [http-nio-5000-exec-8] "GET /cms/admin/group/all HTTP/1.1" DEBUG org.springframework.web.servlet.DispatcherServlet - Completed 200 OK
2021-04-12 21:38:37.427 [http-nio-5000-exec-10] "GET /cms/admin/group/all HTTP/1.1" DEBUG org.springframework.web.servlet.DispatcherServlet - GET "/cms/admin/group/all", parameters={}
2021-04-12 21:38:37.428 [http-nio-5000-exec-10] "GET /cms/admin/group/all HTTP/1.1" DEBUG o.s.w.s.m.m.a.RequestMappingHandlerMapping - Mapped to io.github.talelin.latticy.controller.cms.AdminController#getAllGroup()
2021-04-12 21:38:37.465 [http-nio-5000-exec-10] "GET /cms/admin/group/all HTTP/1.1" DEBUG i.g.talelin.latticy.mapper.UserMapper.selectById - ==>  Preparing: SELECT id,username,nickname,avatar,email,create_time,update_time,delete_time FROM lin_user WHERE id=? AND delete_time IS NULL
2021-04-12 21:38:37.465 [http-nio-5000-exec-10] "GET /cms/admin/group/all HTTP/1.1" DEBUG i.g.talelin.latticy.mapper.UserMapper.selectById - ==> Parameters: 1(Integer)
2021-04-12 21:38:37.502 [http-nio-5000-exec-10] "GET /cms/admin/group/all HTTP/1.1" DEBUG i.g.talelin.latticy.mapper.UserMapper.selectById - <==      Total: 1
2021-04-12 21:38:37.505 [http-nio-5000-exec-10] "GET /cms/admin/group/all HTTP/1.1" DEBUG i.g.talelin.latticy.mapper.GroupMapper.selectOne - ==>  Preparing: SELECT id,name,info,`level`,create_time,update_time,delete_time FROM lin_group WHERE delete_time IS NULL AND (`level` = ?)
2021-04-12 21:38:37.505 [http-nio-5000-exec-10] "GET /cms/admin/group/all HTTP/1.1" DEBUG i.g.talelin.latticy.mapper.GroupMapper.selectOne - ==> Parameters: 1(Integer)
2021-04-12 21:38:37.542 [http-nio-5000-exec-10] "GET /cms/admin/group/all HTTP/1.1" DEBUG i.g.talelin.latticy.mapper.GroupMapper.selectOne - <==      Total: 1
2021-04-12 21:38:37.545 [http-nio-5000-exec-10] "GET /cms/admin/group/all HTTP/1.1" DEBUG i.g.t.latticy.mapper.UserGroupMapper.selectOne - ==>  Preparing: SELECT id,user_id,group_id FROM lin_user_group WHERE (user_id = ? AND group_id = ?)
2021-04-12 21:38:37.546 [http-nio-5000-exec-10] "GET /cms/admin/group/all HTTP/1.1" DEBUG i.g.t.latticy.mapper.UserGroupMapper.selectOne - ==> Parameters: 1(Integer), 1(Integer)
2021-04-12 21:38:37.583 [http-nio-5000-exec-10] "GET /cms/admin/group/all HTTP/1.1" DEBUG i.g.t.latticy.mapper.UserGroupMapper.selectOne - <==      Total: 1
2021-04-12 21:38:37.584 [http-nio-5000-exec-10] "GET /cms/admin/group/all HTTP/1.1" DEBUG i.g.talelin.latticy.mapper.GroupMapper.selectOne - ==>  Preparing: SELECT id,name,info,`level`,create_time,update_time,delete_time FROM lin_group WHERE delete_time IS NULL AND (`level` = ?)
2021-04-12 21:38:37.585 [http-nio-5000-exec-10] "GET /cms/admin/group/all HTTP/1.1" DEBUG i.g.talelin.latticy.mapper.GroupMapper.selectOne - ==> Parameters: 1(Integer)
2021-04-12 21:38:37.623 [http-nio-5000-exec-10] "GET /cms/admin/group/all HTTP/1.1" DEBUG i.g.talelin.latticy.mapper.GroupMapper.selectOne - <==      Total: 1
2021-04-12 21:38:37.624 [http-nio-5000-exec-10] "GET /cms/admin/group/all HTTP/1.1" DEBUG i.g.talelin.latticy.mapper.GroupMapper.selectList - ==>  Preparing: SELECT id,name,info,`level`,create_time,update_time,delete_time FROM lin_group WHERE delete_time IS NULL AND (id <> ?)
2021-04-12 21:38:37.624 [http-nio-5000-exec-10] "GET /cms/admin/group/all HTTP/1.1" DEBUG i.g.talelin.latticy.mapper.GroupMapper.selectList - ==> Parameters: 1(Integer)
2021-04-12 21:38:37.670 [http-nio-5000-exec-10] "GET /cms/admin/group/all HTTP/1.1" DEBUG i.g.talelin.latticy.mapper.GroupMapper.selectList - <==      Total: 1
2021-04-12 21:38:37.670 [http-nio-5000-exec-10] "GET /cms/admin/group/all HTTP/1.1" DEBUG o.s.w.s.m.m.a.RequestResponseBodyMethodProcessor - Using 'application/json', given [application/json, text/plain, */*] and supported [application/json, application/*+json, application/json, application/*+json]
2021-04-12 21:38:37.670 [http-nio-5000-exec-10] "GET /cms/admin/group/all HTTP/1.1" DEBUG o.s.w.s.m.m.a.RequestResponseBodyMethodProcessor - Writing [[GroupDO(name=guest, info=游客组, level=GUEST)]]
2021-04-12 21:38:37.671 [http-nio-5000-exec-10] "GET /cms/admin/group/all HTTP/1.1" DEBUG org.springframework.web.servlet.DispatcherServlet - Completed 200 OK
2021-04-12 21:44:50.886 [http-nio-5000-exec-2] "GET /v1/book HTTP/1.1" DEBUG org.springframework.web.servlet.DispatcherServlet - GET "/v1/book", parameters={}
2021-04-12 21:44:50.887 [http-nio-5000-exec-2] "GET /v1/book HTTP/1.1" DEBUG o.s.w.s.m.m.a.RequestMappingHandlerMapping - Mapped to io.github.talelin.latticy.controller.v1.BookController#getBooks()
2021-04-12 21:45:21.013 [http-nio-5000-exec-2] "GET /v1/book HTTP/1.1" DEBUG o.s.w.s.m.m.a.ExceptionHandlerExceptionResolver - Using @ExceptionHandler io.github.talelin.latticy.common.exception.RestExceptionHandler#processException(Exception, HttpServletRequest, HttpServletResponse)
2021-04-12 21:45:21.029 [http-nio-5000-exec-2] "GET /v1/book HTTP/1.1" DEBUG o.s.w.s.m.m.a.RequestResponseBodyMethodProcessor - Using 'application/json', given [application/json, text/plain, */*] and supported [application/json, application/*+json, application/json, application/*+json]
2021-04-12 21:45:21.030 [http-nio-5000-exec-2] "GET /v1/book HTTP/1.1" DEBUG o.s.w.s.m.m.a.RequestResponseBodyMethodProcessor - Writing [UnifyResponseVO(code=9999, message=服务器未知错误, request=GET /v1/book)]
2021-04-12 21:45:21.031 [http-nio-5000-exec-2] "GET /v1/book HTTP/1.1" DEBUG o.s.w.s.m.m.a.ExceptionHandlerExceptionResolver - Resolved [org.mybatis.spring.MyBatisSystemException: nested exception is org.apache.ibatis.exceptions.PersistenceException: 
### Error querying database.  Cause: org.springframework.jdbc.CannotGetJdbcConnectionException: Failed to obtain JDBC Connection; nested exception is java.sql.SQLTransientConnectionException: HikariPool-1 - Connection is not available, request timed out after 30104ms.
### The error may exist in io/github/talelin/latticy/mapper/BookMapper.java (best guess)
### The error may involve io.github.talelin.latticy.mapper.BookMapper.selectList
### The error occurred while executing a query
### Cause: org.springframework.jdbc.CannotGetJdbcConnectionException: Failed to obtain JDBC Connection; nested exception is java.sql.SQLTransientConnectionException: HikariPool-1 - Connection is not available, request timed out after 30104ms.]
2021-04-12 21:45:21.031 [http-nio-5000-exec-2] "GET /v1/book HTTP/1.1" DEBUG org.springframework.web.servlet.DispatcherServlet - Completed 500 INTERNAL_SERVER_ERROR
