2021-04-18 09:37:23.111 [background-preinit] "  " INFO  org.hibernate.validator.internal.util.Version - HV000001: Hibernate Validator 6.1.5.Final
2021-04-18 09:37:23.170 [main] "  " INFO  io.github.talelin.latticy.LatticyApplication - Starting LatticyApplication on LAPTOP-GHF38DLF with PID 11536 (E:\hfuuCode\MedicineRec\target\classes started by 梦有心相伴 in E:\hfuuCode\MedicineRec)
2021-04-18 09:37:23.170 [main] "  " INFO  io.github.talelin.latticy.LatticyApplication - The following profiles are active: dev
2021-04-18 09:37:26.062 [main] "  " INFO  o.s.c.s.PostProcessorRegistrationDelegate$BeanPostProcessorChecker - Bean 'commonConfiguration' of type [io.github.talelin.latticy.common.configuration.CommonConfiguration] is not eligible for getting processed by all BeanPostProcessors (for example: not eligible for auto-proxying)
2021-04-18 09:37:28.589 [main] "  " INFO  o.s.boot.web.embedded.tomcat.TomcatWebServer - Tomcat initialized with port(s): 5000 (http)
2021-04-18 09:37:28.599 [main] "  " INFO  org.apache.coyote.http11.Http11NioProtocol - Initializing ProtocolHandler ["http-nio-5000"]
2021-04-18 09:37:28.600 [main] "  " INFO  org.apache.catalina.core.StandardService - Starting service [Tomcat]
2021-04-18 09:37:28.600 [main] "  " INFO  org.apache.catalina.core.StandardEngine - Starting Servlet engine: [Apache Tomcat/9.0.37]
2021-04-18 09:37:28.602 [main] "  " INFO  org.apache.catalina.core.AprLifecycleListener - An older version [1.2.21] of the Apache Tomcat Native library is installed, while Tomcat recommends a minimum version of [1.2.23]
2021-04-18 09:37:28.602 [main] "  " INFO  org.apache.catalina.core.AprLifecycleListener - Loaded Apache Tomcat Native library [1.2.21] using APR version [1.6.5].
2021-04-18 09:37:28.603 [main] "  " INFO  org.apache.catalina.core.AprLifecycleListener - APR capabilities: IPv6 [true], sendfile [true], accept filters [false], random [true].
2021-04-18 09:37:28.603 [main] "  " INFO  org.apache.catalina.core.AprLifecycleListener - APR/OpenSSL configuration: useAprConnector [false], useOpenSSL [true]
2021-04-18 09:37:29.721 [main] "  " INFO  org.apache.catalina.core.AprLifecycleListener - OpenSSL successfully initialized [OpenSSL 1.1.1a  20 Nov 2018]
2021-04-18 09:37:29.923 [main] "  " INFO  o.a.c.core.ContainerBase.[Tomcat].[localhost].[/] - Initializing Spring embedded WebApplicationContext
2021-04-18 09:37:29.923 [main] "  " INFO  o.s.b.w.s.c.ServletWebServerApplicationContext - Root WebApplicationContext: initialization completed in 6704 ms
2021-04-18 09:37:31.482 [main] "  " INFO  com.zaxxer.hikari.HikariDataSource - HikariPool-1 - Starting...
2021-04-18 09:37:32.269 [main] "  " INFO  com.zaxxer.hikari.HikariDataSource - HikariPool-1 - Start completed.
2021-04-18 09:37:34.668 [main] "  " INFO  o.s.scheduling.concurrent.ThreadPoolTaskExecutor - Initializing ExecutorService 'applicationTaskExecutor'
2021-04-18 09:37:34.970 [main] "  " INFO  org.apache.coyote.http11.Http11NioProtocol - Starting ProtocolHandler ["http-nio-5000"]
2021-04-18 09:37:35.012 [main] "  " INFO  o.s.boot.web.embedded.tomcat.TomcatWebServer - Tomcat started on port(s): 5000 (http) with context path ''
2021-04-18 09:37:35.913 [main] "  " INFO  io.github.talelin.latticy.LatticyApplication - Started LatticyApplication in 13.524 seconds (JVM running for 16.487)
2021-04-18 10:43:27.620 [http-nio-5000-exec-1] "  " INFO  o.a.c.core.ContainerBase.[Tomcat].[localhost].[/] - Initializing Spring DispatcherServlet 'dispatcherServlet'
2021-04-18 10:43:27.622 [http-nio-5000-exec-1] "  " INFO  org.springframework.web.servlet.DispatcherServlet - Initializing Servlet 'dispatcherServlet'
2021-04-18 10:43:27.641 [http-nio-5000-exec-1] "  " INFO  org.springframework.web.servlet.DispatcherServlet - Completed initialization in 19 ms
2021-04-18 10:43:27.683 [http-nio-5000-exec-1] "OPTIONS /cms/log/users HTTP/1.1" INFO  i.g.t.l.common.interceptor.RequestLogInterceptor - [OPTIONS] -> [/cms/log/users] from: 127.0.0.1 costs: 23ms
2021-04-18 10:43:28.578 [http-nio-5000-exec-3] "OPTIONS /cms/user/refresh HTTP/1.1" INFO  i.g.t.l.common.interceptor.RequestLogInterceptor - [OPTIONS] -> [/cms/user/refresh] from: 127.0.0.1 costs: 0ms
2021-04-18 14:24:20.857 [background-preinit] "  " INFO  org.hibernate.validator.internal.util.Version - HV000001: Hibernate Validator 6.1.5.Final
2021-04-18 14:24:20.931 [main] "  " INFO  io.github.talelin.latticy.LatticyApplication - Starting LatticyApplication on LAPTOP-GHF38DLF with PID 18852 (E:\hfuuCode\MedicineRec\target\classes started by 梦有心相伴 in E:\hfuuCode\MedicineRec)
2021-04-18 14:24:20.932 [main] "  " INFO  io.github.talelin.latticy.LatticyApplication - The following profiles are active: dev
2021-04-18 14:24:22.313 [main] "  " INFO  o.s.c.s.PostProcessorRegistrationDelegate$BeanPostProcessorChecker - Bean 'commonConfiguration' of type [io.github.talelin.latticy.common.configuration.CommonConfiguration] is not eligible for getting processed by all BeanPostProcessors (for example: not eligible for auto-proxying)
2021-04-18 14:24:22.588 [main] "  " INFO  o.s.boot.web.embedded.tomcat.TomcatWebServer - Tomcat initialized with port(s): 5000 (http)
2021-04-18 14:24:22.597 [main] "  " INFO  org.apache.coyote.http11.Http11NioProtocol - Initializing ProtocolHandler ["http-nio-5000"]
2021-04-18 14:24:22.597 [main] "  " INFO  org.apache.catalina.core.StandardService - Starting service [Tomcat]
2021-04-18 14:24:22.598 [main] "  " INFO  org.apache.catalina.core.StandardEngine - Starting Servlet engine: [Apache Tomcat/9.0.37]
2021-04-18 14:24:22.601 [main] "  " INFO  org.apache.catalina.core.AprLifecycleListener - An older version [1.2.21] of the Apache Tomcat Native library is installed, while Tomcat recommends a minimum version of [1.2.23]
2021-04-18 14:24:22.602 [main] "  " INFO  org.apache.catalina.core.AprLifecycleListener - Loaded Apache Tomcat Native library [1.2.21] using APR version [1.6.5].
2021-04-18 14:24:22.602 [main] "  " INFO  org.apache.catalina.core.AprLifecycleListener - APR capabilities: IPv6 [true], sendfile [true], accept filters [false], random [true].
2021-04-18 14:24:22.602 [main] "  " INFO  org.apache.catalina.core.AprLifecycleListener - APR/OpenSSL configuration: useAprConnector [false], useOpenSSL [true]
2021-04-18 14:24:22.606 [main] "  " INFO  org.apache.catalina.core.AprLifecycleListener - OpenSSL successfully initialized [OpenSSL 1.1.1a  20 Nov 2018]
2021-04-18 14:24:22.724 [main] "  " INFO  o.a.c.core.ContainerBase.[Tomcat].[localhost].[/] - Initializing Spring embedded WebApplicationContext
2021-04-18 14:24:22.725 [main] "  " INFO  o.s.b.w.s.c.ServletWebServerApplicationContext - Root WebApplicationContext: initialization completed in 1676 ms
2021-04-18 14:24:23.087 [main] "  " INFO  com.zaxxer.hikari.HikariDataSource - HikariPool-1 - Starting...
2021-04-18 14:24:24.013 [main] "  " INFO  com.zaxxer.hikari.HikariDataSource - HikariPool-1 - Start completed.
2021-04-18 14:24:26.324 [main] "  " INFO  o.s.scheduling.concurrent.ThreadPoolTaskExecutor - Initializing ExecutorService 'applicationTaskExecutor'
2021-04-18 14:24:26.624 [main] "  " INFO  org.apache.coyote.http11.Http11NioProtocol - Starting ProtocolHandler ["http-nio-5000"]
2021-04-18 14:24:26.658 [main] "  " INFO  o.s.boot.web.embedded.tomcat.TomcatWebServer - Tomcat started on port(s): 5000 (http) with context path ''
2021-04-18 14:24:27.796 [main] "  " INFO  io.github.talelin.latticy.LatticyApplication - Started LatticyApplication in 7.779 seconds (JVM running for 10.071)
2021-04-18 15:36:30.842 [http-nio-5000-exec-1] "  " INFO  o.a.c.core.ContainerBase.[Tomcat].[localhost].[/] - Initializing Spring DispatcherServlet 'dispatcherServlet'
2021-04-18 15:36:30.842 [http-nio-5000-exec-1] "  " INFO  org.springframework.web.servlet.DispatcherServlet - Initializing Servlet 'dispatcherServlet'
2021-04-18 15:36:30.858 [http-nio-5000-exec-1] "  " INFO  org.springframework.web.servlet.DispatcherServlet - Completed initialization in 15 ms
2021-04-18 15:36:30.888 [http-nio-5000-exec-1] "OPTIONS /cms/log/users HTTP/1.1" INFO  i.g.t.l.common.interceptor.RequestLogInterceptor - [OPTIONS] -> [/cms/log/users] from: 127.0.0.1 costs: 15ms
2021-04-18 15:36:31.726 [http-nio-5000-exec-7] "OPTIONS /cms/user/refresh HTTP/1.1" INFO  i.g.t.l.common.interceptor.RequestLogInterceptor - [OPTIONS] -> [/cms/user/refresh] from: 127.0.0.1 costs: 0ms
2021-04-18 15:36:38.615 [http-nio-5000-exec-4] "OPTIONS /cms/admin/group/all HTTP/1.1" INFO  i.g.t.l.common.interceptor.RequestLogInterceptor - [OPTIONS] -> [/cms/admin/group/all] from: 127.0.0.1 costs: 1ms
2021-04-18 15:36:58.876 [http-nio-5000-exec-2] "GET /cms/user/refresh HTTP/1.1" INFO  i.g.t.l.common.interceptor.RequestLogInterceptor - [GET] -> [/cms/user/refresh] from: 127.0.0.1 costs: 69ms
