2021-05-08 00:01:03.074 [background-preinit] "  " INFO  org.hibernate.validator.internal.util.Version - HV000001: Hibernate Validator 6.1.5.Final
2021-05-08 00:01:03.105 [main] "  " INFO  io.github.talelin.latticy.LatticyApplication - Starting LatticyApplication on alita with PID 109364 (E:\360MoveData\Users\16508\Desktop\hfuu毕业\code\MedicineRec\target\classes started by 16508 in E:\360MoveData\Users\16508\Desktop\hfuu毕业\code\MedicineRec)
2021-05-08 00:01:03.106 [main] "  " INFO  io.github.talelin.latticy.LatticyApplication - The following profiles are active: dev
2021-05-08 00:01:04.708 [main] "  " INFO  o.s.c.s.PostProcessorRegistrationDelegate$BeanPostProcessorChecker - Bean 'commonConfiguration' of type [io.github.talelin.latticy.common.configuration.CommonConfiguration] is not eligible for getting processed by all BeanPostProcessors (for example: not eligible for auto-proxying)
2021-05-08 00:01:05.151 [main] "  " INFO  o.s.boot.web.embedded.tomcat.TomcatWebServer - Tomcat initialized with port(s): 5000 (http)
2021-05-08 00:01:05.162 [main] "  " INFO  org.apache.coyote.http11.Http11NioProtocol - Initializing ProtocolHandler ["http-nio-5000"]
2021-05-08 00:01:05.162 [main] "  " INFO  org.apache.catalina.core.StandardService - Starting service [Tomcat]
2021-05-08 00:01:05.163 [main] "  " INFO  org.apache.catalina.core.StandardEngine - Starting Servlet engine: [Apache Tomcat/9.0.37]
2021-05-08 00:01:05.165 [main] "  " INFO  org.apache.catalina.core.AprLifecycleListener - Loaded Apache Tomcat Native library [1.2.23] using APR version [1.7.0].
2021-05-08 00:01:05.165 [main] "  " INFO  org.apache.catalina.core.AprLifecycleListener - APR capabilities: IPv6 [true], sendfile [true], accept filters [false], random [true].
2021-05-08 00:01:05.165 [main] "  " INFO  org.apache.catalina.core.AprLifecycleListener - APR/OpenSSL configuration: useAprConnector [false], useOpenSSL [true]
2021-05-08 00:01:05.193 [main] "  " INFO  org.apache.catalina.core.AprLifecycleListener - OpenSSL successfully initialized [OpenSSL 1.1.1c  28 May 2019]
2021-05-08 00:01:05.315 [main] "  " INFO  o.a.c.core.ContainerBase.[Tomcat].[localhost].[/] - Initializing Spring embedded WebApplicationContext
2021-05-08 00:01:05.315 [main] "  " INFO  o.s.b.w.s.c.ServletWebServerApplicationContext - Root WebApplicationContext: initialization completed in 2148 ms
2021-05-08 00:01:05.820 [main] "  " INFO  com.zaxxer.hikari.HikariDataSource - HikariPool-1 - Starting...
2021-05-08 00:01:06.114 [main] "  " INFO  com.zaxxer.hikari.HikariDataSource - HikariPool-1 - Start completed.
2021-05-08 00:01:08.167 [main] "  " INFO  o.s.scheduling.concurrent.ThreadPoolTaskExecutor - Initializing ExecutorService 'applicationTaskExecutor'
2021-05-08 00:01:08.653 [main] "  " INFO  org.apache.coyote.http11.Http11NioProtocol - Starting ProtocolHandler ["http-nio-5000"]
2021-05-08 00:01:08.702 [main] "  " INFO  o.s.boot.web.embedded.tomcat.TomcatWebServer - Tomcat started on port(s): 5000 (http) with context path ''
2021-05-08 00:01:09.104 [main] "  " INFO  io.github.talelin.latticy.LatticyApplication - Started LatticyApplication in 6.859 seconds (JVM running for 8.497)
2021-05-08 00:01:15.498 [http-nio-5000-exec-2] "  " INFO  o.a.c.core.ContainerBase.[Tomcat].[localhost].[/] - Initializing Spring DispatcherServlet 'dispatcherServlet'
2021-05-08 00:01:15.498 [http-nio-5000-exec-2] "  " INFO  org.springframework.web.servlet.DispatcherServlet - Initializing Servlet 'dispatcherServlet'
2021-05-08 00:01:15.514 [http-nio-5000-exec-2] "  " INFO  org.springframework.web.servlet.DispatcherServlet - Completed initialization in 16 ms
2021-05-08 00:03:30.460 [http-nio-5000-exec-2] "POST /v1/commend HTTP/1.1" INFO  i.g.t.l.common.interceptor.RequestLogInterceptor - [POST] -> [/v1/commend] from: 0:0:0:0:0:0:0:1 costs: 134919ms
2021-05-08 00:05:17.066 [background-preinit] "  " INFO  org.hibernate.validator.internal.util.Version - HV000001: Hibernate Validator 6.1.5.Final
2021-05-08 00:05:17.099 [main] "  " INFO  io.github.talelin.latticy.LatticyApplication - Starting LatticyApplication on alita with PID 99516 (E:\360MoveData\Users\16508\Desktop\hfuu毕业\code\MedicineRec\target\classes started by 16508 in E:\360MoveData\Users\16508\Desktop\hfuu毕业\code\MedicineRec)
2021-05-08 00:05:17.100 [main] "  " INFO  io.github.talelin.latticy.LatticyApplication - The following profiles are active: dev
2021-05-08 00:05:18.685 [main] "  " INFO  o.s.c.s.PostProcessorRegistrationDelegate$BeanPostProcessorChecker - Bean 'commonConfiguration' of type [io.github.talelin.latticy.common.configuration.CommonConfiguration] is not eligible for getting processed by all BeanPostProcessors (for example: not eligible for auto-proxying)
2021-05-08 00:05:18.978 [main] "  " INFO  o.s.boot.web.embedded.tomcat.TomcatWebServer - Tomcat initialized with port(s): 5000 (http)
2021-05-08 00:05:18.989 [main] "  " INFO  org.apache.coyote.http11.Http11NioProtocol - Initializing ProtocolHandler ["http-nio-5000"]
2021-05-08 00:05:18.990 [main] "  " INFO  org.apache.catalina.core.StandardService - Starting service [Tomcat]
2021-05-08 00:05:18.990 [main] "  " INFO  org.apache.catalina.core.StandardEngine - Starting Servlet engine: [Apache Tomcat/9.0.37]
2021-05-08 00:05:18.992 [main] "  " INFO  org.apache.catalina.core.AprLifecycleListener - Loaded Apache Tomcat Native library [1.2.23] using APR version [1.7.0].
2021-05-08 00:05:18.992 [main] "  " INFO  org.apache.catalina.core.AprLifecycleListener - APR capabilities: IPv6 [true], sendfile [true], accept filters [false], random [true].
2021-05-08 00:05:18.992 [main] "  " INFO  org.apache.catalina.core.AprLifecycleListener - APR/OpenSSL configuration: useAprConnector [false], useOpenSSL [true]
2021-05-08 00:05:18.996 [main] "  " INFO  org.apache.catalina.core.AprLifecycleListener - OpenSSL successfully initialized [OpenSSL 1.1.1c  28 May 2019]
2021-05-08 00:05:19.125 [main] "  " INFO  o.a.c.core.ContainerBase.[Tomcat].[localhost].[/] - Initializing Spring embedded WebApplicationContext
2021-05-08 00:05:19.125 [main] "  " INFO  o.s.b.w.s.c.ServletWebServerApplicationContext - Root WebApplicationContext: initialization completed in 1969 ms
2021-05-08 00:05:19.499 [main] "  " INFO  com.zaxxer.hikari.HikariDataSource - HikariPool-1 - Starting...
2021-05-08 00:05:19.728 [main] "  " INFO  com.zaxxer.hikari.HikariDataSource - HikariPool-1 - Start completed.
2021-05-08 00:05:21.696 [main] "  " INFO  o.s.scheduling.concurrent.ThreadPoolTaskExecutor - Initializing ExecutorService 'applicationTaskExecutor'
2021-05-08 00:05:22.242 [main] "  " INFO  o.s.b.a.s.s.UserDetailsServiceAutoConfiguration - 

Using generated security password: 42d8e869-fb36-4214-820b-2f83cc476b15

2021-05-08 00:05:22.418 [main] "  " INFO  o.s.security.web.DefaultSecurityFilterChain - Creating filter chain: any request, [org.springframework.security.web.context.request.async.WebAsyncManagerIntegrationFilter@399f5daf, org.springframework.security.web.context.SecurityContextPersistenceFilter@280484c7, org.springframework.security.web.header.HeaderWriterFilter@466fedfa, org.springframework.security.web.csrf.CsrfFilter@38e00b47, org.springframework.security.web.authentication.logout.LogoutFilter@6728370a, org.springframework.security.web.authentication.UsernamePasswordAuthenticationFilter@52657d5f, org.springframework.security.web.authentication.ui.DefaultLoginPageGeneratingFilter@4269aad7, org.springframework.security.web.authentication.ui.DefaultLogoutPageGeneratingFilter@c4cceb, org.springframework.security.web.authentication.www.BasicAuthenticationFilter@19d27c27, org.springframework.security.web.savedrequest.RequestCacheAwareFilter@258a8584, org.springframework.security.web.servletapi.SecurityContextHolderAwareRequestFilter@222d9d4f, org.springframework.security.web.authentication.AnonymousAuthenticationFilter@29f3185c, org.springframework.security.web.session.SessionManagementFilter@2b1a901d, org.springframework.security.web.access.ExceptionTranslationFilter@429e7914, org.springframework.security.web.access.intercept.FilterSecurityInterceptor@3c27f72]
2021-05-08 00:05:22.489 [main] "  " INFO  org.apache.coyote.http11.Http11NioProtocol - Starting ProtocolHandler ["http-nio-5000"]
2021-05-08 00:05:22.547 [main] "  " INFO  o.s.boot.web.embedded.tomcat.TomcatWebServer - Tomcat started on port(s): 5000 (http) with context path ''
2021-05-08 00:05:23.027 [main] "  " INFO  io.github.talelin.latticy.LatticyApplication - Started LatticyApplication in 6.642 seconds (JVM running for 8.364)
2021-05-08 00:05:27.406 [http-nio-5000-exec-1] "  " INFO  o.a.c.core.ContainerBase.[Tomcat].[localhost].[/] - Initializing Spring DispatcherServlet 'dispatcherServlet'
2021-05-08 00:05:27.407 [http-nio-5000-exec-1] "  " INFO  org.springframework.web.servlet.DispatcherServlet - Initializing Servlet 'dispatcherServlet'
2021-05-08 00:05:27.422 [http-nio-5000-exec-1] "  " INFO  org.springframework.web.servlet.DispatcherServlet - Completed initialization in 15 ms
2021-05-08 00:06:26.913 [background-preinit] "  " INFO  org.hibernate.validator.internal.util.Version - HV000001: Hibernate Validator 6.1.5.Final
2021-05-08 00:06:27.039 [main] "  " INFO  io.github.talelin.latticy.LatticyApplication - Starting LatticyApplication on alita with PID 110516 (E:\360MoveData\Users\16508\Desktop\hfuu毕业\code\MedicineRec\target\classes started by 16508 in E:\360MoveData\Users\16508\Desktop\hfuu毕业\code\MedicineRec)
2021-05-08 00:06:27.041 [main] "  " INFO  io.github.talelin.latticy.LatticyApplication - The following profiles are active: dev
2021-05-08 00:06:28.329 [main] "  " INFO  o.s.c.s.PostProcessorRegistrationDelegate$BeanPostProcessorChecker - Bean 'commonConfiguration' of type [io.github.talelin.latticy.common.configuration.CommonConfiguration] is not eligible for getting processed by all BeanPostProcessors (for example: not eligible for auto-proxying)
2021-05-08 00:06:28.682 [main] "  " INFO  o.s.boot.web.embedded.tomcat.TomcatWebServer - Tomcat initialized with port(s): 5000 (http)
2021-05-08 00:06:28.694 [main] "  " INFO  org.apache.coyote.http11.Http11NioProtocol - Initializing ProtocolHandler ["http-nio-5000"]
2021-05-08 00:06:28.694 [main] "  " INFO  org.apache.catalina.core.StandardService - Starting service [Tomcat]
2021-05-08 00:06:28.694 [main] "  " INFO  org.apache.catalina.core.StandardEngine - Starting Servlet engine: [Apache Tomcat/9.0.37]
2021-05-08 00:06:28.696 [main] "  " INFO  org.apache.catalina.core.AprLifecycleListener - Loaded Apache Tomcat Native library [1.2.23] using APR version [1.7.0].
2021-05-08 00:06:28.696 [main] "  " INFO  org.apache.catalina.core.AprLifecycleListener - APR capabilities: IPv6 [true], sendfile [true], accept filters [false], random [true].
2021-05-08 00:06:28.697 [main] "  " INFO  org.apache.catalina.core.AprLifecycleListener - APR/OpenSSL configuration: useAprConnector [false], useOpenSSL [true]
2021-05-08 00:06:28.700 [main] "  " INFO  org.apache.catalina.core.AprLifecycleListener - OpenSSL successfully initialized [OpenSSL 1.1.1c  28 May 2019]
2021-05-08 00:06:28.838 [main] "  " INFO  o.a.c.core.ContainerBase.[Tomcat].[localhost].[/] - Initializing Spring embedded WebApplicationContext
2021-05-08 00:06:28.839 [main] "  " INFO  o.s.b.w.s.c.ServletWebServerApplicationContext - Root WebApplicationContext: initialization completed in 1678 ms
2021-05-08 00:06:29.223 [main] "  " INFO  com.zaxxer.hikari.HikariDataSource - HikariPool-1 - Starting...
2021-05-08 00:06:29.458 [main] "  " INFO  com.zaxxer.hikari.HikariDataSource - HikariPool-1 - Start completed.
2021-05-08 00:06:31.611 [main] "  " INFO  o.s.scheduling.concurrent.ThreadPoolTaskExecutor - Initializing ExecutorService 'applicationTaskExecutor'
2021-05-08 00:06:32.147 [main] "  " INFO  o.s.b.a.s.s.UserDetailsServiceAutoConfiguration - 

Using generated security password: c86f30f0-d5e8-402a-bac4-0726ddc0c3c9

2021-05-08 00:06:32.328 [main] "  " INFO  o.s.security.web.DefaultSecurityFilterChain - Creating filter chain: any request, [org.springframework.security.web.context.request.async.WebAsyncManagerIntegrationFilter@15e8c040, org.springframework.security.web.context.SecurityContextPersistenceFilter@74ce7fdf, org.springframework.security.web.header.HeaderWriterFilter@13908f9c, org.springframework.security.web.csrf.CsrfFilter@bb12f41, org.springframework.security.web.authentication.logout.LogoutFilter@1aac0a47, org.springframework.security.web.authentication.UsernamePasswordAuthenticationFilter@6e517c9e, org.springframework.security.web.authentication.ui.DefaultLoginPageGeneratingFilter@6cbdd1c5, org.springframework.security.web.authentication.ui.DefaultLogoutPageGeneratingFilter@1f71e024, org.springframework.security.web.authentication.www.BasicAuthenticationFilter@601f264d, org.springframework.security.web.savedrequest.RequestCacheAwareFilter@2f60cbf2, org.springframework.security.web.servletapi.SecurityContextHolderAwareRequestFilter@2dc21583, org.springframework.security.web.authentication.AnonymousAuthenticationFilter@60ed0b9d, org.springframework.security.web.session.SessionManagementFilter@640a8f93, org.springframework.security.web.access.ExceptionTranslationFilter@5aa6da2, org.springframework.security.web.access.intercept.FilterSecurityInterceptor@6ace919c]
2021-05-08 00:06:32.401 [main] "  " INFO  org.apache.coyote.http11.Http11NioProtocol - Starting ProtocolHandler ["http-nio-5000"]
2021-05-08 00:06:32.457 [main] "  " INFO  o.s.boot.web.embedded.tomcat.TomcatWebServer - Tomcat started on port(s): 5000 (http) with context path ''
2021-05-08 00:06:32.882 [main] "  " INFO  io.github.talelin.latticy.LatticyApplication - Started LatticyApplication in 6.768 seconds (JVM running for 8.171)
2021-05-08 00:06:47.029 [http-nio-5000-exec-1] "  " INFO  o.a.c.core.ContainerBase.[Tomcat].[localhost].[/] - Initializing Spring DispatcherServlet 'dispatcherServlet'
2021-05-08 00:06:47.029 [http-nio-5000-exec-1] "  " INFO  org.springframework.web.servlet.DispatcherServlet - Initializing Servlet 'dispatcherServlet'
2021-05-08 00:06:47.042 [http-nio-5000-exec-1] "  " INFO  org.springframework.web.servlet.DispatcherServlet - Completed initialization in 13 ms
2021-05-08 00:08:03.239 [background-preinit] "  " INFO  org.hibernate.validator.internal.util.Version - HV000001: Hibernate Validator 6.1.5.Final
2021-05-08 00:08:03.260 [main] "  " INFO  io.github.talelin.latticy.LatticyApplication - Starting LatticyApplication on alita with PID 112544 (E:\360MoveData\Users\16508\Desktop\hfuu毕业\code\MedicineRec\target\classes started by 16508 in E:\360MoveData\Users\16508\Desktop\hfuu毕业\code\MedicineRec)
2021-05-08 00:08:03.261 [main] "  " INFO  io.github.talelin.latticy.LatticyApplication - The following profiles are active: dev
2021-05-08 00:08:04.547 [main] "  " INFO  o.s.c.s.PostProcessorRegistrationDelegate$BeanPostProcessorChecker - Bean 'commonConfiguration' of type [io.github.talelin.latticy.common.configuration.CommonConfiguration] is not eligible for getting processed by all BeanPostProcessors (for example: not eligible for auto-proxying)
2021-05-08 00:08:04.884 [main] "  " INFO  o.s.boot.web.embedded.tomcat.TomcatWebServer - Tomcat initialized with port(s): 5000 (http)
2021-05-08 00:08:04.894 [main] "  " INFO  org.apache.coyote.http11.Http11NioProtocol - Initializing ProtocolHandler ["http-nio-5000"]
2021-05-08 00:08:04.895 [main] "  " INFO  org.apache.catalina.core.StandardService - Starting service [Tomcat]
2021-05-08 00:08:04.895 [main] "  " INFO  org.apache.catalina.core.StandardEngine - Starting Servlet engine: [Apache Tomcat/9.0.37]
2021-05-08 00:08:04.897 [main] "  " INFO  org.apache.catalina.core.AprLifecycleListener - Loaded Apache Tomcat Native library [1.2.23] using APR version [1.7.0].
2021-05-08 00:08:04.897 [main] "  " INFO  org.apache.catalina.core.AprLifecycleListener - APR capabilities: IPv6 [true], sendfile [true], accept filters [false], random [true].
2021-05-08 00:08:04.897 [main] "  " INFO  org.apache.catalina.core.AprLifecycleListener - APR/OpenSSL configuration: useAprConnector [false], useOpenSSL [true]
2021-05-08 00:08:04.900 [main] "  " INFO  org.apache.catalina.core.AprLifecycleListener - OpenSSL successfully initialized [OpenSSL 1.1.1c  28 May 2019]
2021-05-08 00:08:05.022 [main] "  " INFO  o.a.c.core.ContainerBase.[Tomcat].[localhost].[/] - Initializing Spring embedded WebApplicationContext
2021-05-08 00:08:05.022 [main] "  " INFO  o.s.b.w.s.c.ServletWebServerApplicationContext - Root WebApplicationContext: initialization completed in 1709 ms
2021-05-08 00:08:05.390 [main] "  " INFO  com.zaxxer.hikari.HikariDataSource - HikariPool-1 - Starting...
2021-05-08 00:08:05.606 [main] "  " INFO  com.zaxxer.hikari.HikariDataSource - HikariPool-1 - Start completed.
2021-05-08 00:08:25.298 [main] "  " INFO  o.s.scheduling.concurrent.ThreadPoolTaskExecutor - Initializing ExecutorService 'applicationTaskExecutor'
2021-05-08 00:08:25.697 [main] "  " INFO  o.s.b.a.s.s.UserDetailsServiceAutoConfiguration - 

Using generated security password: 0aef0e79-172a-4585-9b94-f5cfddb7674b

2021-05-08 00:08:25.806 [main] "  " INFO  o.s.security.web.DefaultSecurityFilterChain - Creating filter chain: any request, [org.springframework.security.web.context.request.async.WebAsyncManagerIntegrationFilter@4aab7195, org.springframework.security.web.context.SecurityContextPersistenceFilter@38e00b47, org.springframework.security.web.header.HeaderWriterFilter@20be890d, org.springframework.security.web.csrf.CsrfFilter@42211e04, org.springframework.security.web.authentication.logout.LogoutFilter@4fa8bebb, org.springframework.security.web.authentication.UsernamePasswordAuthenticationFilter@3dd2b9c1, org.springframework.security.web.authentication.ui.DefaultLoginPageGeneratingFilter@150f41b9, org.springframework.security.web.authentication.ui.DefaultLogoutPageGeneratingFilter@6210666c, org.springframework.security.web.authentication.www.BasicAuthenticationFilter@1de85972, org.springframework.security.web.savedrequest.RequestCacheAwareFilter@425b5fe2, org.springframework.security.web.servletapi.SecurityContextHolderAwareRequestFilter@65db548, org.springframework.security.web.authentication.AnonymousAuthenticationFilter@1dca62c2, org.springframework.security.web.session.SessionManagementFilter@534762ed, org.springframework.security.web.access.ExceptionTranslationFilter@7d12429, org.springframework.security.web.access.intercept.FilterSecurityInterceptor@2807cf3]
2021-05-08 00:08:25.851 [main] "  " INFO  org.apache.coyote.http11.Http11NioProtocol - Starting ProtocolHandler ["http-nio-5000"]
2021-05-08 00:08:25.884 [main] "  " INFO  o.s.boot.web.embedded.tomcat.TomcatWebServer - Tomcat started on port(s): 5000 (http) with context path ''
2021-05-08 00:08:26.290 [main] "  " INFO  io.github.talelin.latticy.LatticyApplication - Started LatticyApplication in 23.792 seconds (JVM running for 25.586)
2021-05-08 00:08:41.068 [http-nio-5000-exec-1] "  " INFO  o.a.c.core.ContainerBase.[Tomcat].[localhost].[/] - Initializing Spring DispatcherServlet 'dispatcherServlet'
2021-05-08 00:08:41.068 [http-nio-5000-exec-1] "  " INFO  org.springframework.web.servlet.DispatcherServlet - Initializing Servlet 'dispatcherServlet'
2021-05-08 00:08:41.088 [http-nio-5000-exec-1] "  " INFO  org.springframework.web.servlet.DispatcherServlet - Completed initialization in 19 ms
2021-05-08 00:09:34.280 [background-preinit] "  " INFO  org.hibernate.validator.internal.util.Version - HV000001: Hibernate Validator 6.1.5.Final
2021-05-08 00:09:34.307 [main] "  " INFO  io.github.talelin.latticy.LatticyApplication - Starting LatticyApplication on alita with PID 47800 (E:\360MoveData\Users\16508\Desktop\hfuu毕业\code\MedicineRec\target\classes started by 16508 in E:\360MoveData\Users\16508\Desktop\hfuu毕业\code\MedicineRec)
2021-05-08 00:09:34.307 [main] "  " INFO  io.github.talelin.latticy.LatticyApplication - The following profiles are active: dev
2021-05-08 00:09:35.516 [main] "  " INFO  o.s.c.s.PostProcessorRegistrationDelegate$BeanPostProcessorChecker - Bean 'commonConfiguration' of type [io.github.talelin.latticy.common.configuration.CommonConfiguration] is not eligible for getting processed by all BeanPostProcessors (for example: not eligible for auto-proxying)
2021-05-08 00:09:35.809 [main] "  " INFO  o.s.boot.web.embedded.tomcat.TomcatWebServer - Tomcat initialized with port(s): 5000 (http)
2021-05-08 00:09:35.819 [main] "  " INFO  org.apache.coyote.http11.Http11NioProtocol - Initializing ProtocolHandler ["http-nio-5000"]
2021-05-08 00:09:35.819 [main] "  " INFO  org.apache.catalina.core.StandardService - Starting service [Tomcat]
2021-05-08 00:09:35.820 [main] "  " INFO  org.apache.catalina.core.StandardEngine - Starting Servlet engine: [Apache Tomcat/9.0.37]
2021-05-08 00:09:35.821 [main] "  " INFO  org.apache.catalina.core.AprLifecycleListener - Loaded Apache Tomcat Native library [1.2.23] using APR version [1.7.0].
2021-05-08 00:09:35.822 [main] "  " INFO  org.apache.catalina.core.AprLifecycleListener - APR capabilities: IPv6 [true], sendfile [true], accept filters [false], random [true].
2021-05-08 00:09:35.822 [main] "  " INFO  org.apache.catalina.core.AprLifecycleListener - APR/OpenSSL configuration: useAprConnector [false], useOpenSSL [true]
2021-05-08 00:09:35.825 [main] "  " INFO  org.apache.catalina.core.AprLifecycleListener - OpenSSL successfully initialized [OpenSSL 1.1.1c  28 May 2019]
2021-05-08 00:09:35.955 [main] "  " INFO  o.a.c.core.ContainerBase.[Tomcat].[localhost].[/] - Initializing Spring embedded WebApplicationContext
2021-05-08 00:09:35.955 [main] "  " INFO  o.s.b.w.s.c.ServletWebServerApplicationContext - Root WebApplicationContext: initialization completed in 1588 ms
2021-05-08 00:09:36.352 [main] "  " INFO  com.zaxxer.hikari.HikariDataSource - HikariPool-1 - Starting...
2021-05-08 00:09:36.579 [main] "  " INFO  com.zaxxer.hikari.HikariDataSource - HikariPool-1 - Start completed.
2021-05-08 00:09:50.727 [main] "  " INFO  o.s.scheduling.concurrent.ThreadPoolTaskExecutor - Initializing ExecutorService 'applicationTaskExecutor'
2021-05-08 00:09:51.063 [main] "  " INFO  o.s.b.a.s.s.UserDetailsServiceAutoConfiguration - 

Using generated security password: 7cc35c26-199c-4aa3-b229-e897d51f3773

2021-05-08 00:09:51.171 [main] "  " INFO  o.s.security.web.DefaultSecurityFilterChain - Creating filter chain: any request, [org.springframework.security.web.context.request.async.WebAsyncManagerIntegrationFilter@50b4364, org.springframework.security.web.context.SecurityContextPersistenceFilter@369ad7da, org.springframework.security.web.header.HeaderWriterFilter@7417ef4f, org.springframework.security.web.csrf.CsrfFilter@59a94d0f, org.springframework.security.web.authentication.logout.LogoutFilter@101c15ad, org.springframework.security.web.authentication.UsernamePasswordAuthenticationFilter@7d537616, org.springframework.security.web.authentication.ui.DefaultLoginPageGeneratingFilter@621dc63d, org.springframework.security.web.authentication.ui.DefaultLogoutPageGeneratingFilter@5e541ef9, org.springframework.security.web.authentication.www.BasicAuthenticationFilter@29f3185c, org.springframework.security.web.savedrequest.RequestCacheAwareFilter@3e98b933, org.springframework.security.web.servletapi.SecurityContextHolderAwareRequestFilter@16391278, org.springframework.security.web.authentication.AnonymousAuthenticationFilter@38054d01, org.springframework.security.web.session.SessionManagementFilter@4fa8bebb, org.springframework.security.web.access.ExceptionTranslationFilter@59127611, org.springframework.security.web.access.intercept.FilterSecurityInterceptor@2211b44f]
2021-05-08 00:09:51.217 [main] "  " INFO  org.apache.coyote.http11.Http11NioProtocol - Starting ProtocolHandler ["http-nio-5000"]
2021-05-08 00:09:51.245 [main] "  " INFO  o.s.boot.web.embedded.tomcat.TomcatWebServer - Tomcat started on port(s): 5000 (http) with context path ''
2021-05-08 00:09:51.609 [main] "  " INFO  io.github.talelin.latticy.LatticyApplication - Started LatticyApplication in 18.029 seconds (JVM running for 19.747)
2021-05-08 00:10:00.478 [http-nio-5000-exec-3] "  " INFO  o.a.c.core.ContainerBase.[Tomcat].[localhost].[/] - Initializing Spring DispatcherServlet 'dispatcherServlet'
2021-05-08 00:10:00.478 [http-nio-5000-exec-3] "  " INFO  org.springframework.web.servlet.DispatcherServlet - Initializing Servlet 'dispatcherServlet'
2021-05-08 00:10:00.488 [http-nio-5000-exec-3] "  " INFO  org.springframework.web.servlet.DispatcherServlet - Completed initialization in 10 ms
2021-05-08 00:10:52.374 [background-preinit] "  " INFO  org.hibernate.validator.internal.util.Version - HV000001: Hibernate Validator 6.1.5.Final
2021-05-08 00:10:52.397 [main] "  " INFO  io.github.talelin.latticy.LatticyApplication - Starting LatticyApplication on alita with PID 103764 (E:\360MoveData\Users\16508\Desktop\hfuu毕业\code\MedicineRec\target\classes started by 16508 in E:\360MoveData\Users\16508\Desktop\hfuu毕业\code\MedicineRec)
2021-05-08 00:10:52.398 [main] "  " INFO  io.github.talelin.latticy.LatticyApplication - The following profiles are active: dev
2021-05-08 00:10:53.618 [main] "  " INFO  o.s.c.s.PostProcessorRegistrationDelegate$BeanPostProcessorChecker - Bean 'commonConfiguration' of type [io.github.talelin.latticy.common.configuration.CommonConfiguration] is not eligible for getting processed by all BeanPostProcessors (for example: not eligible for auto-proxying)
2021-05-08 00:10:53.915 [main] "  " INFO  o.s.boot.web.embedded.tomcat.TomcatWebServer - Tomcat initialized with port(s): 5000 (http)
2021-05-08 00:10:53.927 [main] "  " INFO  org.apache.coyote.http11.Http11NioProtocol - Initializing ProtocolHandler ["http-nio-5000"]
2021-05-08 00:10:53.927 [main] "  " INFO  org.apache.catalina.core.StandardService - Starting service [Tomcat]
2021-05-08 00:10:53.927 [main] "  " INFO  org.apache.catalina.core.StandardEngine - Starting Servlet engine: [Apache Tomcat/9.0.37]
2021-05-08 00:10:53.929 [main] "  " INFO  org.apache.catalina.core.AprLifecycleListener - Loaded Apache Tomcat Native library [1.2.23] using APR version [1.7.0].
2021-05-08 00:10:53.930 [main] "  " INFO  org.apache.catalina.core.AprLifecycleListener - APR capabilities: IPv6 [true], sendfile [true], accept filters [false], random [true].
2021-05-08 00:10:53.930 [main] "  " INFO  org.apache.catalina.core.AprLifecycleListener - APR/OpenSSL configuration: useAprConnector [false], useOpenSSL [true]
2021-05-08 00:10:53.933 [main] "  " INFO  org.apache.catalina.core.AprLifecycleListener - OpenSSL successfully initialized [OpenSSL 1.1.1c  28 May 2019]
2021-05-08 00:10:54.078 [main] "  " INFO  o.a.c.core.ContainerBase.[Tomcat].[localhost].[/] - Initializing Spring embedded WebApplicationContext
2021-05-08 00:10:54.078 [main] "  " INFO  o.s.b.w.s.c.ServletWebServerApplicationContext - Root WebApplicationContext: initialization completed in 1626 ms
2021-05-08 00:10:54.505 [main] "  " INFO  com.zaxxer.hikari.HikariDataSource - HikariPool-1 - Starting...
2021-05-08 00:10:54.691 [main] "  " INFO  com.zaxxer.hikari.HikariDataSource - HikariPool-1 - Start completed.
2021-05-08 00:10:56.355 [main] "  " INFO  o.s.scheduling.concurrent.ThreadPoolTaskExecutor - Initializing ExecutorService 'applicationTaskExecutor'
2021-05-08 00:10:56.862 [main] "  " INFO  o.s.b.a.s.s.UserDetailsServiceAutoConfiguration - 

Using generated security password: 9471ecaf-c865-4479-b4d3-0a1fab1cd97f

2021-05-08 00:10:56.993 [main] "  " INFO  o.s.security.web.DefaultSecurityFilterChain - Creating filter chain: any request, [org.springframework.security.web.context.request.async.WebAsyncManagerIntegrationFilter@166e5a6d, org.springframework.security.web.context.SecurityContextPersistenceFilter@3a2bb026, org.springframework.security.web.header.HeaderWriterFilter@48ae9e8b, org.springframework.security.web.csrf.CsrfFilter@2e349cf2, org.springframework.security.web.authentication.logout.LogoutFilter@3562e7c7, org.springframework.security.web.authentication.UsernamePasswordAuthenticationFilter@47be41c6, org.springframework.security.web.authentication.ui.DefaultLoginPageGeneratingFilter@42ff9a77, org.springframework.security.web.authentication.ui.DefaultLogoutPageGeneratingFilter@1d55dd21, org.springframework.security.web.authentication.www.BasicAuthenticationFilter@14e3d439, org.springframework.security.web.savedrequest.RequestCacheAwareFilter@7de6549d, org.springframework.security.web.servletapi.SecurityContextHolderAwareRequestFilter@5423a17, org.springframework.security.web.authentication.AnonymousAuthenticationFilter@7d6c4079, org.springframework.security.web.session.SessionManagementFilter@4afcae7, org.springframework.security.web.access.ExceptionTranslationFilter@4b343b6d, org.springframework.security.web.access.intercept.FilterSecurityInterceptor@17354708]
2021-05-08 00:10:57.041 [main] "  " INFO  org.apache.coyote.http11.Http11NioProtocol - Starting ProtocolHandler ["http-nio-5000"]
2021-05-08 00:10:57.074 [main] "  " INFO  o.s.boot.web.embedded.tomcat.TomcatWebServer - Tomcat started on port(s): 5000 (http) with context path ''
2021-05-08 00:10:57.409 [main] "  " INFO  io.github.talelin.latticy.LatticyApplication - Started LatticyApplication in 5.624 seconds (JVM running for 7.464)
2021-05-08 00:11:03.179 [http-nio-5000-exec-1] "  " INFO  o.a.c.core.ContainerBase.[Tomcat].[localhost].[/] - Initializing Spring DispatcherServlet 'dispatcherServlet'
2021-05-08 00:11:03.179 [http-nio-5000-exec-1] "  " INFO  org.springframework.web.servlet.DispatcherServlet - Initializing Servlet 'dispatcherServlet'
2021-05-08 00:11:03.188 [http-nio-5000-exec-1] "  " INFO  org.springframework.web.servlet.DispatcherServlet - Completed initialization in 8 ms
2021-05-08 00:11:17.597 [SpringContextShutdownHook] "  " INFO  o.s.scheduling.concurrent.ThreadPoolTaskExecutor - Shutting down ExecutorService 'applicationTaskExecutor'
2021-05-08 00:11:17.598 [SpringContextShutdownHook] "  " INFO  com.zaxxer.hikari.HikariDataSource - HikariPool-1 - Shutdown initiated...
2021-05-08 00:11:17.607 [SpringContextShutdownHook] "  " INFO  com.zaxxer.hikari.HikariDataSource - HikariPool-1 - Shutdown completed.
2021-05-08 00:12:32.864 [background-preinit] "  " INFO  org.hibernate.validator.internal.util.Version - HV000001: Hibernate Validator 6.1.5.Final
2021-05-08 00:12:32.890 [main] "  " INFO  io.github.talelin.latticy.LatticyApplication - Starting LatticyApplication on alita with PID 114424 (E:\360MoveData\Users\16508\Desktop\hfuu毕业\code\MedicineRec\target\classes started by 16508 in E:\360MoveData\Users\16508\Desktop\hfuu毕业\code\MedicineRec)
2021-05-08 00:12:32.890 [main] "  " INFO  io.github.talelin.latticy.LatticyApplication - The following profiles are active: dev
2021-05-08 00:12:34.511 [main] "  " INFO  o.s.c.s.PostProcessorRegistrationDelegate$BeanPostProcessorChecker - Bean 'commonConfiguration' of type [io.github.talelin.latticy.common.configuration.CommonConfiguration] is not eligible for getting processed by all BeanPostProcessors (for example: not eligible for auto-proxying)
2021-05-08 00:12:34.813 [main] "  " INFO  o.s.boot.web.embedded.tomcat.TomcatWebServer - Tomcat initialized with port(s): 5000 (http)
2021-05-08 00:12:34.823 [main] "  " INFO  org.apache.coyote.http11.Http11NioProtocol - Initializing ProtocolHandler ["http-nio-5000"]
2021-05-08 00:12:34.824 [main] "  " INFO  org.apache.catalina.core.StandardService - Starting service [Tomcat]
2021-05-08 00:12:34.824 [main] "  " INFO  org.apache.catalina.core.StandardEngine - Starting Servlet engine: [Apache Tomcat/9.0.37]
2021-05-08 00:12:34.827 [main] "  " INFO  org.apache.catalina.core.AprLifecycleListener - Loaded Apache Tomcat Native library [1.2.23] using APR version [1.7.0].
2021-05-08 00:12:34.827 [main] "  " INFO  org.apache.catalina.core.AprLifecycleListener - APR capabilities: IPv6 [true], sendfile [true], accept filters [false], random [true].
2021-05-08 00:12:34.827 [main] "  " INFO  org.apache.catalina.core.AprLifecycleListener - APR/OpenSSL configuration: useAprConnector [false], useOpenSSL [true]
2021-05-08 00:12:34.831 [main] "  " INFO  org.apache.catalina.core.AprLifecycleListener - OpenSSL successfully initialized [OpenSSL 1.1.1c  28 May 2019]
2021-05-08 00:12:34.956 [main] "  " INFO  o.a.c.core.ContainerBase.[Tomcat].[localhost].[/] - Initializing Spring embedded WebApplicationContext
2021-05-08 00:12:34.956 [main] "  " INFO  o.s.b.w.s.c.ServletWebServerApplicationContext - Root WebApplicationContext: initialization completed in 1985 ms
2021-05-08 00:12:35.347 [main] "  " INFO  com.zaxxer.hikari.HikariDataSource - HikariPool-1 - Starting...
2021-05-08 00:12:35.553 [main] "  " INFO  com.zaxxer.hikari.HikariDataSource - HikariPool-1 - Start completed.
2021-05-08 00:12:37.166 [main] "  " INFO  o.s.scheduling.concurrent.ThreadPoolTaskExecutor - Initializing ExecutorService 'applicationTaskExecutor'
2021-05-08 00:12:37.521 [main] "  " INFO  o.s.b.a.s.s.UserDetailsServiceAutoConfiguration - 

Using generated security password: 34e6cf96-21e9-4581-84b9-40e400fc1e48

2021-05-08 00:12:37.624 [main] "  " INFO  o.s.security.web.DefaultSecurityFilterChain - Creating filter chain: any request, [org.springframework.security.web.context.request.async.WebAsyncManagerIntegrationFilter@6c830ebd, org.springframework.security.web.context.SecurityContextPersistenceFilter@2c815fdc, org.springframework.security.web.header.HeaderWriterFilter@425b5fe2, org.springframework.security.web.csrf.CsrfFilter@2a667f44, org.springframework.security.web.authentication.logout.LogoutFilter@4269aad7, org.springframework.security.web.authentication.UsernamePasswordAuthenticationFilter@4cb4c4cc, org.springframework.security.web.authentication.ui.DefaultLoginPageGeneratingFilter@2b1a901d, org.springframework.security.web.authentication.ui.DefaultLogoutPageGeneratingFilter@15f519f7, org.springframework.security.web.authentication.www.BasicAuthenticationFilter@5a82bc58, org.springframework.security.web.savedrequest.RequestCacheAwareFilter@dae5e0, org.springframework.security.web.servletapi.SecurityContextHolderAwareRequestFilter@1a7d0c9f, org.springframework.security.web.authentication.AnonymousAuthenticationFilter@4a336377, org.springframework.security.web.session.SessionManagementFilter@66e1b2a, org.springframework.security.web.access.ExceptionTranslationFilter@38e00b47, org.springframework.security.web.access.intercept.FilterSecurityInterceptor@5f6a8efe]
2021-05-08 00:12:37.667 [main] "  " INFO  org.apache.coyote.http11.Http11NioProtocol - Starting ProtocolHandler ["http-nio-5000"]
2021-05-08 00:12:37.695 [main] "  " INFO  o.s.boot.web.embedded.tomcat.TomcatWebServer - Tomcat started on port(s): 5000 (http) with context path ''
2021-05-08 00:12:38.072 [main] "  " INFO  io.github.talelin.latticy.LatticyApplication - Started LatticyApplication in 5.865 seconds (JVM running for 9.189)
2021-05-08 00:13:01.482 [http-nio-5000-exec-1] "  " INFO  o.a.c.core.ContainerBase.[Tomcat].[localhost].[/] - Initializing Spring DispatcherServlet 'dispatcherServlet'
2021-05-08 00:13:01.482 [http-nio-5000-exec-1] "  " INFO  org.springframework.web.servlet.DispatcherServlet - Initializing Servlet 'dispatcherServlet'
2021-05-08 00:13:01.491 [http-nio-5000-exec-1] "  " INFO  org.springframework.web.servlet.DispatcherServlet - Completed initialization in 9 ms
2021-05-08 00:23:52.035 [background-preinit] "  " INFO  org.hibernate.validator.internal.util.Version - HV000001: Hibernate Validator 6.1.5.Final
2021-05-08 00:23:52.063 [main] "  " INFO  io.github.talelin.latticy.LatticyApplication - Starting LatticyApplication on alita with PID 111784 (E:\360MoveData\Users\16508\Desktop\hfuu毕业\code\MedicineRec\target\classes started by 16508 in E:\360MoveData\Users\16508\Desktop\hfuu毕业\code\MedicineRec)
2021-05-08 00:23:52.064 [main] "  " INFO  io.github.talelin.latticy.LatticyApplication - The following profiles are active: dev
2021-05-08 00:23:53.733 [main] "  " INFO  o.s.c.s.PostProcessorRegistrationDelegate$BeanPostProcessorChecker - Bean 'commonConfiguration' of type [io.github.talelin.latticy.common.configuration.CommonConfiguration] is not eligible for getting processed by all BeanPostProcessors (for example: not eligible for auto-proxying)
2021-05-08 00:23:54.072 [main] "  " INFO  o.s.boot.web.embedded.tomcat.TomcatWebServer - Tomcat initialized with port(s): 5000 (http)
2021-05-08 00:23:54.082 [main] "  " INFO  org.apache.coyote.http11.Http11NioProtocol - Initializing ProtocolHandler ["http-nio-5000"]
2021-05-08 00:23:54.083 [main] "  " INFO  org.apache.catalina.core.StandardService - Starting service [Tomcat]
2021-05-08 00:23:54.084 [main] "  " INFO  org.apache.catalina.core.StandardEngine - Starting Servlet engine: [Apache Tomcat/9.0.37]
2021-05-08 00:23:54.086 [main] "  " INFO  org.apache.catalina.core.AprLifecycleListener - Loaded Apache Tomcat Native library [1.2.23] using APR version [1.7.0].
2021-05-08 00:23:54.086 [main] "  " INFO  org.apache.catalina.core.AprLifecycleListener - APR capabilities: IPv6 [true], sendfile [true], accept filters [false], random [true].
2021-05-08 00:23:54.086 [main] "  " INFO  org.apache.catalina.core.AprLifecycleListener - APR/OpenSSL configuration: useAprConnector [false], useOpenSSL [true]
2021-05-08 00:23:54.090 [main] "  " INFO  org.apache.catalina.core.AprLifecycleListener - OpenSSL successfully initialized [OpenSSL 1.1.1c  28 May 2019]
2021-05-08 00:23:54.219 [main] "  " INFO  o.a.c.core.ContainerBase.[Tomcat].[localhost].[/] - Initializing Spring embedded WebApplicationContext
2021-05-08 00:23:54.219 [main] "  " INFO  o.s.b.w.s.c.ServletWebServerApplicationContext - Root WebApplicationContext: initialization completed in 2083 ms
2021-05-08 00:23:54.628 [main] "  " INFO  com.zaxxer.hikari.HikariDataSource - HikariPool-1 - Starting...
2021-05-08 00:23:54.839 [main] "  " INFO  com.zaxxer.hikari.HikariDataSource - HikariPool-1 - Start completed.
2021-05-08 00:23:56.420 [main] "  " INFO  o.s.b.a.s.s.UserDetailsServiceAutoConfiguration - 

Using generated security password: f035eb9e-efc6-42c6-8cda-321db7f3bbe3

2021-05-08 00:23:56.519 [main] "  " INFO  o.s.security.web.DefaultSecurityFilterChain - Creating filter chain: any request, [org.springframework.security.web.context.request.async.WebAsyncManagerIntegrationFilter@227a933d, org.springframework.security.web.context.SecurityContextPersistenceFilter@cfd5cd2, org.springframework.security.web.header.HeaderWriterFilter@7606bd03, org.springframework.security.web.csrf.CsrfFilter@117b2cc6, org.springframework.security.web.authentication.logout.LogoutFilter@59ec7020, org.springframework.security.web.savedrequest.RequestCacheAwareFilter@6d7740f0, org.springframework.security.web.servletapi.SecurityContextHolderAwareRequestFilter@2b2a4332, org.springframework.security.web.authentication.AnonymousAuthenticationFilter@25de8898, org.springframework.security.web.session.SessionManagementFilter@18907af2, org.springframework.security.web.access.ExceptionTranslationFilter@3d4ecc67, org.springframework.security.web.access.intercept.FilterSecurityInterceptor@7757025d]
2021-05-08 00:23:56.659 [main] "  " INFO  o.s.scheduling.concurrent.ThreadPoolTaskExecutor - Initializing ExecutorService 'applicationTaskExecutor'
2021-05-08 00:23:56.962 [main] "  " INFO  org.apache.coyote.http11.Http11NioProtocol - Starting ProtocolHandler ["http-nio-5000"]
2021-05-08 00:23:56.990 [main] "  " INFO  o.s.boot.web.embedded.tomcat.TomcatWebServer - Tomcat started on port(s): 5000 (http) with context path ''
2021-05-08 00:23:57.357 [main] "  " INFO  io.github.talelin.latticy.LatticyApplication - Started LatticyApplication in 6.461 seconds (JVM running for 8.429)
2021-05-08 00:24:04.026 [http-nio-5000-exec-3] "  " INFO  o.a.c.core.ContainerBase.[Tomcat].[localhost].[/] - Initializing Spring DispatcherServlet 'dispatcherServlet'
2021-05-08 00:24:04.027 [http-nio-5000-exec-3] "  " INFO  org.springframework.web.servlet.DispatcherServlet - Initializing Servlet 'dispatcherServlet'
2021-05-08 00:24:04.035 [http-nio-5000-exec-3] "  " INFO  org.springframework.web.servlet.DispatcherServlet - Completed initialization in 8 ms
2021-05-08 00:24:04.159 [http-nio-5000-exec-3] "  " INFO  i.g.t.l.common.interceptor.RequestLogInterceptor - [POST] -> [/error] from: 0:0:0:0:0:0:0:1 costs: 78ms
2021-05-08 00:24:18.893 [http-nio-5000-exec-2] "GET /v1/book HTTP/1.1" INFO  i.g.t.l.common.interceptor.RequestLogInterceptor - [GET] -> [/v1/book] from: 127.0.0.1 costs: 137ms
2021-05-08 00:24:26.338 [http-nio-5000-exec-4] "GET /v1/book HTTP/1.1" INFO  i.g.t.l.common.interceptor.RequestLogInterceptor - [GET] -> [/v1/book] from: 127.0.0.1 costs: 24ms
2021-05-08 00:24:47.437 [http-nio-5000-exec-5] "  " INFO  i.g.t.l.common.interceptor.RequestLogInterceptor - [POST] -> [/error] from: 0:0:0:0:0:0:0:1 costs: 5ms
2021-05-08 00:25:01.560 [http-nio-5000-exec-6] "  " INFO  i.g.t.l.common.interceptor.RequestLogInterceptor - [POST] -> [/error] from: 0:0:0:0:0:0:0:1 costs: 2ms
2021-05-08 00:27:02.408 [http-nio-5000-exec-9] "  " INFO  i.g.t.l.common.interceptor.RequestLogInterceptor - [POST] -> [/error] from: 0:0:0:0:0:0:0:1 costs: 1ms
2021-05-08 00:27:03.445 [http-nio-5000-exec-1] "  " INFO  i.g.t.l.common.interceptor.RequestLogInterceptor - [POST] -> [/error] from: 0:0:0:0:0:0:0:1 costs: 2ms
2021-05-08 00:27:11.743 [http-nio-5000-exec-3] "  " INFO  i.g.t.l.common.interceptor.RequestLogInterceptor - [POST] -> [/error] from: 0:0:0:0:0:0:0:1 costs: 2ms
2021-05-08 00:28:16.820 [background-preinit] "  " INFO  org.hibernate.validator.internal.util.Version - HV000001: Hibernate Validator 6.1.5.Final
2021-05-08 00:28:16.849 [main] "  " INFO  io.github.talelin.latticy.LatticyApplication - Starting LatticyApplication on alita with PID 109580 (E:\360MoveData\Users\16508\Desktop\hfuu毕业\code\MedicineRec\target\classes started by 16508 in E:\360MoveData\Users\16508\Desktop\hfuu毕业\code\MedicineRec)
2021-05-08 00:28:16.850 [main] "  " INFO  io.github.talelin.latticy.LatticyApplication - The following profiles are active: dev
2021-05-08 00:28:18.158 [main] "  " INFO  o.s.c.s.PostProcessorRegistrationDelegate$BeanPostProcessorChecker - Bean 'commonConfiguration' of type [io.github.talelin.latticy.common.configuration.CommonConfiguration] is not eligible for getting processed by all BeanPostProcessors (for example: not eligible for auto-proxying)
2021-05-08 00:28:18.454 [main] "  " INFO  o.s.boot.web.embedded.tomcat.TomcatWebServer - Tomcat initialized with port(s): 5000 (http)
2021-05-08 00:28:18.464 [main] "  " INFO  org.apache.coyote.http11.Http11NioProtocol - Initializing ProtocolHandler ["http-nio-5000"]
2021-05-08 00:28:18.465 [main] "  " INFO  org.apache.catalina.core.StandardService - Starting service [Tomcat]
2021-05-08 00:28:18.466 [main] "  " INFO  org.apache.catalina.core.StandardEngine - Starting Servlet engine: [Apache Tomcat/9.0.37]
2021-05-08 00:28:18.468 [main] "  " INFO  org.apache.catalina.core.AprLifecycleListener - Loaded Apache Tomcat Native library [1.2.23] using APR version [1.7.0].
2021-05-08 00:28:18.468 [main] "  " INFO  org.apache.catalina.core.AprLifecycleListener - APR capabilities: IPv6 [true], sendfile [true], accept filters [false], random [true].
2021-05-08 00:28:18.468 [main] "  " INFO  org.apache.catalina.core.AprLifecycleListener - APR/OpenSSL configuration: useAprConnector [false], useOpenSSL [true]
2021-05-08 00:28:18.471 [main] "  " INFO  org.apache.catalina.core.AprLifecycleListener - OpenSSL successfully initialized [OpenSSL 1.1.1c  28 May 2019]
2021-05-08 00:28:18.607 [main] "  " INFO  o.a.c.core.ContainerBase.[Tomcat].[localhost].[/] - Initializing Spring embedded WebApplicationContext
2021-05-08 00:28:18.607 [main] "  " INFO  o.s.b.w.s.c.ServletWebServerApplicationContext - Root WebApplicationContext: initialization completed in 1694 ms
2021-05-08 00:28:18.988 [main] "  " INFO  com.zaxxer.hikari.HikariDataSource - HikariPool-1 - Starting...
2021-05-08 00:28:19.187 [main] "  " INFO  com.zaxxer.hikari.HikariDataSource - HikariPool-1 - Start completed.
2021-05-08 00:28:20.761 [main] "  " INFO  o.s.b.a.s.s.UserDetailsServiceAutoConfiguration - 

Using generated security password: 8ba70f0e-d919-4224-814c-b5ff3da4e86b

2021-05-08 00:28:21.040 [main] "  " INFO  o.s.security.web.DefaultSecurityFilterChain - Creating filter chain: any request, [org.springframework.security.web.context.request.async.WebAsyncManagerIntegrationFilter@51f01535, org.springframework.security.web.context.SecurityContextPersistenceFilter@1c6e3ff9, org.springframework.security.web.header.HeaderWriterFilter@64c25a62, org.springframework.web.filter.CorsFilter@2321e482, org.springframework.security.web.authentication.logout.LogoutFilter@3dea226b, org.springframework.security.web.savedrequest.RequestCacheAwareFilter@184afb78, org.springframework.security.web.servletapi.SecurityContextHolderAwareRequestFilter@4438938e, org.springframework.security.web.authentication.AnonymousAuthenticationFilter@467ef400, org.springframework.security.web.session.SessionManagementFilter@11bfffb3, org.springframework.security.web.access.ExceptionTranslationFilter@163e8949, org.springframework.security.web.access.intercept.FilterSecurityInterceptor@2b9e69fb]
2021-05-08 00:28:21.094 [main] "  " INFO  o.s.scheduling.concurrent.ThreadPoolTaskExecutor - Initializing ExecutorService 'applicationTaskExecutor'
2021-05-08 00:28:21.328 [main] "  " INFO  org.apache.coyote.http11.Http11NioProtocol - Starting ProtocolHandler ["http-nio-5000"]
2021-05-08 00:28:21.360 [main] "  " INFO  o.s.boot.web.embedded.tomcat.TomcatWebServer - Tomcat started on port(s): 5000 (http) with context path ''
2021-05-08 00:28:21.700 [main] "  " INFO  io.github.talelin.latticy.LatticyApplication - Started LatticyApplication in 5.648 seconds (JVM running for 7.05)
2021-05-08 00:28:38.364 [http-nio-5000-exec-2] "  " INFO  o.a.c.core.ContainerBase.[Tomcat].[localhost].[/] - Initializing Spring DispatcherServlet 'dispatcherServlet'
2021-05-08 00:28:38.365 [http-nio-5000-exec-2] "  " INFO  org.springframework.web.servlet.DispatcherServlet - Initializing Servlet 'dispatcherServlet'
2021-05-08 00:28:38.376 [http-nio-5000-exec-2] "  " INFO  org.springframework.web.servlet.DispatcherServlet - Completed initialization in 11 ms
2021-05-08 00:31:16.327 [http-nio-5000-exec-2] "POST /v1/commend HTTP/1.1" INFO  i.g.t.l.common.interceptor.RequestLogInterceptor - [POST] -> [/v1/commend] from: 0:0:0:0:0:0:0:1 costs: 157914ms
2021-05-08 00:33:06.924 [background-preinit] "  " INFO  org.hibernate.validator.internal.util.Version - HV000001: Hibernate Validator 6.1.5.Final
2021-05-08 00:33:06.954 [main] "  " INFO  io.github.talelin.latticy.LatticyApplication - Starting LatticyApplication on alita with PID 106964 (E:\360MoveData\Users\16508\Desktop\hfuu毕业\code\MedicineRec\target\classes started by 16508 in E:\360MoveData\Users\16508\Desktop\hfuu毕业\code\MedicineRec)
2021-05-08 00:33:06.955 [main] "  " INFO  io.github.talelin.latticy.LatticyApplication - The following profiles are active: dev
2021-05-08 00:33:08.238 [main] "  " INFO  o.s.c.s.PostProcessorRegistrationDelegate$BeanPostProcessorChecker - Bean 'commonConfiguration' of type [io.github.talelin.latticy.common.configuration.CommonConfiguration] is not eligible for getting processed by all BeanPostProcessors (for example: not eligible for auto-proxying)
2021-05-08 00:33:08.525 [main] "  " INFO  o.s.boot.web.embedded.tomcat.TomcatWebServer - Tomcat initialized with port(s): 5000 (http)
2021-05-08 00:33:08.538 [main] "  " INFO  org.apache.coyote.http11.Http11NioProtocol - Initializing ProtocolHandler ["http-nio-5000"]
2021-05-08 00:33:08.539 [main] "  " INFO  org.apache.catalina.core.StandardService - Starting service [Tomcat]
2021-05-08 00:33:08.539 [main] "  " INFO  org.apache.catalina.core.StandardEngine - Starting Servlet engine: [Apache Tomcat/9.0.37]
2021-05-08 00:33:08.541 [main] "  " INFO  org.apache.catalina.core.AprLifecycleListener - Loaded Apache Tomcat Native library [1.2.23] using APR version [1.7.0].
2021-05-08 00:33:08.541 [main] "  " INFO  org.apache.catalina.core.AprLifecycleListener - APR capabilities: IPv6 [true], sendfile [true], accept filters [false], random [true].
2021-05-08 00:33:08.541 [main] "  " INFO  org.apache.catalina.core.AprLifecycleListener - APR/OpenSSL configuration: useAprConnector [false], useOpenSSL [true]
2021-05-08 00:33:08.545 [main] "  " INFO  org.apache.catalina.core.AprLifecycleListener - OpenSSL successfully initialized [OpenSSL 1.1.1c  28 May 2019]
2021-05-08 00:33:08.677 [main] "  " INFO  o.a.c.core.ContainerBase.[Tomcat].[localhost].[/] - Initializing Spring embedded WebApplicationContext
2021-05-08 00:33:08.677 [main] "  " INFO  o.s.b.w.s.c.ServletWebServerApplicationContext - Root WebApplicationContext: initialization completed in 1661 ms
2021-05-08 00:33:09.142 [main] "  " INFO  com.zaxxer.hikari.HikariDataSource - HikariPool-1 - Starting...
2021-05-08 00:33:09.367 [main] "  " INFO  com.zaxxer.hikari.HikariDataSource - HikariPool-1 - Start completed.
2021-05-08 00:33:10.927 [main] "  " INFO  o.s.b.a.s.s.UserDetailsServiceAutoConfiguration - 

Using generated security password: 58a5381c-4727-4764-9526-8f9f265504aa

2021-05-08 00:33:11.210 [main] "  " INFO  o.s.security.web.DefaultSecurityFilterChain - Creating filter chain: any request, [org.springframework.security.web.context.request.async.WebAsyncManagerIntegrationFilter@406ad6d5, org.springframework.security.web.context.SecurityContextPersistenceFilter@5280688, org.springframework.security.web.header.HeaderWriterFilter@54f2df29, org.springframework.web.filter.CorsFilter@2a7bc16b, org.springframework.security.web.authentication.logout.LogoutFilter@b428830, org.springframework.security.web.savedrequest.RequestCacheAwareFilter@61ab6521, org.springframework.security.web.servletapi.SecurityContextHolderAwareRequestFilter@3a5e2525, org.springframework.security.web.authentication.AnonymousAuthenticationFilter@1186374c, org.springframework.security.web.session.SessionManagementFilter@7c5f29c6, org.springframework.security.web.access.ExceptionTranslationFilter@577bfadb, org.springframework.security.web.access.intercept.FilterSecurityInterceptor@2fee69a1]
2021-05-08 00:33:11.280 [main] "  " INFO  o.s.scheduling.concurrent.ThreadPoolTaskExecutor - Initializing ExecutorService 'applicationTaskExecutor'
2021-05-08 00:33:11.541 [main] "  " INFO  org.apache.coyote.http11.Http11NioProtocol - Starting ProtocolHandler ["http-nio-5000"]
2021-05-08 00:33:11.572 [main] "  " INFO  o.s.boot.web.embedded.tomcat.TomcatWebServer - Tomcat started on port(s): 5000 (http) with context path ''
2021-05-08 00:33:11.958 [main] "  " INFO  io.github.talelin.latticy.LatticyApplication - Started LatticyApplication in 5.793 seconds (JVM running for 7.729)
2021-05-08 00:33:35.826 [http-nio-5000-exec-1] "  " INFO  o.a.c.core.ContainerBase.[Tomcat].[localhost].[/] - Initializing Spring DispatcherServlet 'dispatcherServlet'
2021-05-08 00:33:35.827 [http-nio-5000-exec-1] "  " INFO  org.springframework.web.servlet.DispatcherServlet - Initializing Servlet 'dispatcherServlet'
2021-05-08 00:33:35.844 [http-nio-5000-exec-1] "  " INFO  org.springframework.web.servlet.DispatcherServlet - Completed initialization in 17 ms
2021-05-08 00:33:49.179 [http-nio-5000-exec-1] "POST /v1/commend HTTP/1.1" INFO  i.g.t.l.common.interceptor.RequestLogInterceptor - [POST] -> [/v1/commend] from: 0:0:0:0:0:0:0:1 costs: 13292ms
2021-05-08 00:38:10.702 [background-preinit] "  " INFO  org.hibernate.validator.internal.util.Version - HV000001: Hibernate Validator 6.1.5.Final
2021-05-08 00:38:10.726 [main] "  " INFO  io.github.talelin.latticy.LatticyApplication - Starting LatticyApplication on alita with PID 113108 (E:\360MoveData\Users\16508\Desktop\hfuu毕业\code\MedicineRec\target\classes started by 16508 in E:\360MoveData\Users\16508\Desktop\hfuu毕业\code\MedicineRec)
2021-05-08 00:38:10.726 [main] "  " INFO  io.github.talelin.latticy.LatticyApplication - The following profiles are active: dev
2021-05-08 00:38:12.061 [main] "  " INFO  o.s.c.s.PostProcessorRegistrationDelegate$BeanPostProcessorChecker - Bean 'commonConfiguration' of type [io.github.talelin.latticy.common.configuration.CommonConfiguration] is not eligible for getting processed by all BeanPostProcessors (for example: not eligible for auto-proxying)
2021-05-08 00:38:12.368 [main] "  " INFO  o.s.boot.web.embedded.tomcat.TomcatWebServer - Tomcat initialized with port(s): 5000 (http)
2021-05-08 00:38:12.378 [main] "  " INFO  org.apache.coyote.http11.Http11NioProtocol - Initializing ProtocolHandler ["http-nio-5000"]
2021-05-08 00:38:12.379 [main] "  " INFO  org.apache.catalina.core.StandardService - Starting service [Tomcat]
2021-05-08 00:38:12.379 [main] "  " INFO  org.apache.catalina.core.StandardEngine - Starting Servlet engine: [Apache Tomcat/9.0.37]
2021-05-08 00:38:12.381 [main] "  " INFO  org.apache.catalina.core.AprLifecycleListener - Loaded Apache Tomcat Native library [1.2.23] using APR version [1.7.0].
2021-05-08 00:38:12.381 [main] "  " INFO  org.apache.catalina.core.AprLifecycleListener - APR capabilities: IPv6 [true], sendfile [true], accept filters [false], random [true].
2021-05-08 00:38:12.381 [main] "  " INFO  org.apache.catalina.core.AprLifecycleListener - APR/OpenSSL configuration: useAprConnector [false], useOpenSSL [true]
2021-05-08 00:38:12.385 [main] "  " INFO  org.apache.catalina.core.AprLifecycleListener - OpenSSL successfully initialized [OpenSSL 1.1.1c  28 May 2019]
2021-05-08 00:38:12.528 [main] "  " INFO  o.a.c.core.ContainerBase.[Tomcat].[localhost].[/] - Initializing Spring embedded WebApplicationContext
2021-05-08 00:38:12.528 [main] "  " INFO  o.s.b.w.s.c.ServletWebServerApplicationContext - Root WebApplicationContext: initialization completed in 1727 ms
2021-05-08 00:38:12.993 [main] "  " INFO  com.zaxxer.hikari.HikariDataSource - HikariPool-1 - Starting...
2021-05-08 00:38:13.972 [main] "  " INFO  com.zaxxer.hikari.HikariDataSource - HikariPool-1 - Start completed.
2021-05-08 00:38:15.781 [main] "  " INFO  o.s.b.a.s.s.UserDetailsServiceAutoConfiguration - 

Using generated security password: 7a4488ee-0554-42ae-bc8b-c3ba65b3f690

2021-05-08 00:38:16.049 [main] "  " INFO  o.s.security.web.DefaultSecurityFilterChain - Creating filter chain: any request, [org.springframework.security.web.context.request.async.WebAsyncManagerIntegrationFilter@53ba1175, org.springframework.security.web.context.SecurityContextPersistenceFilter@69ffdaa8, org.springframework.security.web.header.HeaderWriterFilter@5f61e002, org.springframework.web.filter.CorsFilter@cd5ff55, org.springframework.security.web.authentication.logout.LogoutFilter@446c8c72, org.springframework.security.web.savedrequest.RequestCacheAwareFilter@68d6f48e, org.springframework.security.web.servletapi.SecurityContextHolderAwareRequestFilter@c758a2d, org.springframework.security.web.authentication.AnonymousAuthenticationFilter@6003220a, org.springframework.security.web.session.SessionManagementFilter@1eab8437, org.springframework.security.web.access.ExceptionTranslationFilter@1247c72e, org.springframework.security.web.access.intercept.FilterSecurityInterceptor@451816fd]
2021-05-08 00:38:16.104 [main] "  " INFO  o.s.scheduling.concurrent.ThreadPoolTaskExecutor - Initializing ExecutorService 'applicationTaskExecutor'
2021-05-08 00:38:16.321 [main] "  " INFO  org.apache.coyote.http11.Http11NioProtocol - Starting ProtocolHandler ["http-nio-5000"]
2021-05-08 00:38:16.347 [main] "  " INFO  o.s.boot.web.embedded.tomcat.TomcatWebServer - Tomcat started on port(s): 5000 (http) with context path ''
2021-05-08 00:38:17.842 [main] "  " INFO  io.github.talelin.latticy.LatticyApplication - Started LatticyApplication in 7.784 seconds (JVM running for 10.131)
2021-05-08 00:38:27.644 [http-nio-5000-exec-2] "  " INFO  o.a.c.core.ContainerBase.[Tomcat].[localhost].[/] - Initializing Spring DispatcherServlet 'dispatcherServlet'
2021-05-08 00:38:27.644 [http-nio-5000-exec-2] "  " INFO  org.springframework.web.servlet.DispatcherServlet - Initializing Servlet 'dispatcherServlet'
2021-05-08 00:38:27.652 [http-nio-5000-exec-2] "  " INFO  org.springframework.web.servlet.DispatcherServlet - Completed initialization in 8 ms
2021-05-08 00:38:55.954 [http-nio-5000-exec-2] "POST /v1/commend HTTP/1.1" INFO  i.g.t.l.common.interceptor.RequestLogInterceptor - [POST] -> [/v1/commend] from: 0:0:0:0:0:0:0:1 costs: 28271ms
2021-05-08 00:39:23.212 [http-nio-5000-exec-4] "POST /v1/commend HTTP/1.1" INFO  i.g.t.l.common.interceptor.RequestLogInterceptor - [POST] -> [/v1/commend] from: 0:0:0:0:0:0:0:1 costs: 23274ms
2021-05-08 01:15:09.219 [background-preinit] "  " INFO  org.hibernate.validator.internal.util.Version - HV000001: Hibernate Validator 6.1.5.Final
2021-05-08 01:15:09.284 [main] "  " INFO  io.github.talelin.latticy.LatticyApplication - Starting LatticyApplication on alita with PID 111532 (E:\360MoveData\Users\16508\Desktop\hfuu毕业\code\MedicineRec\target\classes started by 16508 in E:\360MoveData\Users\16508\Desktop\hfuu毕业\code\MedicineRec)
2021-05-08 01:15:09.286 [main] "  " INFO  io.github.talelin.latticy.LatticyApplication - The following profiles are active: dev
2021-05-08 01:15:10.697 [main] "  " INFO  o.s.c.s.PostProcessorRegistrationDelegate$BeanPostProcessorChecker - Bean 'commonConfiguration' of type [io.github.talelin.latticy.common.configuration.CommonConfiguration] is not eligible for getting processed by all BeanPostProcessors (for example: not eligible for auto-proxying)
2021-05-08 01:15:11.031 [main] "  " INFO  o.s.boot.web.embedded.tomcat.TomcatWebServer - Tomcat initialized with port(s): 5000 (http)
2021-05-08 01:15:11.042 [main] "  " INFO  org.apache.coyote.http11.Http11NioProtocol - Initializing ProtocolHandler ["http-nio-5000"]
2021-05-08 01:15:11.044 [main] "  " INFO  org.apache.catalina.core.StandardService - Starting service [Tomcat]
2021-05-08 01:15:11.044 [main] "  " INFO  org.apache.catalina.core.StandardEngine - Starting Servlet engine: [Apache Tomcat/9.0.37]
2021-05-08 01:15:11.046 [main] "  " INFO  org.apache.catalina.core.AprLifecycleListener - Loaded Apache Tomcat Native library [1.2.23] using APR version [1.7.0].
2021-05-08 01:15:11.047 [main] "  " INFO  org.apache.catalina.core.AprLifecycleListener - APR capabilities: IPv6 [true], sendfile [true], accept filters [false], random [true].
2021-05-08 01:15:11.047 [main] "  " INFO  org.apache.catalina.core.AprLifecycleListener - APR/OpenSSL configuration: useAprConnector [false], useOpenSSL [true]
2021-05-08 01:15:11.051 [main] "  " INFO  org.apache.catalina.core.AprLifecycleListener - OpenSSL successfully initialized [OpenSSL 1.1.1c  28 May 2019]
2021-05-08 01:15:11.178 [main] "  " INFO  o.a.c.core.ContainerBase.[Tomcat].[localhost].[/] - Initializing Spring embedded WebApplicationContext
2021-05-08 01:15:11.179 [main] "  " INFO  o.s.b.w.s.c.ServletWebServerApplicationContext - Root WebApplicationContext: initialization completed in 1807 ms
2021-05-08 01:15:11.559 [main] "  " INFO  com.zaxxer.hikari.HikariDataSource - HikariPool-1 - Starting...
2021-05-08 01:15:12.474 [main] "  " INFO  com.zaxxer.hikari.HikariDataSource - HikariPool-1 - Start completed.
2021-05-08 01:15:14.052 [main] "  " INFO  o.s.b.a.s.s.UserDetailsServiceAutoConfiguration - 

Using generated security password: d4dd6d9d-8ed0-4f89-b3b0-2ce8d6a25be4

2021-05-08 01:15:14.329 [main] "  " INFO  o.s.security.web.DefaultSecurityFilterChain - Creating filter chain: any request, [org.springframework.security.web.context.request.async.WebAsyncManagerIntegrationFilter@29c1249a, org.springframework.security.web.context.SecurityContextPersistenceFilter@25ae1f80, org.springframework.security.web.header.HeaderWriterFilter@5458c71e, org.springframework.web.filter.CorsFilter@5beb6be2, org.springframework.security.web.authentication.logout.LogoutFilter@7103745, org.springframework.security.web.savedrequest.RequestCacheAwareFilter@6df791a4, org.springframework.security.web.servletapi.SecurityContextHolderAwareRequestFilter@100d0218, org.springframework.security.web.authentication.AnonymousAuthenticationFilter@2d6a0766, org.springframework.security.web.session.SessionManagementFilter@64bba0eb, org.springframework.security.web.access.ExceptionTranslationFilter@3f357c9d, org.springframework.security.web.access.intercept.FilterSecurityInterceptor@18e4551]
2021-05-08 01:15:14.378 [main] "  " INFO  o.s.scheduling.concurrent.ThreadPoolTaskExecutor - Initializing ExecutorService 'applicationTaskExecutor'
2021-05-08 01:15:14.653 [main] "  " INFO  org.apache.coyote.http11.Http11NioProtocol - Starting ProtocolHandler ["http-nio-5000"]
2021-05-08 01:15:14.674 [main] "  " INFO  o.s.boot.web.embedded.tomcat.TomcatWebServer - Tomcat started on port(s): 5000 (http) with context path ''
2021-05-08 01:15:16.156 [main] "  " INFO  io.github.talelin.latticy.LatticyApplication - Started LatticyApplication in 7.815 seconds (JVM running for 9.551)
2021-05-08 01:15:54.101 [http-nio-5000-exec-2] "  " INFO  o.a.c.core.ContainerBase.[Tomcat].[localhost].[/] - Initializing Spring DispatcherServlet 'dispatcherServlet'
2021-05-08 01:15:54.101 [http-nio-5000-exec-2] "  " INFO  org.springframework.web.servlet.DispatcherServlet - Initializing Servlet 'dispatcherServlet'
2021-05-08 01:15:54.110 [http-nio-5000-exec-2] "  " INFO  org.springframework.web.servlet.DispatcherServlet - Completed initialization in 9 ms
2021-05-08 01:15:54.932 [http-nio-5000-exec-2] "POST /cms/user/login HTTP/1.1" INFO  i.g.t.l.common.interceptor.RequestLogInterceptor - [POST] -> [/cms/user/login] from: 127.0.0.1 costs: 761ms
2021-05-08 01:15:55.417 [http-nio-5000-exec-3] "GET /cms/user/permissions HTTP/1.1" INFO  i.g.t.l.common.interceptor.RequestLogInterceptor - [GET] -> [/cms/user/permissions] from: 127.0.0.1 costs: 365ms
2021-05-08 01:30:25.955 [background-preinit] "  " INFO  org.hibernate.validator.internal.util.Version - HV000001: Hibernate Validator 6.1.5.Final
2021-05-08 01:30:26.002 [main] "  " INFO  io.github.talelin.latticy.LatticyApplication - Starting LatticyApplication on alita with PID 110964 (E:\360MoveData\Users\16508\Desktop\hfuu毕业\code\MedicineRec\target\classes started by 16508 in E:\360MoveData\Users\16508\Desktop\hfuu毕业\code\MedicineRec)
2021-05-08 01:30:26.003 [main] "  " INFO  io.github.talelin.latticy.LatticyApplication - The following profiles are active: dev
2021-05-08 01:30:27.203 [main] "  " INFO  o.s.c.s.PostProcessorRegistrationDelegate$BeanPostProcessorChecker - Bean 'commonConfiguration' of type [io.github.talelin.latticy.common.configuration.CommonConfiguration] is not eligible for getting processed by all BeanPostProcessors (for example: not eligible for auto-proxying)
2021-05-08 01:30:27.497 [main] "  " INFO  o.s.boot.web.embedded.tomcat.TomcatWebServer - Tomcat initialized with port(s): 5000 (http)
2021-05-08 01:30:27.508 [main] "  " INFO  org.apache.coyote.http11.Http11NioProtocol - Initializing ProtocolHandler ["http-nio-5000"]
2021-05-08 01:30:27.509 [main] "  " INFO  org.apache.catalina.core.StandardService - Starting service [Tomcat]
2021-05-08 01:30:27.509 [main] "  " INFO  org.apache.catalina.core.StandardEngine - Starting Servlet engine: [Apache Tomcat/9.0.37]
2021-05-08 01:30:27.511 [main] "  " INFO  org.apache.catalina.core.AprLifecycleListener - Loaded Apache Tomcat Native library [1.2.23] using APR version [1.7.0].
2021-05-08 01:30:27.512 [main] "  " INFO  org.apache.catalina.core.AprLifecycleListener - APR capabilities: IPv6 [true], sendfile [true], accept filters [false], random [true].
2021-05-08 01:30:27.512 [main] "  " INFO  org.apache.catalina.core.AprLifecycleListener - APR/OpenSSL configuration: useAprConnector [false], useOpenSSL [true]
2021-05-08 01:30:27.515 [main] "  " INFO  org.apache.catalina.core.AprLifecycleListener - OpenSSL successfully initialized [OpenSSL 1.1.1c  28 May 2019]
2021-05-08 01:30:27.696 [main] "  " INFO  o.a.c.core.ContainerBase.[Tomcat].[localhost].[/] - Initializing Spring embedded WebApplicationContext
2021-05-08 01:30:27.696 [main] "  " INFO  o.s.b.w.s.c.ServletWebServerApplicationContext - Root WebApplicationContext: initialization completed in 1635 ms
2021-05-08 01:30:28.147 [main] "  " INFO  com.zaxxer.hikari.HikariDataSource - HikariPool-1 - Starting...
2021-05-08 01:30:29.062 [main] "  " INFO  com.zaxxer.hikari.HikariDataSource - HikariPool-1 - Start completed.
2021-05-08 01:30:30.729 [main] "  " INFO  o.s.b.a.s.s.UserDetailsServiceAutoConfiguration - 

Using generated security password: cf492420-5405-45c3-aab5-8863d16fe85a

2021-05-08 01:30:31.015 [main] "  " INFO  o.s.security.web.DefaultSecurityFilterChain - Creating filter chain: any request, [org.springframework.security.web.context.request.async.WebAsyncManagerIntegrationFilter@7b451bf4, org.springframework.security.web.context.SecurityContextPersistenceFilter@3ea48c37, org.springframework.security.web.header.HeaderWriterFilter@74f4a2ba, org.springframework.web.filter.CorsFilter@844e66d, org.springframework.security.web.authentication.logout.LogoutFilter@223967ea, org.springframework.security.web.savedrequest.RequestCacheAwareFilter@710ae6a7, org.springframework.security.web.servletapi.SecurityContextHolderAwareRequestFilter@36df4c26, org.springframework.security.web.authentication.AnonymousAuthenticationFilter@5b665a30, org.springframework.security.web.session.SessionManagementFilter@6fd1ea75, org.springframework.security.web.access.ExceptionTranslationFilter@d969452, org.springframework.security.web.access.intercept.FilterSecurityInterceptor@2154652c]
2021-05-08 01:30:31.083 [main] "  " INFO  o.s.scheduling.concurrent.ThreadPoolTaskExecutor - Initializing ExecutorService 'applicationTaskExecutor'
2021-05-08 01:30:31.390 [main] "  " INFO  org.apache.coyote.http11.Http11NioProtocol - Starting ProtocolHandler ["http-nio-5000"]
2021-05-08 01:30:31.420 [main] "  " INFO  o.s.boot.web.embedded.tomcat.TomcatWebServer - Tomcat started on port(s): 5000 (http) with context path ''
2021-05-08 01:30:32.881 [main] "  " INFO  io.github.talelin.latticy.LatticyApplication - Started LatticyApplication in 7.833 seconds (JVM running for 9.452)
2021-05-08 01:36:44.170 [background-preinit] "  " INFO  org.hibernate.validator.internal.util.Version - HV000001: Hibernate Validator 6.1.5.Final
2021-05-08 01:36:44.222 [main] "  " INFO  io.github.talelin.latticy.LatticyApplication - Starting LatticyApplication on alita with PID 104904 (E:\360MoveData\Users\16508\Desktop\hfuu毕业\code\MedicineRec\target\classes started by 16508 in E:\360MoveData\Users\16508\Desktop\hfuu毕业\code\MedicineRec)
2021-05-08 01:36:44.222 [main] "  " INFO  io.github.talelin.latticy.LatticyApplication - The following profiles are active: dev
2021-05-08 01:36:45.564 [main] "  " INFO  o.s.c.s.PostProcessorRegistrationDelegate$BeanPostProcessorChecker - Bean 'commonConfiguration' of type [io.github.talelin.latticy.common.configuration.CommonConfiguration] is not eligible for getting processed by all BeanPostProcessors (for example: not eligible for auto-proxying)
2021-05-08 01:36:45.853 [main] "  " INFO  o.s.boot.web.embedded.tomcat.TomcatWebServer - Tomcat initialized with port(s): 5000 (http)
2021-05-08 01:36:45.863 [main] "  " INFO  org.apache.coyote.http11.Http11NioProtocol - Initializing ProtocolHandler ["http-nio-5000"]
2021-05-08 01:36:45.864 [main] "  " INFO  org.apache.catalina.core.StandardService - Starting service [Tomcat]
2021-05-08 01:36:45.874 [main] "  " INFO  org.apache.catalina.core.StandardEngine - Starting Servlet engine: [Apache Tomcat/9.0.37]
2021-05-08 01:36:45.879 [main] "  " INFO  org.apache.catalina.core.AprLifecycleListener - Loaded Apache Tomcat Native library [1.2.23] using APR version [1.7.0].
2021-05-08 01:36:45.880 [main] "  " INFO  org.apache.catalina.core.AprLifecycleListener - APR capabilities: IPv6 [true], sendfile [true], accept filters [false], random [true].
2021-05-08 01:36:45.880 [main] "  " INFO  org.apache.catalina.core.AprLifecycleListener - APR/OpenSSL configuration: useAprConnector [false], useOpenSSL [true]
2021-05-08 01:36:45.883 [main] "  " INFO  org.apache.catalina.core.AprLifecycleListener - OpenSSL successfully initialized [OpenSSL 1.1.1c  28 May 2019]
2021-05-08 01:36:45.998 [main] "  " INFO  o.a.c.core.ContainerBase.[Tomcat].[localhost].[/] - Initializing Spring embedded WebApplicationContext
2021-05-08 01:36:45.998 [main] "  " INFO  o.s.b.w.s.c.ServletWebServerApplicationContext - Root WebApplicationContext: initialization completed in 1718 ms
2021-05-08 01:36:46.382 [main] "  " INFO  com.zaxxer.hikari.HikariDataSource - HikariPool-1 - Starting...
2021-05-08 01:36:47.352 [main] "  " INFO  com.zaxxer.hikari.HikariDataSource - HikariPool-1 - Start completed.
2021-05-08 01:36:48.863 [main] "  " INFO  o.s.b.a.s.s.UserDetailsServiceAutoConfiguration - 

Using generated security password: 9c69336b-aa1c-4bd4-a300-0e76828b6b92

2021-05-08 01:36:49.140 [main] "  " INFO  o.s.security.web.DefaultSecurityFilterChain - Creating filter chain: any request, [org.springframework.security.web.context.request.async.WebAsyncManagerIntegrationFilter@687a0e40, org.springframework.security.web.context.SecurityContextPersistenceFilter@2b9e69fb, org.springframework.security.web.header.HeaderWriterFilter@fe8aaeb, org.springframework.web.filter.CorsFilter@a9e8da1, org.springframework.security.web.authentication.logout.LogoutFilter@3120495d, org.springframework.security.web.savedrequest.RequestCacheAwareFilter@2c579202, org.springframework.security.web.servletapi.SecurityContextHolderAwareRequestFilter@63485d7, org.springframework.security.web.authentication.AnonymousAuthenticationFilter@14b5752f, org.springframework.security.web.session.SessionManagementFilter@650a1aff, org.springframework.security.web.access.ExceptionTranslationFilter@2df3545d, org.springframework.security.web.access.intercept.FilterSecurityInterceptor@5ce3409b]
2021-05-08 01:36:49.207 [main] "  " INFO  o.s.scheduling.concurrent.ThreadPoolTaskExecutor - Initializing ExecutorService 'applicationTaskExecutor'
2021-05-08 01:36:49.543 [main] "  " INFO  org.apache.coyote.http11.Http11NioProtocol - Starting ProtocolHandler ["http-nio-5000"]
2021-05-08 01:36:49.591 [main] "  " INFO  o.s.boot.web.embedded.tomcat.TomcatWebServer - Tomcat started on port(s): 5000 (http) with context path ''
2021-05-08 01:36:51.197 [main] "  " INFO  io.github.talelin.latticy.LatticyApplication - Started LatticyApplication in 7.761 seconds (JVM running for 9.502)
2021-05-08 01:37:07.399 [http-nio-5000-exec-2] "  " INFO  o.a.c.core.ContainerBase.[Tomcat].[localhost].[/] - Initializing Spring DispatcherServlet 'dispatcherServlet'
2021-05-08 01:37:07.399 [http-nio-5000-exec-2] "  " INFO  org.springframework.web.servlet.DispatcherServlet - Initializing Servlet 'dispatcherServlet'
2021-05-08 01:37:07.409 [http-nio-5000-exec-2] "  " INFO  org.springframework.web.servlet.DispatcherServlet - Completed initialization in 10 ms
2021-05-08 01:37:11.662 [http-nio-5000-exec-2] "POST /v1/commend HTTP/1.1" INFO  i.g.t.l.common.interceptor.RequestLogInterceptor - [POST] -> [/v1/commend] from: 0:0:0:0:0:0:0:1 costs: 4222ms
