2021-05-06 14:54:48.424 [background-preinit] "  " INFO  org.hibernate.validator.internal.util.Version - HV000001: Hibernate Validator 6.1.5.Final
2021-05-06 14:54:48.462 [main] "  " INFO  io.github.talelin.latticy.LatticyApplication - Starting LatticyApplication on LAPTOP-GHF38DLF with PID 3320 (E:\hfuuCode\MedicineRec\target\classes started by 梦有心相伴 in E:\hfuuCode\MedicineRec)
2021-05-06 14:54:48.463 [main] "  " INFO  io.github.talelin.latticy.LatticyApplication - The following profiles are active: dev
2021-05-06 14:54:50.707 [main] "  " INFO  o.s.c.s.PostProcessorRegistrationDelegate$BeanPostProcessorChecker - Bean 'commonConfiguration' of type [io.github.talelin.latticy.common.configuration.CommonConfiguration] is not eligible for getting processed by all BeanPostProcessors (for example: not eligible for auto-proxying)
2021-05-06 14:54:51.184 [main] "  " INFO  o.s.boot.web.embedded.tomcat.TomcatWebServer - Tomcat initialized with port(s): 5000 (http)
2021-05-06 14:54:51.199 [main] "  " INFO  org.apache.coyote.http11.Http11NioProtocol - Initializing ProtocolHandler ["http-nio-5000"]
2021-05-06 14:54:51.200 [main] "  " INFO  org.apache.catalina.core.StandardService - Starting service [Tomcat]
2021-05-06 14:54:51.200 [main] "  " INFO  org.apache.catalina.core.StandardEngine - Starting Servlet engine: [Apache Tomcat/9.0.37]
2021-05-06 14:54:51.202 [main] "  " INFO  org.apache.catalina.core.AprLifecycleListener - An older version [1.2.21] of the Apache Tomcat Native library is installed, while Tomcat recommends a minimum version of [1.2.23]
2021-05-06 14:54:51.204 [main] "  " INFO  org.apache.catalina.core.AprLifecycleListener - Loaded Apache Tomcat Native library [1.2.21] using APR version [1.6.5].
2021-05-06 14:54:51.204 [main] "  " INFO  org.apache.catalina.core.AprLifecycleListener - APR capabilities: IPv6 [true], sendfile [true], accept filters [false], random [true].
2021-05-06 14:54:51.204 [main] "  " INFO  org.apache.catalina.core.AprLifecycleListener - APR/OpenSSL configuration: useAprConnector [false], useOpenSSL [true]
2021-05-06 14:54:51.376 [main] "  " INFO  org.apache.catalina.core.AprLifecycleListener - OpenSSL successfully initialized [OpenSSL 1.1.1a  20 Nov 2018]
2021-05-06 14:54:51.557 [main] "  " INFO  o.a.c.core.ContainerBase.[Tomcat].[localhost].[/] - Initializing Spring embedded WebApplicationContext
2021-05-06 14:54:51.557 [main] "  " INFO  o.s.b.w.s.c.ServletWebServerApplicationContext - Root WebApplicationContext: initialization completed in 3041 ms
2021-05-06 14:54:52.069 [main] "  " INFO  com.zaxxer.hikari.HikariDataSource - HikariPool-1 - Starting...
2021-05-06 14:54:52.782 [main] "  " INFO  com.zaxxer.hikari.HikariDataSource - HikariPool-1 - Start completed.
2021-05-06 14:54:54.972 [main] "  " INFO  o.s.scheduling.concurrent.ThreadPoolTaskExecutor - Initializing ExecutorService 'applicationTaskExecutor'
2021-05-06 14:54:55.301 [main] "  " INFO  org.apache.coyote.http11.Http11NioProtocol - Starting ProtocolHandler ["http-nio-5000"]
2021-05-06 14:54:55.332 [main] "  " INFO  o.s.boot.web.embedded.tomcat.TomcatWebServer - Tomcat started on port(s): 5000 (http) with context path ''
2021-05-06 14:54:56.447 [main] "  " INFO  io.github.talelin.latticy.LatticyApplication - Started LatticyApplication in 8.81 seconds (JVM running for 10.646)
2021-05-06 14:57:54.063 [background-preinit] "  " INFO  org.hibernate.validator.internal.util.Version - HV000001: Hibernate Validator 6.1.5.Final
2021-05-06 14:57:54.077 [main] "  " INFO  io.github.talelin.latticy.LatticyApplication - Starting LatticyApplication on LAPTOP-GHF38DLF with PID 14080 (E:\hfuuCode\MedicineRec\target\classes started by 梦有心相伴 in E:\hfuuCode\MedicineRec)
2021-05-06 14:57:54.077 [main] "  " INFO  io.github.talelin.latticy.LatticyApplication - The following profiles are active: dev
2021-05-06 14:57:55.109 [main] "  " INFO  o.s.c.s.PostProcessorRegistrationDelegate$BeanPostProcessorChecker - Bean 'commonConfiguration' of type [io.github.talelin.latticy.common.configuration.CommonConfiguration] is not eligible for getting processed by all BeanPostProcessors (for example: not eligible for auto-proxying)
2021-05-06 14:57:55.386 [main] "  " INFO  o.s.boot.web.embedded.tomcat.TomcatWebServer - Tomcat initialized with port(s): 5000 (http)
2021-05-06 14:57:55.395 [main] "  " INFO  org.apache.coyote.http11.Http11NioProtocol - Initializing ProtocolHandler ["http-nio-5000"]
2021-05-06 14:57:55.396 [main] "  " INFO  org.apache.catalina.core.StandardService - Starting service [Tomcat]
2021-05-06 14:57:55.396 [main] "  " INFO  org.apache.catalina.core.StandardEngine - Starting Servlet engine: [Apache Tomcat/9.0.37]
2021-05-06 14:57:55.398 [main] "  " INFO  org.apache.catalina.core.AprLifecycleListener - An older version [1.2.21] of the Apache Tomcat Native library is installed, while Tomcat recommends a minimum version of [1.2.23]
2021-05-06 14:57:55.398 [main] "  " INFO  org.apache.catalina.core.AprLifecycleListener - Loaded Apache Tomcat Native library [1.2.21] using APR version [1.6.5].
2021-05-06 14:57:55.398 [main] "  " INFO  org.apache.catalina.core.AprLifecycleListener - APR capabilities: IPv6 [true], sendfile [true], accept filters [false], random [true].
2021-05-06 14:57:55.398 [main] "  " INFO  org.apache.catalina.core.AprLifecycleListener - APR/OpenSSL configuration: useAprConnector [false], useOpenSSL [true]
2021-05-06 14:57:55.402 [main] "  " INFO  org.apache.catalina.core.AprLifecycleListener - OpenSSL successfully initialized [OpenSSL 1.1.1a  20 Nov 2018]
2021-05-06 14:57:55.535 [main] "  " INFO  o.a.c.core.ContainerBase.[Tomcat].[localhost].[/] - Initializing Spring embedded WebApplicationContext
2021-05-06 14:57:55.536 [main] "  " INFO  o.s.b.w.s.c.ServletWebServerApplicationContext - Root WebApplicationContext: initialization completed in 1406 ms
2021-05-06 14:57:55.887 [main] "  " INFO  com.zaxxer.hikari.HikariDataSource - HikariPool-1 - Starting...
2021-05-06 14:57:56.604 [main] "  " INFO  com.zaxxer.hikari.HikariDataSource - HikariPool-1 - Start completed.
2021-05-06 14:57:58.307 [main] "  " INFO  o.s.scheduling.concurrent.ThreadPoolTaskExecutor - Initializing ExecutorService 'applicationTaskExecutor'
2021-05-06 14:57:58.567 [main] "  " INFO  org.apache.coyote.http11.Http11NioProtocol - Starting ProtocolHandler ["http-nio-5000"]
2021-05-06 14:57:58.598 [main] "  " INFO  o.s.boot.web.embedded.tomcat.TomcatWebServer - Tomcat started on port(s): 5000 (http) with context path ''
2021-05-06 14:57:59.691 [main] "  " INFO  io.github.talelin.latticy.LatticyApplication - Started LatticyApplication in 6.25 seconds (JVM running for 7.777)
2021-05-06 14:59:04.674 [background-preinit] "  " INFO  org.hibernate.validator.internal.util.Version - HV000001: Hibernate Validator 6.1.5.Final
2021-05-06 14:59:04.716 [main] "  " INFO  io.github.talelin.latticy.LatticyApplication - Starting LatticyApplication on LAPTOP-GHF38DLF with PID 23344 (E:\hfuuCode\MedicineRec\target\classes started by 梦有心相伴 in E:\hfuuCode\MedicineRec)
2021-05-06 14:59:04.717 [main] "  " INFO  io.github.talelin.latticy.LatticyApplication - The following profiles are active: dev
2021-05-06 14:59:05.865 [main] "  " INFO  o.s.c.s.PostProcessorRegistrationDelegate$BeanPostProcessorChecker - Bean 'commonConfiguration' of type [io.github.talelin.latticy.common.configuration.CommonConfiguration] is not eligible for getting processed by all BeanPostProcessors (for example: not eligible for auto-proxying)
2021-05-06 14:59:06.147 [main] "  " INFO  o.s.boot.web.embedded.tomcat.TomcatWebServer - Tomcat initialized with port(s): 5000 (http)
2021-05-06 14:59:06.157 [main] "  " INFO  org.apache.coyote.http11.Http11NioProtocol - Initializing ProtocolHandler ["http-nio-5000"]
2021-05-06 14:59:06.157 [main] "  " INFO  org.apache.catalina.core.StandardService - Starting service [Tomcat]
2021-05-06 14:59:06.157 [main] "  " INFO  org.apache.catalina.core.StandardEngine - Starting Servlet engine: [Apache Tomcat/9.0.37]
2021-05-06 14:59:06.159 [main] "  " INFO  org.apache.catalina.core.AprLifecycleListener - An older version [1.2.21] of the Apache Tomcat Native library is installed, while Tomcat recommends a minimum version of [1.2.23]
2021-05-06 14:59:06.159 [main] "  " INFO  org.apache.catalina.core.AprLifecycleListener - Loaded Apache Tomcat Native library [1.2.21] using APR version [1.6.5].
2021-05-06 14:59:06.160 [main] "  " INFO  org.apache.catalina.core.AprLifecycleListener - APR capabilities: IPv6 [true], sendfile [true], accept filters [false], random [true].
2021-05-06 14:59:06.160 [main] "  " INFO  org.apache.catalina.core.AprLifecycleListener - APR/OpenSSL configuration: useAprConnector [false], useOpenSSL [true]
2021-05-06 14:59:06.164 [main] "  " INFO  org.apache.catalina.core.AprLifecycleListener - OpenSSL successfully initialized [OpenSSL 1.1.1a  20 Nov 2018]
2021-05-06 14:59:06.307 [main] "  " INFO  o.a.c.core.ContainerBase.[Tomcat].[localhost].[/] - Initializing Spring embedded WebApplicationContext
2021-05-06 14:59:06.308 [main] "  " INFO  o.s.b.w.s.c.ServletWebServerApplicationContext - Root WebApplicationContext: initialization completed in 1530 ms
2021-05-06 14:59:06.642 [main] "  " INFO  com.zaxxer.hikari.HikariDataSource - HikariPool-1 - Starting...
2021-05-06 14:59:07.317 [main] "  " INFO  com.zaxxer.hikari.HikariDataSource - HikariPool-1 - Start completed.
2021-05-06 14:59:09.170 [main] "  " INFO  o.s.scheduling.concurrent.ThreadPoolTaskExecutor - Initializing ExecutorService 'applicationTaskExecutor'
2021-05-06 14:59:09.421 [main] "  " INFO  org.apache.coyote.http11.Http11NioProtocol - Starting ProtocolHandler ["http-nio-5000"]
2021-05-06 14:59:09.444 [main] "  " INFO  o.s.boot.web.embedded.tomcat.TomcatWebServer - Tomcat started on port(s): 5000 (http) with context path ''
2021-05-06 14:59:10.573 [main] "  " INFO  io.github.talelin.latticy.LatticyApplication - Started LatticyApplication in 6.688 seconds (JVM running for 8.001)
2021-05-06 15:04:06.484 [background-preinit] "  " INFO  org.hibernate.validator.internal.util.Version - HV000001: Hibernate Validator 6.1.5.Final
2021-05-06 15:04:06.505 [main] "  " INFO  io.github.talelin.latticy.LatticyApplication - Starting LatticyApplication on LAPTOP-GHF38DLF with PID 19608 (E:\hfuuCode\MedicineRec\target\classes started by 梦有心相伴 in E:\hfuuCode\MedicineRec)
2021-05-06 15:04:06.505 [main] "  " INFO  io.github.talelin.latticy.LatticyApplication - The following profiles are active: dev
2021-05-06 15:04:07.797 [main] "  " INFO  o.s.c.s.PostProcessorRegistrationDelegate$BeanPostProcessorChecker - Bean 'commonConfiguration' of type [io.github.talelin.latticy.common.configuration.CommonConfiguration] is not eligible for getting processed by all BeanPostProcessors (for example: not eligible for auto-proxying)
2021-05-06 15:04:08.099 [main] "  " INFO  o.s.boot.web.embedded.tomcat.TomcatWebServer - Tomcat initialized with port(s): 5000 (http)
2021-05-06 15:04:08.110 [main] "  " INFO  org.apache.coyote.http11.Http11NioProtocol - Initializing ProtocolHandler ["http-nio-5000"]
2021-05-06 15:04:08.111 [main] "  " INFO  org.apache.catalina.core.StandardService - Starting service [Tomcat]
2021-05-06 15:04:08.111 [main] "  " INFO  org.apache.catalina.core.StandardEngine - Starting Servlet engine: [Apache Tomcat/9.0.37]
2021-05-06 15:04:08.113 [main] "  " INFO  org.apache.catalina.core.AprLifecycleListener - An older version [1.2.21] of the Apache Tomcat Native library is installed, while Tomcat recommends a minimum version of [1.2.23]
2021-05-06 15:04:08.113 [main] "  " INFO  org.apache.catalina.core.AprLifecycleListener - Loaded Apache Tomcat Native library [1.2.21] using APR version [1.6.5].
2021-05-06 15:04:08.113 [main] "  " INFO  org.apache.catalina.core.AprLifecycleListener - APR capabilities: IPv6 [true], sendfile [true], accept filters [false], random [true].
2021-05-06 15:04:08.113 [main] "  " INFO  org.apache.catalina.core.AprLifecycleListener - APR/OpenSSL configuration: useAprConnector [false], useOpenSSL [true]
2021-05-06 15:04:08.117 [main] "  " INFO  org.apache.catalina.core.AprLifecycleListener - OpenSSL successfully initialized [OpenSSL 1.1.1a  20 Nov 2018]
2021-05-06 15:04:08.264 [main] "  " INFO  o.a.c.core.ContainerBase.[Tomcat].[localhost].[/] - Initializing Spring embedded WebApplicationContext
2021-05-06 15:04:08.265 [main] "  " INFO  o.s.b.w.s.c.ServletWebServerApplicationContext - Root WebApplicationContext: initialization completed in 1709 ms
2021-05-06 15:04:08.637 [main] "  " INFO  com.zaxxer.hikari.HikariDataSource - HikariPool-1 - Starting...
2021-05-06 15:04:09.621 [main] "  " INFO  com.zaxxer.hikari.HikariDataSource - HikariPool-1 - Start completed.
2021-05-06 15:04:11.497 [main] "  " INFO  o.s.scheduling.concurrent.ThreadPoolTaskExecutor - Initializing ExecutorService 'applicationTaskExecutor'
2021-05-06 15:04:11.754 [main] "  " INFO  org.apache.coyote.http11.Http11NioProtocol - Starting ProtocolHandler ["http-nio-5000"]
2021-05-06 15:04:11.777 [main] "  " INFO  o.s.boot.web.embedded.tomcat.TomcatWebServer - Tomcat started on port(s): 5000 (http) with context path ''
2021-05-06 15:04:12.898 [main] "  " INFO  io.github.talelin.latticy.LatticyApplication - Started LatticyApplication in 6.992 seconds (JVM running for 8.354)
2021-05-06 15:41:20.066 [http-nio-5000-exec-1] "  " INFO  o.a.c.core.ContainerBase.[Tomcat].[localhost].[/] - Initializing Spring DispatcherServlet 'dispatcherServlet'
2021-05-06 15:41:20.067 [http-nio-5000-exec-1] "  " INFO  org.springframework.web.servlet.DispatcherServlet - Initializing Servlet 'dispatcherServlet'
2021-05-06 15:41:20.073 [http-nio-5000-exec-1] "  " INFO  org.springframework.web.servlet.DispatcherServlet - Completed initialization in 6 ms
2021-05-06 15:41:20.109 [http-nio-5000-exec-1] "OPTIONS /v1/commend HTTP/1.1" INFO  i.g.t.l.common.interceptor.RequestLogInterceptor - [OPTIONS] -> [/v1/commend] from: 127.0.0.1 costs: 17ms
2021-05-06 15:41:20.196 [http-nio-5000-exec-3] "POST /v1/commend HTTP/1.1" INFO  i.g.t.l.common.interceptor.RequestLogInterceptor - [POST] -> [/v1/commend] from: 127.0.0.1 costs: 71ms
2021-05-06 15:51:28.642 [http-nio-5000-exec-2] "POST /v1/commend HTTP/1.1" INFO  i.g.t.l.common.interceptor.RequestLogInterceptor - [POST] -> [/v1/commend] from: 127.0.0.1 costs: 6ms
2021-05-06 15:51:31.608 [http-nio-5000-exec-4] "POST /v1/commend HTTP/1.1" INFO  i.g.t.l.common.interceptor.RequestLogInterceptor - [POST] -> [/v1/commend] from: 127.0.0.1 costs: 7ms
2021-05-06 15:51:34.235 [http-nio-5000-exec-5] "POST /v1/commend HTTP/1.1" INFO  i.g.t.l.common.interceptor.RequestLogInterceptor - [POST] -> [/v1/commend] from: 127.0.0.1 costs: 5ms
2021-05-06 15:53:05.033 [http-nio-5000-exec-6] "POST /v1/commend HTTP/1.1" INFO  i.g.t.l.common.interceptor.RequestLogInterceptor - [POST] -> [/v1/commend] from: 127.0.0.1 costs: 4ms
2021-05-06 15:53:08.567 [http-nio-5000-exec-7] "POST /v1/commend HTTP/1.1" INFO  i.g.t.l.common.interceptor.RequestLogInterceptor - [POST] -> [/v1/commend] from: 127.0.0.1 costs: 4ms
2021-05-06 15:53:14.773 [http-nio-5000-exec-8] "POST /v1/commend HTTP/1.1" INFO  i.g.t.l.common.interceptor.RequestLogInterceptor - [POST] -> [/v1/commend] from: 127.0.0.1 costs: 4ms
2021-05-06 15:53:54.670 [http-nio-5000-exec-9] "POST /v1/commend HTTP/1.1" INFO  i.g.t.l.common.interceptor.RequestLogInterceptor - [POST] -> [/v1/commend] from: 127.0.0.1 costs: 3ms
2021-05-06 15:53:55.611 [http-nio-5000-exec-10] "POST /v1/commend HTTP/1.1" INFO  i.g.t.l.common.interceptor.RequestLogInterceptor - [POST] -> [/v1/commend] from: 127.0.0.1 costs: 0ms
2021-05-06 15:53:59.544 [http-nio-5000-exec-1] "POST /v1/commend HTTP/1.1" INFO  i.g.t.l.common.interceptor.RequestLogInterceptor - [POST] -> [/v1/commend] from: 127.0.0.1 costs: 7ms
2021-05-06 15:54:02.783 [http-nio-5000-exec-3] "POST /v1/commend HTTP/1.1" INFO  i.g.t.l.common.interceptor.RequestLogInterceptor - [POST] -> [/v1/commend] from: 127.0.0.1 costs: 3ms
2021-05-06 15:55:29.652 [http-nio-5000-exec-2] "POST /v1/commend HTTP/1.1" INFO  i.g.t.l.common.interceptor.RequestLogInterceptor - [POST] -> [/v1/commend] from: 127.0.0.1 costs: 5ms
2021-05-06 16:09:07.754 [background-preinit] "  " INFO  org.hibernate.validator.internal.util.Version - HV000001: Hibernate Validator 6.1.5.Final
2021-05-06 16:09:07.816 [main] "  " INFO  io.github.talelin.latticy.LatticyApplication - Starting LatticyApplication on LAPTOP-GHF38DLF with PID 11780 (E:\hfuuCode\MedicineRec\target\classes started by 梦有心相伴 in E:\hfuuCode\MedicineRec)
2021-05-06 16:09:07.816 [main] "  " INFO  io.github.talelin.latticy.LatticyApplication - The following profiles are active: dev
2021-05-06 16:09:09.001 [main] "  " INFO  o.s.c.s.PostProcessorRegistrationDelegate$BeanPostProcessorChecker - Bean 'commonConfiguration' of type [io.github.talelin.latticy.common.configuration.CommonConfiguration] is not eligible for getting processed by all BeanPostProcessors (for example: not eligible for auto-proxying)
2021-05-06 16:09:09.251 [main] "  " INFO  o.s.boot.web.embedded.tomcat.TomcatWebServer - Tomcat initialized with port(s): 5000 (http)
2021-05-06 16:09:09.251 [main] "  " INFO  org.apache.coyote.http11.Http11NioProtocol - Initializing ProtocolHandler ["http-nio-5000"]
2021-05-06 16:09:09.251 [main] "  " INFO  org.apache.catalina.core.StandardService - Starting service [Tomcat]
2021-05-06 16:09:09.251 [main] "  " INFO  org.apache.catalina.core.StandardEngine - Starting Servlet engine: [Apache Tomcat/9.0.37]
2021-05-06 16:09:09.251 [main] "  " INFO  org.apache.catalina.core.AprLifecycleListener - An older version [1.2.21] of the Apache Tomcat Native library is installed, while Tomcat recommends a minimum version of [1.2.23]
2021-05-06 16:09:09.251 [main] "  " INFO  org.apache.catalina.core.AprLifecycleListener - Loaded Apache Tomcat Native library [1.2.21] using APR version [1.6.5].
2021-05-06 16:09:09.251 [main] "  " INFO  org.apache.catalina.core.AprLifecycleListener - APR capabilities: IPv6 [true], sendfile [true], accept filters [false], random [true].
2021-05-06 16:09:09.251 [main] "  " INFO  org.apache.catalina.core.AprLifecycleListener - APR/OpenSSL configuration: useAprConnector [false], useOpenSSL [true]
2021-05-06 16:09:09.251 [main] "  " INFO  org.apache.catalina.core.AprLifecycleListener - OpenSSL successfully initialized [OpenSSL 1.1.1a  20 Nov 2018]
2021-05-06 16:09:09.376 [main] "  " INFO  o.a.c.core.ContainerBase.[Tomcat].[localhost].[/] - Initializing Spring embedded WebApplicationContext
2021-05-06 16:09:09.376 [main] "  " INFO  o.s.b.w.s.c.ServletWebServerApplicationContext - Root WebApplicationContext: initialization completed in 1451 ms
2021-05-06 16:09:09.704 [main] "  " INFO  com.zaxxer.hikari.HikariDataSource - HikariPool-1 - Starting...
2021-05-06 16:09:10.379 [main] "  " INFO  com.zaxxer.hikari.HikariDataSource - HikariPool-1 - Start completed.
2021-05-06 16:09:12.114 [main] "  " INFO  o.s.scheduling.concurrent.ThreadPoolTaskExecutor - Initializing ExecutorService 'applicationTaskExecutor'
2021-05-06 16:09:12.192 [main] "  " INFO  o.s.scheduling.concurrent.ThreadPoolTaskExecutor - Shutting down ExecutorService 'applicationTaskExecutor'
2021-05-06 16:09:12.192 [main] "  " INFO  com.zaxxer.hikari.HikariDataSource - HikariPool-1 - Shutdown initiated...
2021-05-06 16:09:12.520 [main] "  " INFO  com.zaxxer.hikari.HikariDataSource - HikariPool-1 - Shutdown completed.
2021-05-06 16:09:12.520 [main] "  " INFO  org.apache.catalina.core.StandardService - Stopping service [Tomcat]
2021-05-06 16:09:12.551 [main] "  " INFO  o.s.b.a.l.ConditionEvaluationReportLoggingListener - 

Error starting ApplicationContext. To display the conditions report re-run your application with 'debug' enabled.
2021-05-06 16:20:41.004 [background-preinit] "  " INFO  org.hibernate.validator.internal.util.Version - HV000001: Hibernate Validator 6.1.5.Final
2021-05-06 16:20:41.020 [main] "  " INFO  io.github.talelin.latticy.LatticyApplication - Starting LatticyApplication on LAPTOP-GHF38DLF with PID 19260 (E:\hfuuCode\MedicineRec\target\classes started by 梦有心相伴 in E:\hfuuCode\MedicineRec)
2021-05-06 16:20:41.020 [main] "  " INFO  io.github.talelin.latticy.LatticyApplication - The following profiles are active: dev
2021-05-06 16:20:42.297 [main] "  " INFO  o.s.c.s.PostProcessorRegistrationDelegate$BeanPostProcessorChecker - Bean 'commonConfiguration' of type [io.github.talelin.latticy.common.configuration.CommonConfiguration] is not eligible for getting processed by all BeanPostProcessors (for example: not eligible for auto-proxying)
2021-05-06 16:20:42.563 [main] "  " INFO  o.s.boot.web.embedded.tomcat.TomcatWebServer - Tomcat initialized with port(s): 5000 (http)
2021-05-06 16:20:42.563 [main] "  " INFO  org.apache.coyote.http11.Http11NioProtocol - Initializing ProtocolHandler ["http-nio-5000"]
2021-05-06 16:20:42.563 [main] "  " INFO  org.apache.catalina.core.StandardService - Starting service [Tomcat]
2021-05-06 16:20:42.563 [main] "  " INFO  org.apache.catalina.core.StandardEngine - Starting Servlet engine: [Apache Tomcat/9.0.37]
2021-05-06 16:20:42.579 [main] "  " INFO  org.apache.catalina.core.AprLifecycleListener - An older version [1.2.21] of the Apache Tomcat Native library is installed, while Tomcat recommends a minimum version of [1.2.23]
2021-05-06 16:20:42.579 [main] "  " INFO  org.apache.catalina.core.AprLifecycleListener - Loaded Apache Tomcat Native library [1.2.21] using APR version [1.6.5].
2021-05-06 16:20:42.579 [main] "  " INFO  org.apache.catalina.core.AprLifecycleListener - APR capabilities: IPv6 [true], sendfile [true], accept filters [false], random [true].
2021-05-06 16:20:42.579 [main] "  " INFO  org.apache.catalina.core.AprLifecycleListener - APR/OpenSSL configuration: useAprConnector [false], useOpenSSL [true]
2021-05-06 16:20:42.579 [main] "  " INFO  org.apache.catalina.core.AprLifecycleListener - OpenSSL successfully initialized [OpenSSL 1.1.1a  20 Nov 2018]
2021-05-06 16:20:42.735 [main] "  " INFO  o.a.c.core.ContainerBase.[Tomcat].[localhost].[/] - Initializing Spring embedded WebApplicationContext
2021-05-06 16:20:42.735 [main] "  " INFO  o.s.b.w.s.c.ServletWebServerApplicationContext - Root WebApplicationContext: initialization completed in 1637 ms
2021-05-06 16:20:43.082 [main] "  " INFO  com.zaxxer.hikari.HikariDataSource - HikariPool-1 - Starting...
2021-05-06 16:20:43.723 [main] "  " INFO  com.zaxxer.hikari.HikariDataSource - HikariPool-1 - Start completed.
2021-05-06 16:20:45.473 [main] "  " INFO  o.s.scheduling.concurrent.ThreadPoolTaskExecutor - Initializing ExecutorService 'applicationTaskExecutor'
2021-05-06 16:20:45.551 [main] "  " INFO  o.s.scheduling.concurrent.ThreadPoolTaskExecutor - Shutting down ExecutorService 'applicationTaskExecutor'
2021-05-06 16:20:45.551 [main] "  " INFO  com.zaxxer.hikari.HikariDataSource - HikariPool-1 - Shutdown initiated...
2021-05-06 16:20:45.894 [main] "  " INFO  com.zaxxer.hikari.HikariDataSource - HikariPool-1 - Shutdown completed.
2021-05-06 16:20:45.894 [main] "  " INFO  org.apache.catalina.core.StandardService - Stopping service [Tomcat]
2021-05-06 16:20:45.910 [main] "  " INFO  o.s.b.a.l.ConditionEvaluationReportLoggingListener - 

Error starting ApplicationContext. To display the conditions report re-run your application with 'debug' enabled.
2021-05-06 16:24:26.662 [background-preinit] "  " INFO  org.hibernate.validator.internal.util.Version - HV000001: Hibernate Validator 6.1.5.Final
2021-05-06 16:24:26.687 [main] "  " INFO  io.github.talelin.latticy.LatticyApplication - Starting LatticyApplication on LAPTOP-GHF38DLF with PID 21544 (E:\hfuuCode\MedicineRec\target\classes started by 梦有心相伴 in E:\hfuuCode\MedicineRec)
2021-05-06 16:24:26.688 [main] "  " INFO  io.github.talelin.latticy.LatticyApplication - The following profiles are active: dev
2021-05-06 16:24:28.017 [main] "  " INFO  o.s.c.s.PostProcessorRegistrationDelegate$BeanPostProcessorChecker - Bean 'commonConfiguration' of type [io.github.talelin.latticy.common.configuration.CommonConfiguration] is not eligible for getting processed by all BeanPostProcessors (for example: not eligible for auto-proxying)
2021-05-06 16:24:28.342 [main] "  " INFO  o.s.boot.web.embedded.tomcat.TomcatWebServer - Tomcat initialized with port(s): 5000 (http)
2021-05-06 16:24:28.351 [main] "  " INFO  org.apache.coyote.http11.Http11NioProtocol - Initializing ProtocolHandler ["http-nio-5000"]
2021-05-06 16:24:28.351 [main] "  " INFO  org.apache.catalina.core.StandardService - Starting service [Tomcat]
2021-05-06 16:24:28.352 [main] "  " INFO  org.apache.catalina.core.StandardEngine - Starting Servlet engine: [Apache Tomcat/9.0.37]
2021-05-06 16:24:28.353 [main] "  " INFO  org.apache.catalina.core.AprLifecycleListener - An older version [1.2.21] of the Apache Tomcat Native library is installed, while Tomcat recommends a minimum version of [1.2.23]
2021-05-06 16:24:28.353 [main] "  " INFO  org.apache.catalina.core.AprLifecycleListener - Loaded Apache Tomcat Native library [1.2.21] using APR version [1.6.5].
2021-05-06 16:24:28.353 [main] "  " INFO  org.apache.catalina.core.AprLifecycleListener - APR capabilities: IPv6 [true], sendfile [true], accept filters [false], random [true].
2021-05-06 16:24:28.353 [main] "  " INFO  org.apache.catalina.core.AprLifecycleListener - APR/OpenSSL configuration: useAprConnector [false], useOpenSSL [true]
2021-05-06 16:24:28.357 [main] "  " INFO  org.apache.catalina.core.AprLifecycleListener - OpenSSL successfully initialized [OpenSSL 1.1.1a  20 Nov 2018]
2021-05-06 16:24:28.506 [main] "  " INFO  o.a.c.core.ContainerBase.[Tomcat].[localhost].[/] - Initializing Spring embedded WebApplicationContext
2021-05-06 16:24:28.506 [main] "  " INFO  o.s.b.w.s.c.ServletWebServerApplicationContext - Root WebApplicationContext: initialization completed in 1735 ms
2021-05-06 16:24:28.878 [main] "  " INFO  com.zaxxer.hikari.HikariDataSource - HikariPool-1 - Starting...
2021-05-06 16:24:29.482 [main] "  " INFO  com.zaxxer.hikari.HikariDataSource - HikariPool-1 - Start completed.
2021-05-06 16:24:31.204 [main] "  " INFO  o.s.scheduling.concurrent.ThreadPoolTaskExecutor - Initializing ExecutorService 'applicationTaskExecutor'
2021-05-06 16:24:31.433 [main] "  " INFO  org.apache.coyote.http11.Http11NioProtocol - Starting ProtocolHandler ["http-nio-5000"]
2021-05-06 16:24:31.457 [main] "  " INFO  o.s.boot.web.embedded.tomcat.TomcatWebServer - Tomcat started on port(s): 5000 (http) with context path ''
2021-05-06 16:24:32.449 [main] "  " INFO  io.github.talelin.latticy.LatticyApplication - Started LatticyApplication in 6.418 seconds (JVM running for 7.756)
2021-05-06 16:24:53.693 [http-nio-5000-exec-1] "  " INFO  o.a.c.core.ContainerBase.[Tomcat].[localhost].[/] - Initializing Spring DispatcherServlet 'dispatcherServlet'
2021-05-06 16:24:53.694 [http-nio-5000-exec-1] "  " INFO  org.springframework.web.servlet.DispatcherServlet - Initializing Servlet 'dispatcherServlet'
2021-05-06 16:24:53.703 [http-nio-5000-exec-1] "  " INFO  org.springframework.web.servlet.DispatcherServlet - Completed initialization in 9 ms
2021-05-06 16:24:53.897 [http-nio-5000-exec-1] "POST /v1/commend HTTP/1.1" INFO  i.g.t.l.common.interceptor.RequestLogInterceptor - [POST] -> [/v1/commend] from: 127.0.0.1 costs: 165ms
2021-05-06 16:24:56.150 [http-nio-5000-exec-2] "POST /v1/commend HTTP/1.1" INFO  i.g.t.l.common.interceptor.RequestLogInterceptor - [POST] -> [/v1/commend] from: 127.0.0.1 costs: 16ms
2021-05-06 16:25:20.144 [http-nio-5000-exec-3] "POST /v1/commend HTTP/1.1" INFO  i.g.t.l.common.interceptor.RequestLogInterceptor - [POST] -> [/v1/commend] from: 127.0.0.1 costs: 5ms
2021-05-06 16:25:21.195 [http-nio-5000-exec-4] "POST /v1/commend HTTP/1.1" INFO  i.g.t.l.common.interceptor.RequestLogInterceptor - [POST] -> [/v1/commend] from: 127.0.0.1 costs: 4ms
2021-05-06 16:26:37.724 [background-preinit] "  " INFO  org.hibernate.validator.internal.util.Version - HV000001: Hibernate Validator 6.1.5.Final
2021-05-06 16:26:37.733 [main] "  " INFO  io.github.talelin.latticy.LatticyApplication - Starting LatticyApplication on LAPTOP-GHF38DLF with PID 17960 (E:\hfuuCode\MedicineRec\target\classes started by 梦有心相伴 in E:\hfuuCode\MedicineRec)
2021-05-06 16:26:37.734 [main] "  " INFO  io.github.talelin.latticy.LatticyApplication - The following profiles are active: dev
2021-05-06 16:26:38.993 [main] "  " INFO  o.s.c.s.PostProcessorRegistrationDelegate$BeanPostProcessorChecker - Bean 'commonConfiguration' of type [io.github.talelin.latticy.common.configuration.CommonConfiguration] is not eligible for getting processed by all BeanPostProcessors (for example: not eligible for auto-proxying)
2021-05-06 16:26:39.267 [main] "  " INFO  o.s.boot.web.embedded.tomcat.TomcatWebServer - Tomcat initialized with port(s): 5000 (http)
2021-05-06 16:26:39.275 [main] "  " INFO  org.apache.coyote.http11.Http11NioProtocol - Initializing ProtocolHandler ["http-nio-5000"]
2021-05-06 16:26:39.275 [main] "  " INFO  org.apache.catalina.core.StandardService - Starting service [Tomcat]
2021-05-06 16:26:39.275 [main] "  " INFO  org.apache.catalina.core.StandardEngine - Starting Servlet engine: [Apache Tomcat/9.0.37]
2021-05-06 16:26:39.277 [main] "  " INFO  org.apache.catalina.core.AprLifecycleListener - An older version [1.2.21] of the Apache Tomcat Native library is installed, while Tomcat recommends a minimum version of [1.2.23]
2021-05-06 16:26:39.277 [main] "  " INFO  org.apache.catalina.core.AprLifecycleListener - Loaded Apache Tomcat Native library [1.2.21] using APR version [1.6.5].
2021-05-06 16:26:39.277 [main] "  " INFO  org.apache.catalina.core.AprLifecycleListener - APR capabilities: IPv6 [true], sendfile [true], accept filters [false], random [true].
2021-05-06 16:26:39.278 [main] "  " INFO  org.apache.catalina.core.AprLifecycleListener - APR/OpenSSL configuration: useAprConnector [false], useOpenSSL [true]
2021-05-06 16:26:39.281 [main] "  " INFO  org.apache.catalina.core.AprLifecycleListener - OpenSSL successfully initialized [OpenSSL 1.1.1a  20 Nov 2018]
2021-05-06 16:26:39.417 [main] "  " INFO  o.a.c.core.ContainerBase.[Tomcat].[localhost].[/] - Initializing Spring embedded WebApplicationContext
2021-05-06 16:26:39.417 [main] "  " INFO  o.s.b.w.s.c.ServletWebServerApplicationContext - Root WebApplicationContext: initialization completed in 1629 ms
2021-05-06 16:26:39.756 [main] "  " INFO  com.zaxxer.hikari.HikariDataSource - HikariPool-1 - Starting...
2021-05-06 16:26:40.414 [main] "  " INFO  com.zaxxer.hikari.HikariDataSource - HikariPool-1 - Start completed.
2021-05-06 16:26:42.222 [main] "  " INFO  o.s.scheduling.concurrent.ThreadPoolTaskExecutor - Initializing ExecutorService 'applicationTaskExecutor'
2021-05-06 16:26:42.470 [main] "  " INFO  org.apache.coyote.http11.Http11NioProtocol - Starting ProtocolHandler ["http-nio-5000"]
2021-05-06 16:26:42.493 [main] "  " INFO  o.s.boot.web.embedded.tomcat.TomcatWebServer - Tomcat started on port(s): 5000 (http) with context path ''
2021-05-06 16:26:43.865 [main] "  " INFO  io.github.talelin.latticy.LatticyApplication - Started LatticyApplication in 6.763 seconds (JVM running for 7.984)
2021-05-06 16:27:08.760 [http-nio-5000-exec-1] "  " INFO  o.a.c.core.ContainerBase.[Tomcat].[localhost].[/] - Initializing Spring DispatcherServlet 'dispatcherServlet'
2021-05-06 16:27:08.760 [http-nio-5000-exec-1] "  " INFO  org.springframework.web.servlet.DispatcherServlet - Initializing Servlet 'dispatcherServlet'
2021-05-06 16:27:08.769 [http-nio-5000-exec-1] "  " INFO  org.springframework.web.servlet.DispatcherServlet - Completed initialization in 8 ms
2021-05-06 16:27:09.229 [http-nio-5000-exec-1] "POST /v1/commend HTTP/1.1" INFO  i.g.t.l.common.interceptor.RequestLogInterceptor - [POST] -> [/v1/commend] from: 127.0.0.1 costs: 431ms
2021-05-06 16:28:53.141 [background-preinit] "  " INFO  org.hibernate.validator.internal.util.Version - HV000001: Hibernate Validator 6.1.5.Final
2021-05-06 16:28:53.175 [main] "  " INFO  io.github.talelin.latticy.LatticyApplication - Starting LatticyApplication on LAPTOP-GHF38DLF with PID 22808 (E:\hfuuCode\MedicineRec\target\classes started by 梦有心相伴 in E:\hfuuCode\MedicineRec)
2021-05-06 16:28:53.176 [main] "  " INFO  io.github.talelin.latticy.LatticyApplication - The following profiles are active: dev
2021-05-06 16:28:54.740 [main] "  " INFO  o.s.c.s.PostProcessorRegistrationDelegate$BeanPostProcessorChecker - Bean 'commonConfiguration' of type [io.github.talelin.latticy.common.configuration.CommonConfiguration] is not eligible for getting processed by all BeanPostProcessors (for example: not eligible for auto-proxying)
2021-05-06 16:28:55.020 [main] "  " INFO  o.s.boot.web.embedded.tomcat.TomcatWebServer - Tomcat initialized with port(s): 5000 (http)
2021-05-06 16:28:55.028 [main] "  " INFO  org.apache.coyote.http11.Http11NioProtocol - Initializing ProtocolHandler ["http-nio-5000"]
2021-05-06 16:28:55.029 [main] "  " INFO  org.apache.catalina.core.StandardService - Starting service [Tomcat]
2021-05-06 16:28:55.029 [main] "  " INFO  org.apache.catalina.core.StandardEngine - Starting Servlet engine: [Apache Tomcat/9.0.37]
2021-05-06 16:28:55.031 [main] "  " INFO  org.apache.catalina.core.AprLifecycleListener - An older version [1.2.21] of the Apache Tomcat Native library is installed, while Tomcat recommends a minimum version of [1.2.23]
2021-05-06 16:28:55.031 [main] "  " INFO  org.apache.catalina.core.AprLifecycleListener - Loaded Apache Tomcat Native library [1.2.21] using APR version [1.6.5].
2021-05-06 16:28:55.031 [main] "  " INFO  org.apache.catalina.core.AprLifecycleListener - APR capabilities: IPv6 [true], sendfile [true], accept filters [false], random [true].
2021-05-06 16:28:55.031 [main] "  " INFO  org.apache.catalina.core.AprLifecycleListener - APR/OpenSSL configuration: useAprConnector [false], useOpenSSL [true]
2021-05-06 16:28:55.035 [main] "  " INFO  org.apache.catalina.core.AprLifecycleListener - OpenSSL successfully initialized [OpenSSL 1.1.1a  20 Nov 2018]
2021-05-06 16:28:55.166 [main] "  " INFO  o.a.c.core.ContainerBase.[Tomcat].[localhost].[/] - Initializing Spring embedded WebApplicationContext
2021-05-06 16:28:55.166 [main] "  " INFO  o.s.b.w.s.c.ServletWebServerApplicationContext - Root WebApplicationContext: initialization completed in 1931 ms
2021-05-06 16:28:55.510 [main] "  " INFO  com.zaxxer.hikari.HikariDataSource - HikariPool-1 - Starting...
2021-05-06 16:28:56.173 [main] "  " INFO  com.zaxxer.hikari.HikariDataSource - HikariPool-1 - Start completed.
2021-05-06 16:28:58.064 [main] "  " INFO  o.s.scheduling.concurrent.ThreadPoolTaskExecutor - Initializing ExecutorService 'applicationTaskExecutor'
2021-05-06 16:28:58.304 [main] "  " INFO  org.apache.coyote.http11.Http11NioProtocol - Starting ProtocolHandler ["http-nio-5000"]
2021-05-06 16:28:58.320 [main] "  " INFO  o.s.boot.web.embedded.tomcat.TomcatWebServer - Tomcat started on port(s): 5000 (http) with context path ''
2021-05-06 16:28:59.299 [main] "  " INFO  io.github.talelin.latticy.LatticyApplication - Started LatticyApplication in 6.727 seconds (JVM running for 7.936)
2021-05-06 16:29:15.235 [http-nio-5000-exec-1] "  " INFO  o.a.c.core.ContainerBase.[Tomcat].[localhost].[/] - Initializing Spring DispatcherServlet 'dispatcherServlet'
2021-05-06 16:29:15.235 [http-nio-5000-exec-1] "  " INFO  org.springframework.web.servlet.DispatcherServlet - Initializing Servlet 'dispatcherServlet'
2021-05-06 16:29:15.245 [http-nio-5000-exec-1] "  " INFO  org.springframework.web.servlet.DispatcherServlet - Completed initialization in 10 ms
2021-05-06 16:29:15.474 [http-nio-5000-exec-1] "POST /v1/commend HTTP/1.1" INFO  i.g.t.l.common.interceptor.RequestLogInterceptor - [POST] -> [/v1/commend] from: 127.0.0.1 costs: 202ms
2021-05-06 16:29:19.618 [http-nio-5000-exec-2] "POST /v1/commend HTTP/1.1" INFO  i.g.t.l.common.interceptor.RequestLogInterceptor - [POST] -> [/v1/commend] from: 127.0.0.1 costs: 5ms
2021-05-06 16:29:49.511 [http-nio-5000-exec-3] "POST /v1/commend HTTP/1.1" INFO  i.g.t.l.common.interceptor.RequestLogInterceptor - [POST] -> [/v1/commend] from: 127.0.0.1 costs: 5ms
2021-05-06 16:30:20.326 [http-nio-5000-exec-4] "POST /v1/commend HTTP/1.1" INFO  i.g.t.l.common.interceptor.RequestLogInterceptor - [POST] -> [/v1/commend] from: 127.0.0.1 costs: 6ms
2021-05-06 16:30:29.525 [http-nio-5000-exec-5] "POST /v1/commend HTTP/1.1" INFO  i.g.t.l.common.interceptor.RequestLogInterceptor - [POST] -> [/v1/commend] from: 127.0.0.1 costs: 4ms
2021-05-06 16:42:47.770 [http-nio-5000-exec-6] "OPTIONS /v1/commend HTTP/1.1" INFO  i.g.t.l.common.interceptor.RequestLogInterceptor - [OPTIONS] -> [/v1/commend] from: 127.0.0.1 costs: 1ms
2021-05-06 16:42:47.782 [http-nio-5000-exec-7] "POST /v1/commend HTTP/1.1" INFO  i.g.t.l.common.interceptor.RequestLogInterceptor - [POST] -> [/v1/commend] from: 127.0.0.1 costs: 3ms
2021-05-06 16:42:51.939 [http-nio-5000-exec-8] "POST /v1/commend HTTP/1.1" INFO  i.g.t.l.common.interceptor.RequestLogInterceptor - [POST] -> [/v1/commend] from: 127.0.0.1 costs: 5ms
2021-05-06 16:43:45.720 [background-preinit] "  " INFO  org.hibernate.validator.internal.util.Version - HV000001: Hibernate Validator 6.1.5.Final
2021-05-06 16:43:45.751 [main] "  " INFO  io.github.talelin.latticy.LatticyApplication - Starting LatticyApplication on LAPTOP-GHF38DLF with PID 14964 (E:\hfuuCode\MedicineRec\target\classes started by 梦有心相伴 in E:\hfuuCode\MedicineRec)
2021-05-06 16:43:45.751 [main] "  " INFO  io.github.talelin.latticy.LatticyApplication - The following profiles are active: dev
2021-05-06 16:43:47.266 [main] "  " INFO  o.s.c.s.PostProcessorRegistrationDelegate$BeanPostProcessorChecker - Bean 'commonConfiguration' of type [io.github.talelin.latticy.common.configuration.CommonConfiguration] is not eligible for getting processed by all BeanPostProcessors (for example: not eligible for auto-proxying)
2021-05-06 16:43:47.516 [main] "  " INFO  o.s.boot.web.embedded.tomcat.TomcatWebServer - Tomcat initialized with port(s): 5000 (http)
2021-05-06 16:43:47.532 [main] "  " INFO  org.apache.coyote.http11.Http11NioProtocol - Initializing ProtocolHandler ["http-nio-5000"]
2021-05-06 16:43:47.532 [main] "  " INFO  org.apache.catalina.core.StandardService - Starting service [Tomcat]
2021-05-06 16:43:47.532 [main] "  " INFO  org.apache.catalina.core.StandardEngine - Starting Servlet engine: [Apache Tomcat/9.0.37]
2021-05-06 16:43:47.532 [main] "  " INFO  org.apache.catalina.core.AprLifecycleListener - An older version [1.2.21] of the Apache Tomcat Native library is installed, while Tomcat recommends a minimum version of [1.2.23]
2021-05-06 16:43:47.532 [main] "  " INFO  org.apache.catalina.core.AprLifecycleListener - Loaded Apache Tomcat Native library [1.2.21] using APR version [1.6.5].
2021-05-06 16:43:47.532 [main] "  " INFO  org.apache.catalina.core.AprLifecycleListener - APR capabilities: IPv6 [true], sendfile [true], accept filters [false], random [true].
2021-05-06 16:43:47.532 [main] "  " INFO  org.apache.catalina.core.AprLifecycleListener - APR/OpenSSL configuration: useAprConnector [false], useOpenSSL [true]
2021-05-06 16:43:47.532 [main] "  " INFO  org.apache.catalina.core.AprLifecycleListener - OpenSSL successfully initialized [OpenSSL 1.1.1a  20 Nov 2018]
2021-05-06 16:43:47.672 [main] "  " INFO  o.a.c.core.ContainerBase.[Tomcat].[localhost].[/] - Initializing Spring embedded WebApplicationContext
2021-05-06 16:43:47.672 [main] "  " INFO  o.s.b.w.s.c.ServletWebServerApplicationContext - Root WebApplicationContext: initialization completed in 1812 ms
2021-05-06 16:43:48.063 [main] "  " INFO  com.zaxxer.hikari.HikariDataSource - HikariPool-1 - Starting...
2021-05-06 16:43:48.755 [main] "  " INFO  com.zaxxer.hikari.HikariDataSource - HikariPool-1 - Start completed.
2021-05-06 16:43:50.875 [main] "  " INFO  o.s.scheduling.concurrent.ThreadPoolTaskExecutor - Initializing ExecutorService 'applicationTaskExecutor'
2021-05-06 16:43:51.159 [main] "  " INFO  org.apache.coyote.http11.Http11NioProtocol - Starting ProtocolHandler ["http-nio-5000"]
2021-05-06 16:43:51.189 [main] "  " INFO  o.s.boot.web.embedded.tomcat.TomcatWebServer - Tomcat started on port(s): 5000 (http) with context path ''
2021-05-06 16:43:52.222 [main] "  " INFO  io.github.talelin.latticy.LatticyApplication - Started LatticyApplication in 7.448 seconds (JVM running for 8.713)
2021-05-06 16:44:09.509 [http-nio-5000-exec-1] "  " INFO  o.a.c.core.ContainerBase.[Tomcat].[localhost].[/] - Initializing Spring DispatcherServlet 'dispatcherServlet'
2021-05-06 16:44:09.509 [http-nio-5000-exec-1] "  " INFO  org.springframework.web.servlet.DispatcherServlet - Initializing Servlet 'dispatcherServlet'
2021-05-06 16:44:09.519 [http-nio-5000-exec-1] "  " INFO  org.springframework.web.servlet.DispatcherServlet - Completed initialization in 10 ms
2021-05-06 16:44:09.961 [http-nio-5000-exec-1] "POST /v1/commend HTTP/1.1" INFO  i.g.t.l.common.interceptor.RequestLogInterceptor - [POST] -> [/v1/commend] from: 127.0.0.1 costs: 416ms
2021-05-06 16:46:01.711 [http-nio-5000-exec-2] "POST /v1/commend HTTP/1.1" INFO  i.g.t.l.common.interceptor.RequestLogInterceptor - [POST] -> [/v1/commend] from: 127.0.0.1 costs: 191ms
2021-05-06 16:48:08.080 [http-nio-5000-exec-3] "POST /v1/commend HTTP/1.1" INFO  i.g.t.l.common.interceptor.RequestLogInterceptor - [POST] -> [/v1/commend] from: 127.0.0.1 costs: 160ms
2021-05-06 16:49:28.003 [http-nio-5000-exec-4] "OPTIONS /cms/log/users HTTP/1.1" INFO  i.g.t.l.common.interceptor.RequestLogInterceptor - [OPTIONS] -> [/cms/log/users] from: 127.0.0.1 costs: 1ms
2021-05-06 16:49:28.612 [http-nio-5000-exec-6] "OPTIONS /cms/user/refresh HTTP/1.1" INFO  i.g.t.l.common.interceptor.RequestLogInterceptor - [OPTIONS] -> [/cms/user/refresh] from: 127.0.0.1 costs: 0ms
2021-05-06 16:49:28.741 [http-nio-5000-exec-7] "GET /cms/user/refresh HTTP/1.1" INFO  i.g.t.l.common.interceptor.RequestLogInterceptor - [GET] -> [/cms/user/refresh] from: 127.0.0.1 costs: 20ms
2021-05-06 16:49:29.034 [http-nio-5000-exec-8] "GET /cms/log/users HTTP/1.1" INFO  i.g.t.l.common.interceptor.RequestLogInterceptor - [GET] -> [/cms/log/users] from: 127.0.0.1 costs: 125ms
2021-05-06 16:49:29.105 [http-nio-5000-exec-9] "OPTIONS /cms/log HTTP/1.1" INFO  i.g.t.l.common.interceptor.RequestLogInterceptor - [OPTIONS] -> [/cms/log] from: 127.0.0.1 costs: 0ms
2021-05-06 16:49:29.310 [http-nio-5000-exec-10] "GET /cms/log HTTP/1.1" INFO  i.g.t.l.common.interceptor.RequestLogInterceptor - [GET] -> [/cms/log] from: 127.0.0.1 costs: 51ms
2021-05-06 16:51:39.080 [http-nio-5000-exec-2] "POST /v1/commend HTTP/1.1" INFO  i.g.t.l.common.interceptor.RequestLogInterceptor - [POST] -> [/v1/commend] from: 127.0.0.1 costs: 171ms
2021-05-06 16:56:52.242 [background-preinit] "  " INFO  org.hibernate.validator.internal.util.Version - HV000001: Hibernate Validator 6.1.5.Final
2021-05-06 16:56:52.305 [main] "  " INFO  io.github.talelin.latticy.LatticyApplication - Starting LatticyApplication on LAPTOP-GHF38DLF with PID 15108 (E:\hfuuCode\MedicineRec\target\classes started by 梦有心相伴 in E:\hfuuCode\MedicineRec)
2021-05-06 16:56:52.305 [main] "  " INFO  io.github.talelin.latticy.LatticyApplication - The following profiles are active: dev
2021-05-06 16:56:53.317 [main] "  " INFO  o.s.c.s.PostProcessorRegistrationDelegate$BeanPostProcessorChecker - Bean 'commonConfiguration' of type [io.github.talelin.latticy.common.configuration.CommonConfiguration] is not eligible for getting processed by all BeanPostProcessors (for example: not eligible for auto-proxying)
2021-05-06 16:56:53.567 [main] "  " INFO  o.s.boot.web.embedded.tomcat.TomcatWebServer - Tomcat initialized with port(s): 5000 (http)
2021-05-06 16:56:53.567 [main] "  " INFO  org.apache.coyote.http11.Http11NioProtocol - Initializing ProtocolHandler ["http-nio-5000"]
2021-05-06 16:56:53.567 [main] "  " INFO  org.apache.catalina.core.StandardService - Starting service [Tomcat]
2021-05-06 16:56:53.567 [main] "  " INFO  org.apache.catalina.core.StandardEngine - Starting Servlet engine: [Apache Tomcat/9.0.37]
2021-05-06 16:56:53.567 [main] "  " INFO  org.apache.catalina.core.AprLifecycleListener - An older version [1.2.21] of the Apache Tomcat Native library is installed, while Tomcat recommends a minimum version of [1.2.23]
2021-05-06 16:56:53.567 [main] "  " INFO  org.apache.catalina.core.AprLifecycleListener - Loaded Apache Tomcat Native library [1.2.21] using APR version [1.6.5].
2021-05-06 16:56:53.567 [main] "  " INFO  org.apache.catalina.core.AprLifecycleListener - APR capabilities: IPv6 [true], sendfile [true], accept filters [false], random [true].
2021-05-06 16:56:53.567 [main] "  " INFO  org.apache.catalina.core.AprLifecycleListener - APR/OpenSSL configuration: useAprConnector [false], useOpenSSL [true]
2021-05-06 16:56:53.583 [main] "  " INFO  org.apache.catalina.core.AprLifecycleListener - OpenSSL successfully initialized [OpenSSL 1.1.1a  20 Nov 2018]
2021-05-06 16:56:53.692 [main] "  " INFO  o.a.c.core.ContainerBase.[Tomcat].[localhost].[/] - Initializing Spring embedded WebApplicationContext
2021-05-06 16:56:53.692 [main] "  " INFO  o.s.b.w.s.c.ServletWebServerApplicationContext - Root WebApplicationContext: initialization completed in 1341 ms
2021-05-06 16:56:54.033 [main] "  " INFO  com.zaxxer.hikari.HikariDataSource - HikariPool-1 - Starting...
2021-05-06 16:56:54.674 [main] "  " INFO  com.zaxxer.hikari.HikariDataSource - HikariPool-1 - Start completed.
2021-05-06 16:56:56.294 [main] "  " INFO  o.s.scheduling.concurrent.ThreadPoolTaskExecutor - Initializing ExecutorService 'applicationTaskExecutor'
2021-05-06 16:56:56.528 [main] "  " INFO  org.apache.coyote.http11.Http11NioProtocol - Starting ProtocolHandler ["http-nio-5000"]
2021-05-06 16:56:56.544 [main] "  " INFO  o.s.boot.web.embedded.tomcat.TomcatWebServer - Tomcat started on port(s): 5000 (http) with context path ''
2021-05-06 16:56:57.702 [main] "  " INFO  io.github.talelin.latticy.LatticyApplication - Started LatticyApplication in 5.994 seconds (JVM running for 7.21)
2021-05-06 17:13:27.768 [http-nio-5000-exec-1] "  " INFO  o.a.c.core.ContainerBase.[Tomcat].[localhost].[/] - Initializing Spring DispatcherServlet 'dispatcherServlet'
2021-05-06 17:13:27.768 [http-nio-5000-exec-1] "  " INFO  org.springframework.web.servlet.DispatcherServlet - Initializing Servlet 'dispatcherServlet'
2021-05-06 17:13:27.777 [http-nio-5000-exec-1] "  " INFO  org.springframework.web.servlet.DispatcherServlet - Completed initialization in 9 ms
2021-05-06 17:13:48.649 [background-preinit] "  " INFO  org.hibernate.validator.internal.util.Version - HV000001: Hibernate Validator 6.1.5.Final
2021-05-06 17:13:48.680 [main] "  " INFO  io.github.talelin.latticy.LatticyApplication - Starting LatticyApplication on LAPTOP-GHF38DLF with PID 23580 (E:\hfuuCode\MedicineRec\target\classes started by 梦有心相伴 in E:\hfuuCode\MedicineRec)
2021-05-06 17:13:48.680 [main] "  " INFO  io.github.talelin.latticy.LatticyApplication - The following profiles are active: dev
2021-05-06 17:13:49.837 [main] "  " INFO  o.s.c.s.PostProcessorRegistrationDelegate$BeanPostProcessorChecker - Bean 'commonConfiguration' of type [io.github.talelin.latticy.common.configuration.CommonConfiguration] is not eligible for getting processed by all BeanPostProcessors (for example: not eligible for auto-proxying)
2021-05-06 17:13:50.096 [main] "  " INFO  o.s.boot.web.embedded.tomcat.TomcatWebServer - Tomcat initialized with port(s): 5000 (http)
2021-05-06 17:13:50.105 [main] "  " INFO  org.apache.coyote.http11.Http11NioProtocol - Initializing ProtocolHandler ["http-nio-5000"]
2021-05-06 17:13:50.106 [main] "  " INFO  org.apache.catalina.core.StandardService - Starting service [Tomcat]
2021-05-06 17:13:50.106 [main] "  " INFO  org.apache.catalina.core.StandardEngine - Starting Servlet engine: [Apache Tomcat/9.0.37]
2021-05-06 17:13:50.108 [main] "  " INFO  org.apache.catalina.core.AprLifecycleListener - An older version [1.2.21] of the Apache Tomcat Native library is installed, while Tomcat recommends a minimum version of [1.2.23]
2021-05-06 17:13:50.108 [main] "  " INFO  org.apache.catalina.core.AprLifecycleListener - Loaded Apache Tomcat Native library [1.2.21] using APR version [1.6.5].
2021-05-06 17:13:50.108 [main] "  " INFO  org.apache.catalina.core.AprLifecycleListener - APR capabilities: IPv6 [true], sendfile [true], accept filters [false], random [true].
2021-05-06 17:13:50.108 [main] "  " INFO  org.apache.catalina.core.AprLifecycleListener - APR/OpenSSL configuration: useAprConnector [false], useOpenSSL [true]
2021-05-06 17:13:50.112 [main] "  " INFO  org.apache.catalina.core.AprLifecycleListener - OpenSSL successfully initialized [OpenSSL 1.1.1a  20 Nov 2018]
2021-05-06 17:13:50.229 [main] "  " INFO  o.a.c.core.ContainerBase.[Tomcat].[localhost].[/] - Initializing Spring embedded WebApplicationContext
2021-05-06 17:13:50.229 [main] "  " INFO  o.s.b.w.s.c.ServletWebServerApplicationContext - Root WebApplicationContext: initialization completed in 1502 ms
2021-05-06 17:13:50.585 [main] "  " INFO  com.zaxxer.hikari.HikariDataSource - HikariPool-1 - Starting...
2021-05-06 17:13:51.198 [main] "  " INFO  com.zaxxer.hikari.HikariDataSource - HikariPool-1 - Start completed.
2021-05-06 17:13:52.856 [main] "  " INFO  o.s.scheduling.concurrent.ThreadPoolTaskExecutor - Initializing ExecutorService 'applicationTaskExecutor'
2021-05-06 17:13:53.103 [main] "  " INFO  org.apache.coyote.http11.Http11NioProtocol - Starting ProtocolHandler ["http-nio-5000"]
2021-05-06 17:13:53.126 [main] "  " INFO  o.s.boot.web.embedded.tomcat.TomcatWebServer - Tomcat started on port(s): 5000 (http) with context path ''
2021-05-06 17:13:54.172 [main] "  " INFO  io.github.talelin.latticy.LatticyApplication - Started LatticyApplication in 6.079 seconds (JVM running for 7.377)
2021-05-06 17:14:06.717 [http-nio-5000-exec-1] "  " INFO  o.a.c.core.ContainerBase.[Tomcat].[localhost].[/] - Initializing Spring DispatcherServlet 'dispatcherServlet'
2021-05-06 17:14:06.717 [http-nio-5000-exec-1] "  " INFO  org.springframework.web.servlet.DispatcherServlet - Initializing Servlet 'dispatcherServlet'
2021-05-06 17:14:06.726 [http-nio-5000-exec-1] "  " INFO  org.springframework.web.servlet.DispatcherServlet - Completed initialization in 9 ms
2021-05-06 17:14:07.138 [http-nio-5000-exec-1] "POST /v1/commend HTTP/1.1" INFO  i.g.t.l.common.interceptor.RequestLogInterceptor - [POST] -> [/v1/commend] from: 127.0.0.1 costs: 385ms
2021-05-06 19:11:52.038 [background-preinit] "  " INFO  org.hibernate.validator.internal.util.Version - HV000001: Hibernate Validator 6.1.5.Final
2021-05-06 19:11:52.056 [main] "  " INFO  io.github.talelin.latticy.LatticyApplication - Starting LatticyApplication on LAPTOP-GHF38DLF with PID 23208 (E:\hfuuCode\MedicineRec\target\classes started by 梦有心相伴 in E:\hfuuCode\MedicineRec)
2021-05-06 19:11:52.057 [main] "  " INFO  io.github.talelin.latticy.LatticyApplication - The following profiles are active: dev
2021-05-06 19:11:53.260 [main] "  " INFO  o.s.c.s.PostProcessorRegistrationDelegate$BeanPostProcessorChecker - Bean 'commonConfiguration' of type [io.github.talelin.latticy.common.configuration.CommonConfiguration] is not eligible for getting processed by all BeanPostProcessors (for example: not eligible for auto-proxying)
2021-05-06 19:11:53.538 [main] "  " INFO  o.s.boot.web.embedded.tomcat.TomcatWebServer - Tomcat initialized with port(s): 5000 (http)
2021-05-06 19:11:53.548 [main] "  " INFO  org.apache.coyote.http11.Http11NioProtocol - Initializing ProtocolHandler ["http-nio-5000"]
2021-05-06 19:11:53.549 [main] "  " INFO  org.apache.catalina.core.StandardService - Starting service [Tomcat]
2021-05-06 19:11:53.549 [main] "  " INFO  org.apache.catalina.core.StandardEngine - Starting Servlet engine: [Apache Tomcat/9.0.37]
2021-05-06 19:11:53.551 [main] "  " INFO  org.apache.catalina.core.AprLifecycleListener - An older version [1.2.21] of the Apache Tomcat Native library is installed, while Tomcat recommends a minimum version of [1.2.23]
2021-05-06 19:11:53.551 [main] "  " INFO  org.apache.catalina.core.AprLifecycleListener - Loaded Apache Tomcat Native library [1.2.21] using APR version [1.6.5].
2021-05-06 19:11:53.551 [main] "  " INFO  org.apache.catalina.core.AprLifecycleListener - APR capabilities: IPv6 [true], sendfile [true], accept filters [false], random [true].
2021-05-06 19:11:53.551 [main] "  " INFO  org.apache.catalina.core.AprLifecycleListener - APR/OpenSSL configuration: useAprConnector [false], useOpenSSL [true]
2021-05-06 19:11:53.554 [main] "  " INFO  org.apache.catalina.core.AprLifecycleListener - OpenSSL successfully initialized [OpenSSL 1.1.1a  20 Nov 2018]
2021-05-06 19:11:53.685 [main] "  " INFO  o.a.c.core.ContainerBase.[Tomcat].[localhost].[/] - Initializing Spring embedded WebApplicationContext
2021-05-06 19:11:53.685 [main] "  " INFO  o.s.b.w.s.c.ServletWebServerApplicationContext - Root WebApplicationContext: initialization completed in 1575 ms
2021-05-06 19:11:54.041 [main] "  " INFO  com.zaxxer.hikari.HikariDataSource - HikariPool-1 - Starting...
2021-05-06 19:11:54.708 [main] "  " INFO  com.zaxxer.hikari.HikariDataSource - HikariPool-1 - Start completed.
2021-05-06 19:11:56.508 [main] "  " INFO  o.s.scheduling.concurrent.ThreadPoolTaskExecutor - Initializing ExecutorService 'applicationTaskExecutor'
2021-05-06 19:11:56.800 [main] "  " INFO  org.apache.coyote.http11.Http11NioProtocol - Starting ProtocolHandler ["http-nio-5000"]
2021-05-06 19:11:56.823 [main] "  " INFO  o.s.boot.web.embedded.tomcat.TomcatWebServer - Tomcat started on port(s): 5000 (http) with context path ''
2021-05-06 19:11:58.102 [main] "  " INFO  io.github.talelin.latticy.LatticyApplication - Started LatticyApplication in 7.201 seconds (JVM running for 8.497)
2021-05-06 19:13:27.725 [http-nio-5000-exec-1] "  " INFO  o.a.c.core.ContainerBase.[Tomcat].[localhost].[/] - Initializing Spring DispatcherServlet 'dispatcherServlet'
2021-05-06 19:13:27.726 [http-nio-5000-exec-1] "  " INFO  org.springframework.web.servlet.DispatcherServlet - Initializing Servlet 'dispatcherServlet'
2021-05-06 19:13:27.738 [http-nio-5000-exec-1] "  " INFO  org.springframework.web.servlet.DispatcherServlet - Completed initialization in 12 ms
2021-05-06 19:13:27.765 [http-nio-5000-exec-1] "OPTIONS /v1/commend HTTP/1.1" INFO  i.g.t.l.common.interceptor.RequestLogInterceptor - [OPTIONS] -> [/v1/commend] from: 127.0.0.1 costs: 12ms
2021-05-06 19:13:28.111 [http-nio-5000-exec-2] "POST /v1/commend HTTP/1.1" INFO  i.g.t.l.common.interceptor.RequestLogInterceptor - [POST] -> [/v1/commend] from: 127.0.0.1 costs: 325ms
2021-05-06 19:13:51.122 [http-nio-5000-exec-3] "POST /v1/commend HTTP/1.1" INFO  i.g.t.l.common.interceptor.RequestLogInterceptor - [POST] -> [/v1/commend] from: 127.0.0.1 costs: 137ms
2021-05-06 19:22:22.784 [http-nio-5000-exec-5] "OPTIONS /cms/log/users HTTP/1.1" INFO  i.g.t.l.common.interceptor.RequestLogInterceptor - [OPTIONS] -> [/cms/log/users] from: 127.0.0.1 costs: 1ms
2021-05-06 19:22:23.393 [http-nio-5000-exec-7] "OPTIONS /cms/user/refresh HTTP/1.1" INFO  i.g.t.l.common.interceptor.RequestLogInterceptor - [OPTIONS] -> [/cms/user/refresh] from: 127.0.0.1 costs: 1ms
2021-05-06 19:22:33.822 [http-nio-5000-exec-9] "OPTIONS /v1/book HTTP/1.1" INFO  i.g.t.l.common.interceptor.RequestLogInterceptor - [OPTIONS] -> [/v1/book] from: 127.0.0.1 costs: 0ms
2021-05-06 19:22:54.024 [http-nio-5000-exec-10] "GET /v1/book HTTP/1.1" INFO  i.g.t.l.common.interceptor.RequestLogInterceptor - [GET] -> [/v1/book] from: 127.0.0.1 costs: 20190ms
2021-05-06 19:26:02.050 [http-nio-5000-exec-1] "POST /v1/commend HTTP/1.1" INFO  i.g.t.l.common.interceptor.RequestLogInterceptor - [POST] -> [/v1/commend] from: 127.0.0.1 costs: 8ms
2021-05-06 19:26:26.752 [http-nio-5000-exec-2] "POST /v1/commend HTTP/1.1" INFO  i.g.t.l.common.interceptor.RequestLogInterceptor - [POST] -> [/v1/commend] from: 127.0.0.1 costs: 6ms
2021-05-06 19:26:44.485 [http-nio-5000-exec-3] "POST /v1/commend HTTP/1.1" INFO  i.g.t.l.common.interceptor.RequestLogInterceptor - [POST] -> [/v1/commend] from: 127.0.0.1 costs: 3ms
2021-05-06 19:27:32.414 [background-preinit] "  " INFO  org.hibernate.validator.internal.util.Version - HV000001: Hibernate Validator 6.1.5.Final
2021-05-06 19:27:32.451 [main] "  " INFO  io.github.talelin.latticy.LatticyApplication - Starting LatticyApplication on LAPTOP-GHF38DLF with PID 1128 (E:\hfuuCode\MedicineRec\target\classes started by 梦有心相伴 in E:\hfuuCode\MedicineRec)
2021-05-06 19:27:32.452 [main] "  " INFO  io.github.talelin.latticy.LatticyApplication - The following profiles are active: dev
2021-05-06 19:27:33.748 [main] "  " INFO  o.s.c.s.PostProcessorRegistrationDelegate$BeanPostProcessorChecker - Bean 'commonConfiguration' of type [io.github.talelin.latticy.common.configuration.CommonConfiguration] is not eligible for getting processed by all BeanPostProcessors (for example: not eligible for auto-proxying)
2021-05-06 19:27:34.092 [main] "  " INFO  o.s.boot.web.embedded.tomcat.TomcatWebServer - Tomcat initialized with port(s): 5000 (http)
2021-05-06 19:27:34.103 [main] "  " INFO  org.apache.coyote.http11.Http11NioProtocol - Initializing ProtocolHandler ["http-nio-5000"]
2021-05-06 19:27:34.104 [main] "  " INFO  org.apache.catalina.core.StandardService - Starting service [Tomcat]
2021-05-06 19:27:34.105 [main] "  " INFO  org.apache.catalina.core.StandardEngine - Starting Servlet engine: [Apache Tomcat/9.0.37]
2021-05-06 19:27:34.107 [main] "  " INFO  org.apache.catalina.core.AprLifecycleListener - An older version [1.2.21] of the Apache Tomcat Native library is installed, while Tomcat recommends a minimum version of [1.2.23]
2021-05-06 19:27:34.108 [main] "  " INFO  org.apache.catalina.core.AprLifecycleListener - Loaded Apache Tomcat Native library [1.2.21] using APR version [1.6.5].
2021-05-06 19:27:34.108 [main] "  " INFO  org.apache.catalina.core.AprLifecycleListener - APR capabilities: IPv6 [true], sendfile [true], accept filters [false], random [true].
2021-05-06 19:27:34.108 [main] "  " INFO  org.apache.catalina.core.AprLifecycleListener - APR/OpenSSL configuration: useAprConnector [false], useOpenSSL [true]
2021-05-06 19:27:34.112 [main] "  " INFO  org.apache.catalina.core.AprLifecycleListener - OpenSSL successfully initialized [OpenSSL 1.1.1a  20 Nov 2018]
2021-05-06 19:27:34.256 [main] "  " INFO  o.a.c.core.ContainerBase.[Tomcat].[localhost].[/] - Initializing Spring embedded WebApplicationContext
2021-05-06 19:27:34.256 [main] "  " INFO  o.s.b.w.s.c.ServletWebServerApplicationContext - Root WebApplicationContext: initialization completed in 1741 ms
2021-05-06 19:27:34.680 [main] "  " INFO  com.zaxxer.hikari.HikariDataSource - HikariPool-1 - Starting...
2021-05-06 19:27:35.331 [main] "  " INFO  com.zaxxer.hikari.HikariDataSource - HikariPool-1 - Start completed.
2021-05-06 19:27:37.160 [main] "  " INFO  o.s.scheduling.concurrent.ThreadPoolTaskExecutor - Initializing ExecutorService 'applicationTaskExecutor'
2021-05-06 19:27:37.468 [main] "  " INFO  org.apache.coyote.http11.Http11NioProtocol - Starting ProtocolHandler ["http-nio-5000"]
2021-05-06 19:27:37.498 [main] "  " INFO  o.s.boot.web.embedded.tomcat.TomcatWebServer - Tomcat started on port(s): 5000 (http) with context path ''
2021-05-06 19:27:38.613 [main] "  " INFO  io.github.talelin.latticy.LatticyApplication - Started LatticyApplication in 6.824 seconds (JVM running for 9.42)
2021-05-06 19:27:48.029 [http-nio-5000-exec-2] "  " INFO  o.a.c.core.ContainerBase.[Tomcat].[localhost].[/] - Initializing Spring DispatcherServlet 'dispatcherServlet'
2021-05-06 19:27:48.029 [http-nio-5000-exec-2] "  " INFO  org.springframework.web.servlet.DispatcherServlet - Initializing Servlet 'dispatcherServlet'
2021-05-06 19:27:48.043 [http-nio-5000-exec-2] "  " INFO  org.springframework.web.servlet.DispatcherServlet - Completed initialization in 14 ms
2021-05-06 19:27:48.194 [http-nio-5000-exec-2] "POST /v1/commend HTTP/1.1" INFO  i.g.t.l.common.interceptor.RequestLogInterceptor - [POST] -> [/v1/commend] from: 127.0.0.1 costs: 132ms
2021-05-06 19:28:10.574 [http-nio-5000-exec-1] "POST /v1/commend HTTP/1.1" INFO  i.g.t.l.common.interceptor.RequestLogInterceptor - [POST] -> [/v1/commend] from: 127.0.0.1 costs: 3ms
2021-05-06 19:28:47.190 [http-nio-5000-exec-3] "POST /v1/commend HTTP/1.1" INFO  i.g.t.l.common.interceptor.RequestLogInterceptor - [POST] -> [/v1/commend] from: 127.0.0.1 costs: 3ms
2021-05-06 19:29:00.555 [http-nio-5000-exec-4] "POST /v1/commend HTTP/1.1" INFO  i.g.t.l.common.interceptor.RequestLogInterceptor - [POST] -> [/v1/commend] from: 127.0.0.1 costs: 4ms
2021-05-06 19:29:09.593 [http-nio-5000-exec-5] "POST /v1/commend HTTP/1.1" INFO  i.g.t.l.common.interceptor.RequestLogInterceptor - [POST] -> [/v1/commend] from: 127.0.0.1 costs: 4ms
2021-05-06 19:29:16.051 [http-nio-5000-exec-6] "POST /v1/commend HTTP/1.1" INFO  i.g.t.l.common.interceptor.RequestLogInterceptor - [POST] -> [/v1/commend] from: 127.0.0.1 costs: 255ms
2021-05-06 19:31:13.142 [http-nio-5000-exec-7] "POST /v1/commend HTTP/1.1" INFO  i.g.t.l.common.interceptor.RequestLogInterceptor - [POST] -> [/v1/commend] from: 127.0.0.1 costs: 16861ms
2021-05-06 19:34:03.848 [background-preinit] "  " INFO  org.hibernate.validator.internal.util.Version - HV000001: Hibernate Validator 6.1.5.Final
2021-05-06 19:34:03.883 [main] "  " INFO  io.github.talelin.latticy.LatticyApplication - Starting LatticyApplication on LAPTOP-GHF38DLF with PID 18612 (E:\hfuuCode\MedicineRec\target\classes started by 梦有心相伴 in E:\hfuuCode\MedicineRec)
2021-05-06 19:34:03.883 [main] "  " INFO  io.github.talelin.latticy.LatticyApplication - The following profiles are active: dev
2021-05-06 19:34:04.898 [main] "  " INFO  o.s.c.s.PostProcessorRegistrationDelegate$BeanPostProcessorChecker - Bean 'commonConfiguration' of type [io.github.talelin.latticy.common.configuration.CommonConfiguration] is not eligible for getting processed by all BeanPostProcessors (for example: not eligible for auto-proxying)
2021-05-06 19:34:05.150 [main] "  " INFO  o.s.boot.web.embedded.tomcat.TomcatWebServer - Tomcat initialized with port(s): 5000 (http)
2021-05-06 19:34:05.158 [main] "  " INFO  org.apache.coyote.http11.Http11NioProtocol - Initializing ProtocolHandler ["http-nio-5000"]
2021-05-06 19:34:05.159 [main] "  " INFO  org.apache.catalina.core.StandardService - Starting service [Tomcat]
2021-05-06 19:34:05.159 [main] "  " INFO  org.apache.catalina.core.StandardEngine - Starting Servlet engine: [Apache Tomcat/9.0.37]
2021-05-06 19:34:05.160 [main] "  " INFO  org.apache.catalina.core.AprLifecycleListener - An older version [1.2.21] of the Apache Tomcat Native library is installed, while Tomcat recommends a minimum version of [1.2.23]
2021-05-06 19:34:05.161 [main] "  " INFO  org.apache.catalina.core.AprLifecycleListener - Loaded Apache Tomcat Native library [1.2.21] using APR version [1.6.5].
2021-05-06 19:34:05.161 [main] "  " INFO  org.apache.catalina.core.AprLifecycleListener - APR capabilities: IPv6 [true], sendfile [true], accept filters [false], random [true].
2021-05-06 19:34:05.161 [main] "  " INFO  org.apache.catalina.core.AprLifecycleListener - APR/OpenSSL configuration: useAprConnector [false], useOpenSSL [true]
2021-05-06 19:34:05.164 [main] "  " INFO  org.apache.catalina.core.AprLifecycleListener - OpenSSL successfully initialized [OpenSSL 1.1.1a  20 Nov 2018]
2021-05-06 19:34:05.286 [main] "  " INFO  o.a.c.core.ContainerBase.[Tomcat].[localhost].[/] - Initializing Spring embedded WebApplicationContext
2021-05-06 19:34:05.286 [main] "  " INFO  o.s.b.w.s.c.ServletWebServerApplicationContext - Root WebApplicationContext: initialization completed in 1358 ms
2021-05-06 19:34:05.613 [main] "  " INFO  com.zaxxer.hikari.HikariDataSource - HikariPool-1 - Starting...
2021-05-06 19:34:06.289 [main] "  " INFO  com.zaxxer.hikari.HikariDataSource - HikariPool-1 - Start completed.
2021-05-06 19:34:07.980 [main] "  " INFO  o.s.scheduling.concurrent.ThreadPoolTaskExecutor - Initializing ExecutorService 'applicationTaskExecutor'
2021-05-06 19:34:08.203 [main] "  " INFO  org.apache.coyote.http11.Http11NioProtocol - Starting ProtocolHandler ["http-nio-5000"]
2021-05-06 19:34:08.225 [main] "  " INFO  o.s.boot.web.embedded.tomcat.TomcatWebServer - Tomcat started on port(s): 5000 (http) with context path ''
2021-05-06 19:34:09.353 [main] "  " INFO  io.github.talelin.latticy.LatticyApplication - Started LatticyApplication in 6.111 seconds (JVM running for 7.577)
2021-05-06 19:34:15.789 [http-nio-5000-exec-1] "  " INFO  o.a.c.core.ContainerBase.[Tomcat].[localhost].[/] - Initializing Spring DispatcherServlet 'dispatcherServlet'
2021-05-06 19:34:15.789 [http-nio-5000-exec-1] "  " INFO  org.springframework.web.servlet.DispatcherServlet - Initializing Servlet 'dispatcherServlet'
2021-05-06 19:34:15.801 [http-nio-5000-exec-1] "  " INFO  org.springframework.web.servlet.DispatcherServlet - Completed initialization in 11 ms
2021-05-06 19:34:15.828 [http-nio-5000-exec-1] "OPTIONS /v1/book HTTP/1.1" INFO  i.g.t.l.common.interceptor.RequestLogInterceptor - [OPTIONS] -> [/v1/book] from: 127.0.0.1 costs: 13ms
2021-05-06 19:34:16.090 [http-nio-5000-exec-2] "GET /v1/book HTTP/1.1" INFO  i.g.t.l.common.interceptor.RequestLogInterceptor - [GET] -> [/v1/book] from: 127.0.0.1 costs: 243ms
2021-05-06 19:34:26.578 [http-nio-5000-exec-3] "POST /v1/commend HTTP/1.1" INFO  i.g.t.l.common.interceptor.RequestLogInterceptor - [POST] -> [/v1/commend] from: 127.0.0.1 costs: 204ms
2021-05-06 19:35:17.517 [http-nio-5000-exec-4] "POST /v1/commend HTTP/1.1" INFO  i.g.t.l.common.interceptor.RequestLogInterceptor - [POST] -> [/v1/commend] from: 127.0.0.1 costs: 155ms
2021-05-06 19:36:20.498 [http-nio-5000-exec-6] "POST /v1/commend HTTP/1.1" INFO  i.g.t.l.common.interceptor.RequestLogInterceptor - [POST] -> [/v1/commend] from: 127.0.0.1 costs: 169ms
2021-05-06 19:37:25.716 [http-nio-5000-exec-8] "POST /v1/commend HTTP/1.1" INFO  i.g.t.l.common.interceptor.RequestLogInterceptor - [POST] -> [/v1/commend] from: 127.0.0.1 costs: 158ms
2021-05-06 19:37:54.724 [http-nio-5000-exec-9] "POST /v1/commend HTTP/1.1" INFO  i.g.t.l.common.interceptor.RequestLogInterceptor - [POST] -> [/v1/commend] from: 127.0.0.1 costs: 152ms
2021-05-06 19:37:55.926 [http-nio-5000-exec-10] "POST /v1/commend HTTP/1.1" INFO  i.g.t.l.common.interceptor.RequestLogInterceptor - [POST] -> [/v1/commend] from: 127.0.0.1 costs: 150ms
2021-05-06 19:41:38.377 [http-nio-5000-exec-2] "OPTIONS /v1/book HTTP/1.1" INFO  i.g.t.l.common.interceptor.RequestLogInterceptor - [OPTIONS] -> [/v1/book] from: 127.0.0.1 costs: 0ms
2021-05-06 19:41:38.471 [http-nio-5000-exec-3] "POST /v1/book HTTP/1.1" INFO  i.g.t.l.common.interceptor.RequestLogInterceptor - [POST] -> [/v1/book] from: 127.0.0.1 costs: 87ms
2021-05-06 19:41:42.582 [http-nio-5000-exec-4] "POST /v1/book HTTP/1.1" INFO  i.g.t.l.common.interceptor.RequestLogInterceptor - [POST] -> [/v1/book] from: 127.0.0.1 costs: 3ms
2021-05-06 19:42:33.107 [http-nio-5000-exec-5] "POST /v1/book HTTP/1.1" INFO  i.g.t.l.common.interceptor.RequestLogInterceptor - [POST] -> [/v1/book] from: 127.0.0.1 costs: 5ms
2021-05-06 19:53:37.277 [background-preinit] "  " INFO  org.hibernate.validator.internal.util.Version - HV000001: Hibernate Validator 6.1.5.Final
2021-05-06 19:53:37.316 [main] "  " INFO  io.github.talelin.latticy.LatticyApplication - Starting LatticyApplication on LAPTOP-GHF38DLF with PID 6536 (E:\hfuuCode\MedicineRec\target\classes started by 梦有心相伴 in E:\hfuuCode\MedicineRec)
2021-05-06 19:53:37.317 [main] "  " INFO  io.github.talelin.latticy.LatticyApplication - The following profiles are active: dev
2021-05-06 19:53:38.435 [main] "  " INFO  o.s.c.s.PostProcessorRegistrationDelegate$BeanPostProcessorChecker - Bean 'commonConfiguration' of type [io.github.talelin.latticy.common.configuration.CommonConfiguration] is not eligible for getting processed by all BeanPostProcessors (for example: not eligible for auto-proxying)
2021-05-06 19:53:38.685 [main] "  " INFO  o.s.boot.web.embedded.tomcat.TomcatWebServer - Tomcat initialized with port(s): 5000 (http)
2021-05-06 19:53:38.693 [main] "  " INFO  org.apache.coyote.http11.Http11NioProtocol - Initializing ProtocolHandler ["http-nio-5000"]
2021-05-06 19:53:38.694 [main] "  " INFO  org.apache.catalina.core.StandardService - Starting service [Tomcat]
2021-05-06 19:53:38.694 [main] "  " INFO  org.apache.catalina.core.StandardEngine - Starting Servlet engine: [Apache Tomcat/9.0.37]
2021-05-06 19:53:38.695 [main] "  " INFO  org.apache.catalina.core.AprLifecycleListener - An older version [1.2.21] of the Apache Tomcat Native library is installed, while Tomcat recommends a minimum version of [1.2.23]
2021-05-06 19:53:38.696 [main] "  " INFO  org.apache.catalina.core.AprLifecycleListener - Loaded Apache Tomcat Native library [1.2.21] using APR version [1.6.5].
2021-05-06 19:53:38.696 [main] "  " INFO  org.apache.catalina.core.AprLifecycleListener - APR capabilities: IPv6 [true], sendfile [true], accept filters [false], random [true].
2021-05-06 19:53:38.696 [main] "  " INFO  org.apache.catalina.core.AprLifecycleListener - APR/OpenSSL configuration: useAprConnector [false], useOpenSSL [true]
2021-05-06 19:53:38.699 [main] "  " INFO  org.apache.catalina.core.AprLifecycleListener - OpenSSL successfully initialized [OpenSSL 1.1.1a  20 Nov 2018]
2021-05-06 19:53:38.822 [main] "  " INFO  o.a.c.core.ContainerBase.[Tomcat].[localhost].[/] - Initializing Spring embedded WebApplicationContext
2021-05-06 19:53:38.823 [main] "  " INFO  o.s.b.w.s.c.ServletWebServerApplicationContext - Root WebApplicationContext: initialization completed in 1438 ms
2021-05-06 19:53:39.149 [main] "  " INFO  com.zaxxer.hikari.HikariDataSource - HikariPool-1 - Starting...
2021-05-06 19:53:39.818 [main] "  " INFO  com.zaxxer.hikari.HikariDataSource - HikariPool-1 - Start completed.
2021-05-06 19:53:41.506 [main] "  " INFO  o.s.scheduling.concurrent.ThreadPoolTaskExecutor - Initializing ExecutorService 'applicationTaskExecutor'
2021-05-06 19:53:41.740 [main] "  " INFO  org.apache.coyote.http11.Http11NioProtocol - Starting ProtocolHandler ["http-nio-5000"]
2021-05-06 19:53:41.763 [main] "  " INFO  o.s.boot.web.embedded.tomcat.TomcatWebServer - Tomcat started on port(s): 5000 (http) with context path ''
2021-05-06 19:53:42.782 [main] "  " INFO  io.github.talelin.latticy.LatticyApplication - Started LatticyApplication in 6.134 seconds (JVM running for 7.331)
2021-05-06 19:53:51.737 [http-nio-5000-exec-1] "  " INFO  o.a.c.core.ContainerBase.[Tomcat].[localhost].[/] - Initializing Spring DispatcherServlet 'dispatcherServlet'
2021-05-06 19:53:51.737 [http-nio-5000-exec-1] "  " INFO  org.springframework.web.servlet.DispatcherServlet - Initializing Servlet 'dispatcherServlet'
2021-05-06 19:53:51.746 [http-nio-5000-exec-1] "  " INFO  org.springframework.web.servlet.DispatcherServlet - Completed initialization in 9 ms
2021-05-06 19:53:52.049 [http-nio-5000-exec-1] "POST /v1/commend HTTP/1.1" INFO  i.g.t.l.common.interceptor.RequestLogInterceptor - [POST] -> [/v1/commend] from: 127.0.0.1 costs: 275ms
2021-05-06 19:55:27.648 [http-nio-5000-exec-4] "POST /v1/commend HTTP/1.1" INFO  i.g.t.l.common.interceptor.RequestLogInterceptor - [POST] -> [/v1/commend] from: 127.0.0.1 costs: 181ms
2021-05-06 19:57:51.163 [http-nio-5000-exec-5] "POST /v1/commend HTTP/1.1" INFO  i.g.t.l.common.interceptor.RequestLogInterceptor - [POST] -> [/v1/commend] from: 127.0.0.1 costs: 163ms
2021-05-06 19:59:21.222 [http-nio-5000-exec-7] "POST /v1/commend HTTP/1.1" INFO  i.g.t.l.common.interceptor.RequestLogInterceptor - [POST] -> [/v1/commend] from: 127.0.0.1 costs: 145ms
2021-05-06 20:00:25.832 [http-nio-5000-exec-9] "POST /v1/commend HTTP/1.1" INFO  i.g.t.l.common.interceptor.RequestLogInterceptor - [POST] -> [/v1/commend] from: 127.0.0.1 costs: 147ms
2021-05-06 20:01:35.019 [http-nio-5000-exec-1] "POST /v1/commend HTTP/1.1" INFO  i.g.t.l.common.interceptor.RequestLogInterceptor - [POST] -> [/v1/commend] from: 127.0.0.1 costs: 148ms
2021-05-06 20:04:15.776 [http-nio-5000-exec-4] "POST /v1/commend HTTP/1.1" INFO  i.g.t.l.common.interceptor.RequestLogInterceptor - [POST] -> [/v1/commend] from: 127.0.0.1 costs: 155ms
2021-05-06 20:50:53.676 [http-nio-5000-exec-5] "OPTIONS /cms/log/users HTTP/1.1" INFO  i.g.t.l.common.interceptor.RequestLogInterceptor - [OPTIONS] -> [/cms/log/users] from: 127.0.0.1 costs: 1ms
2021-05-06 20:50:54.332 [http-nio-5000-exec-7] "OPTIONS /cms/user/refresh HTTP/1.1" INFO  i.g.t.l.common.interceptor.RequestLogInterceptor - [OPTIONS] -> [/cms/user/refresh] from: 127.0.0.1 costs: 0ms
2021-05-06 20:51:09.831 [background-preinit] "  " INFO  org.hibernate.validator.internal.util.Version - HV000001: Hibernate Validator 6.1.5.Final
2021-05-06 20:51:09.852 [main] "  " INFO  io.github.talelin.latticy.LatticyApplication - Starting LatticyApplication on LAPTOP-GHF38DLF with PID 19484 (E:\hfuuCode\MedicineRec\target\classes started by 梦有心相伴 in E:\hfuuCode\MedicineRec)
2021-05-06 20:51:09.853 [main] "  " INFO  io.github.talelin.latticy.LatticyApplication - The following profiles are active: dev
2021-05-06 20:51:11.107 [main] "  " INFO  o.s.c.s.PostProcessorRegistrationDelegate$BeanPostProcessorChecker - Bean 'commonConfiguration' of type [io.github.talelin.latticy.common.configuration.CommonConfiguration] is not eligible for getting processed by all BeanPostProcessors (for example: not eligible for auto-proxying)
2021-05-06 20:51:11.374 [main] "  " INFO  o.s.boot.web.embedded.tomcat.TomcatWebServer - Tomcat initialized with port(s): 5000 (http)
2021-05-06 20:51:11.392 [main] "  " INFO  org.apache.coyote.http11.Http11NioProtocol - Initializing ProtocolHandler ["http-nio-5000"]
2021-05-06 20:51:11.393 [main] "  " INFO  org.apache.catalina.core.StandardService - Starting service [Tomcat]
2021-05-06 20:51:11.393 [main] "  " INFO  org.apache.catalina.core.StandardEngine - Starting Servlet engine: [Apache Tomcat/9.0.37]
2021-05-06 20:51:11.395 [main] "  " INFO  org.apache.catalina.core.AprLifecycleListener - An older version [1.2.21] of the Apache Tomcat Native library is installed, while Tomcat recommends a minimum version of [1.2.23]
2021-05-06 20:51:11.396 [main] "  " INFO  org.apache.catalina.core.AprLifecycleListener - Loaded Apache Tomcat Native library [1.2.21] using APR version [1.6.5].
2021-05-06 20:51:11.396 [main] "  " INFO  org.apache.catalina.core.AprLifecycleListener - APR capabilities: IPv6 [true], sendfile [true], accept filters [false], random [true].
2021-05-06 20:51:11.396 [main] "  " INFO  org.apache.catalina.core.AprLifecycleListener - APR/OpenSSL configuration: useAprConnector [false], useOpenSSL [true]
2021-05-06 20:51:11.401 [main] "  " INFO  org.apache.catalina.core.AprLifecycleListener - OpenSSL successfully initialized [OpenSSL 1.1.1a  20 Nov 2018]
2021-05-06 20:51:11.551 [main] "  " INFO  o.a.c.core.ContainerBase.[Tomcat].[localhost].[/] - Initializing Spring embedded WebApplicationContext
2021-05-06 20:51:11.552 [main] "  " INFO  o.s.b.w.s.c.ServletWebServerApplicationContext - Root WebApplicationContext: initialization completed in 1643 ms
2021-05-06 20:51:11.910 [main] "  " INFO  com.zaxxer.hikari.HikariDataSource - HikariPool-1 - Starting...
2021-05-06 20:51:12.547 [main] "  " INFO  com.zaxxer.hikari.HikariDataSource - HikariPool-1 - Start completed.
2021-05-06 20:51:14.298 [main] "  " INFO  o.s.scheduling.concurrent.ThreadPoolTaskExecutor - Initializing ExecutorService 'applicationTaskExecutor'
2021-05-06 20:51:14.541 [main] "  " INFO  org.apache.coyote.http11.Http11NioProtocol - Starting ProtocolHandler ["http-nio-5000"]
2021-05-06 20:51:14.563 [main] "  " INFO  o.s.boot.web.embedded.tomcat.TomcatWebServer - Tomcat started on port(s): 5000 (http) with context path ''
2021-05-06 20:51:15.642 [main] "  " INFO  io.github.talelin.latticy.LatticyApplication - Started LatticyApplication in 6.442 seconds (JVM running for 7.67)
2021-05-06 20:52:38.973 [http-nio-5000-exec-1] "  " INFO  o.a.c.core.ContainerBase.[Tomcat].[localhost].[/] - Initializing Spring DispatcherServlet 'dispatcherServlet'
2021-05-06 20:52:38.975 [http-nio-5000-exec-1] "  " INFO  org.springframework.web.servlet.DispatcherServlet - Initializing Servlet 'dispatcherServlet'
2021-05-06 20:52:38.984 [http-nio-5000-exec-1] "  " INFO  org.springframework.web.servlet.DispatcherServlet - Completed initialization in 8 ms
2021-05-06 20:52:39.884 [http-nio-5000-exec-2] "GET /cms/user/refresh HTTP/1.1" INFO  i.g.t.l.common.interceptor.RequestLogInterceptor - [GET] -> [/cms/user/refresh] from: 127.0.0.1 costs: 70ms
2021-05-06 20:52:40.263 [http-nio-5000-exec-3] "GET /cms/log/users HTTP/1.1" INFO  i.g.t.l.common.interceptor.RequestLogInterceptor - [GET] -> [/cms/log/users] from: 127.0.0.1 costs: 186ms
2021-05-06 20:52:40.276 [http-nio-5000-exec-4] "OPTIONS /cms/log HTTP/1.1" INFO  i.g.t.l.common.interceptor.RequestLogInterceptor - [OPTIONS] -> [/cms/log] from: 127.0.0.1 costs: 1ms
2021-05-06 20:52:40.488 [http-nio-5000-exec-5] "GET /cms/log HTTP/1.1" INFO  i.g.t.l.common.interceptor.RequestLogInterceptor - [GET] -> [/cms/log] from: 127.0.0.1 costs: 57ms
2021-05-06 20:53:51.621 [http-nio-5000-exec-7] "OPTIONS /v1/commend HTTP/1.1" INFO  i.g.t.l.common.interceptor.RequestLogInterceptor - [OPTIONS] -> [/v1/commend] from: 127.0.0.1 costs: 0ms
2021-05-06 20:53:51.806 [http-nio-5000-exec-8] "POST /v1/commend HTTP/1.1" INFO  i.g.t.l.common.interceptor.RequestLogInterceptor - [POST] -> [/v1/commend] from: 127.0.0.1 costs: 177ms
2021-05-06 20:54:50.714 [http-nio-5000-exec-10] "POST /v1/commend HTTP/1.1" INFO  i.g.t.l.common.interceptor.RequestLogInterceptor - [POST] -> [/v1/commend] from: 127.0.0.1 costs: 140ms
2021-05-06 21:06:49.281 [background-preinit] "  " INFO  org.hibernate.validator.internal.util.Version - HV000001: Hibernate Validator 6.1.5.Final
2021-05-06 21:06:49.301 [main] "  " INFO  io.github.talelin.latticy.LatticyApplication - Starting LatticyApplication on LAPTOP-GHF38DLF with PID 8972 (E:\hfuuCode\MedicineRec\target\classes started by 梦有心相伴 in E:\hfuuCode\MedicineRec)
2021-05-06 21:06:49.302 [main] "  " INFO  io.github.talelin.latticy.LatticyApplication - The following profiles are active: dev
2021-05-06 21:06:50.642 [main] "  " INFO  o.s.c.s.PostProcessorRegistrationDelegate$BeanPostProcessorChecker - Bean 'commonConfiguration' of type [io.github.talelin.latticy.common.configuration.CommonConfiguration] is not eligible for getting processed by all BeanPostProcessors (for example: not eligible for auto-proxying)
2021-05-06 21:06:50.915 [main] "  " INFO  o.s.boot.web.embedded.tomcat.TomcatWebServer - Tomcat initialized with port(s): 5000 (http)
2021-05-06 21:06:50.923 [main] "  " INFO  org.apache.coyote.http11.Http11NioProtocol - Initializing ProtocolHandler ["http-nio-5000"]
2021-05-06 21:06:50.923 [main] "  " INFO  org.apache.catalina.core.StandardService - Starting service [Tomcat]
2021-05-06 21:06:50.923 [main] "  " INFO  org.apache.catalina.core.StandardEngine - Starting Servlet engine: [Apache Tomcat/9.0.37]
2021-05-06 21:06:50.925 [main] "  " INFO  org.apache.catalina.core.AprLifecycleListener - An older version [1.2.21] of the Apache Tomcat Native library is installed, while Tomcat recommends a minimum version of [1.2.23]
2021-05-06 21:06:50.925 [main] "  " INFO  org.apache.catalina.core.AprLifecycleListener - Loaded Apache Tomcat Native library [1.2.21] using APR version [1.6.5].
2021-05-06 21:06:50.925 [main] "  " INFO  org.apache.catalina.core.AprLifecycleListener - APR capabilities: IPv6 [true], sendfile [true], accept filters [false], random [true].
2021-05-06 21:06:50.925 [main] "  " INFO  org.apache.catalina.core.AprLifecycleListener - APR/OpenSSL configuration: useAprConnector [false], useOpenSSL [true]
2021-05-06 21:06:50.929 [main] "  " INFO  org.apache.catalina.core.AprLifecycleListener - OpenSSL successfully initialized [OpenSSL 1.1.1a  20 Nov 2018]
2021-05-06 21:06:51.053 [main] "  " INFO  o.a.c.core.ContainerBase.[Tomcat].[localhost].[/] - Initializing Spring embedded WebApplicationContext
2021-05-06 21:06:51.053 [main] "  " INFO  o.s.b.w.s.c.ServletWebServerApplicationContext - Root WebApplicationContext: initialization completed in 1698 ms
2021-05-06 21:06:51.391 [main] "  " INFO  com.zaxxer.hikari.HikariDataSource - HikariPool-1 - Starting...
2021-05-06 21:06:52.019 [main] "  " INFO  com.zaxxer.hikari.HikariDataSource - HikariPool-1 - Start completed.
2021-05-06 21:06:53.786 [main] "  " INFO  o.s.scheduling.concurrent.ThreadPoolTaskExecutor - Initializing ExecutorService 'applicationTaskExecutor'
2021-05-06 21:06:54.039 [main] "  " INFO  org.apache.coyote.http11.Http11NioProtocol - Starting ProtocolHandler ["http-nio-5000"]
2021-05-06 21:06:54.063 [main] "  " INFO  o.s.boot.web.embedded.tomcat.TomcatWebServer - Tomcat started on port(s): 5000 (http) with context path ''
2021-05-06 21:06:55.156 [main] "  " INFO  io.github.talelin.latticy.LatticyApplication - Started LatticyApplication in 6.538 seconds (JVM running for 7.75)
2021-05-06 21:07:10.335 [http-nio-5000-exec-1] "  " INFO  o.a.c.core.ContainerBase.[Tomcat].[localhost].[/] - Initializing Spring DispatcherServlet 'dispatcherServlet'
2021-05-06 21:07:10.335 [http-nio-5000-exec-1] "  " INFO  org.springframework.web.servlet.DispatcherServlet - Initializing Servlet 'dispatcherServlet'
2021-05-06 21:07:10.344 [http-nio-5000-exec-1] "  " INFO  org.springframework.web.servlet.DispatcherServlet - Completed initialization in 9 ms
2021-05-06 21:07:10.605 [http-nio-5000-exec-1] "POST /v1/commend HTTP/1.1" INFO  i.g.t.l.common.interceptor.RequestLogInterceptor - [POST] -> [/v1/commend] from: 127.0.0.1 costs: 232ms
2021-05-06 21:07:38.921 [http-nio-5000-exec-2] "POST /v1/commend HTTP/1.1" INFO  i.g.t.l.common.interceptor.RequestLogInterceptor - [POST] -> [/v1/commend] from: 127.0.0.1 costs: 149ms
2021-05-06 21:08:17.173 [http-nio-5000-exec-3] "POST /v1/commend HTTP/1.1" INFO  i.g.t.l.common.interceptor.RequestLogInterceptor - [POST] -> [/v1/commend] from: 127.0.0.1 costs: 150ms
2021-05-06 21:08:19.815 [http-nio-5000-exec-4] "POST /v1/commend HTTP/1.1" INFO  i.g.t.l.common.interceptor.RequestLogInterceptor - [POST] -> [/v1/commend] from: 127.0.0.1 costs: 148ms
2021-05-06 21:08:22.638 [http-nio-5000-exec-5] "POST /v1/commend HTTP/1.1" INFO  i.g.t.l.common.interceptor.RequestLogInterceptor - [POST] -> [/v1/commend] from: 127.0.0.1 costs: 154ms
2021-05-06 21:08:22.842 [http-nio-5000-exec-6] "POST /v1/commend HTTP/1.1" INFO  i.g.t.l.common.interceptor.RequestLogInterceptor - [POST] -> [/v1/commend] from: 127.0.0.1 costs: 96ms
2021-05-06 21:08:35.484 [http-nio-5000-exec-7] "POST /v1/commend HTTP/1.1" INFO  i.g.t.l.common.interceptor.RequestLogInterceptor - [POST] -> [/v1/commend] from: 127.0.0.1 costs: 149ms
2021-05-06 21:21:54.609 [background-preinit] "  " INFO  org.hibernate.validator.internal.util.Version - HV000001: Hibernate Validator 6.1.5.Final
2021-05-06 21:21:54.633 [main] "  " INFO  io.github.talelin.latticy.LatticyApplication - Starting LatticyApplication on LAPTOP-GHF38DLF with PID 13516 (E:\hfuuCode\MedicineRec\target\classes started by 梦有心相伴 in E:\hfuuCode\MedicineRec)
2021-05-06 21:21:54.633 [main] "  " INFO  io.github.talelin.latticy.LatticyApplication - The following profiles are active: dev
2021-05-06 21:21:55.793 [main] "  " INFO  o.s.c.s.PostProcessorRegistrationDelegate$BeanPostProcessorChecker - Bean 'commonConfiguration' of type [io.github.talelin.latticy.common.configuration.CommonConfiguration] is not eligible for getting processed by all BeanPostProcessors (for example: not eligible for auto-proxying)
2021-05-06 21:21:56.062 [main] "  " INFO  o.s.boot.web.embedded.tomcat.TomcatWebServer - Tomcat initialized with port(s): 5000 (http)
2021-05-06 21:21:56.070 [main] "  " INFO  org.apache.coyote.http11.Http11NioProtocol - Initializing ProtocolHandler ["http-nio-5000"]
2021-05-06 21:21:56.070 [main] "  " INFO  org.apache.catalina.core.StandardService - Starting service [Tomcat]
2021-05-06 21:21:56.071 [main] "  " INFO  org.apache.catalina.core.StandardEngine - Starting Servlet engine: [Apache Tomcat/9.0.37]
2021-05-06 21:21:56.073 [main] "  " INFO  org.apache.catalina.core.AprLifecycleListener - An older version [1.2.21] of the Apache Tomcat Native library is installed, while Tomcat recommends a minimum version of [1.2.23]
2021-05-06 21:21:56.074 [main] "  " INFO  org.apache.catalina.core.AprLifecycleListener - Loaded Apache Tomcat Native library [1.2.21] using APR version [1.6.5].
2021-05-06 21:21:56.074 [main] "  " INFO  org.apache.catalina.core.AprLifecycleListener - APR capabilities: IPv6 [true], sendfile [true], accept filters [false], random [true].
2021-05-06 21:21:56.074 [main] "  " INFO  org.apache.catalina.core.AprLifecycleListener - APR/OpenSSL configuration: useAprConnector [false], useOpenSSL [true]
2021-05-06 21:21:56.078 [main] "  " INFO  org.apache.catalina.core.AprLifecycleListener - OpenSSL successfully initialized [OpenSSL 1.1.1a  20 Nov 2018]
2021-05-06 21:21:56.205 [main] "  " INFO  o.a.c.core.ContainerBase.[Tomcat].[localhost].[/] - Initializing Spring embedded WebApplicationContext
2021-05-06 21:21:56.205 [main] "  " INFO  o.s.b.w.s.c.ServletWebServerApplicationContext - Root WebApplicationContext: initialization completed in 1514 ms
2021-05-06 21:21:56.573 [main] "  " INFO  com.zaxxer.hikari.HikariDataSource - HikariPool-1 - Starting...
2021-05-06 21:21:57.223 [main] "  " INFO  com.zaxxer.hikari.HikariDataSource - HikariPool-1 - Start completed.
2021-05-06 21:21:59.009 [main] "  " INFO  o.s.scheduling.concurrent.ThreadPoolTaskExecutor - Initializing ExecutorService 'applicationTaskExecutor'
2021-05-06 21:21:59.263 [main] "  " INFO  org.apache.coyote.http11.Http11NioProtocol - Starting ProtocolHandler ["http-nio-5000"]
2021-05-06 21:21:59.288 [main] "  " INFO  o.s.boot.web.embedded.tomcat.TomcatWebServer - Tomcat started on port(s): 5000 (http) with context path ''
2021-05-06 21:22:00.417 [main] "  " INFO  io.github.talelin.latticy.LatticyApplication - Started LatticyApplication in 6.397 seconds (JVM running for 7.614)
2021-05-06 21:22:09.097 [http-nio-5000-exec-1] "  " INFO  o.a.c.core.ContainerBase.[Tomcat].[localhost].[/] - Initializing Spring DispatcherServlet 'dispatcherServlet'
2021-05-06 21:22:09.098 [http-nio-5000-exec-1] "  " INFO  org.springframework.web.servlet.DispatcherServlet - Initializing Servlet 'dispatcherServlet'
2021-05-06 21:22:09.107 [http-nio-5000-exec-1] "  " INFO  org.springframework.web.servlet.DispatcherServlet - Completed initialization in 9 ms
2021-05-06 21:22:09.396 [http-nio-5000-exec-1] "POST /v1/commend HTTP/1.1" INFO  i.g.t.l.common.interceptor.RequestLogInterceptor - [POST] -> [/v1/commend] from: 127.0.0.1 costs: 259ms
2021-05-06 21:24:21.536 [http-nio-5000-exec-3] "GET /cms/log/users HTTP/1.1" INFO  i.g.t.l.common.interceptor.RequestLogInterceptor - [GET] -> [/cms/log/users] from: 127.0.0.1 costs: 185ms
2021-05-06 21:24:21.790 [http-nio-5000-exec-4] "GET /cms/log HTTP/1.1" INFO  i.g.t.l.common.interceptor.RequestLogInterceptor - [GET] -> [/cms/log] from: 127.0.0.1 costs: 76ms
2021-05-06 21:24:25.662 [http-nio-5000-exec-5] "POST /v1/commend HTTP/1.1" INFO  i.g.t.l.common.interceptor.RequestLogInterceptor - [POST] -> [/v1/commend] from: 127.0.0.1 costs: 147ms
2021-05-06 21:26:56.149 [http-nio-5000-exec-7] "POST /v1/commend HTTP/1.1" INFO  i.g.t.l.common.interceptor.RequestLogInterceptor - [POST] -> [/v1/commend] from: 127.0.0.1 costs: 1044ms
2021-05-06 21:27:24.773 [http-nio-5000-exec-8] "POST /v1/commend HTTP/1.1" INFO  i.g.t.l.common.interceptor.RequestLogInterceptor - [POST] -> [/v1/commend] from: 127.0.0.1 costs: 139ms
2021-05-06 21:34:52.949 [http-nio-5000-exec-10] "POST /v1/commend HTTP/1.1" INFO  i.g.t.l.common.interceptor.RequestLogInterceptor - [POST] -> [/v1/commend] from: 127.0.0.1 costs: 30115ms
2021-05-06 21:36:27.860 [background-preinit] "  " INFO  org.hibernate.validator.internal.util.Version - HV000001: Hibernate Validator 6.1.5.Final
2021-05-06 21:36:27.870 [main] "  " INFO  io.github.talelin.latticy.LatticyApplication - Starting LatticyApplication on LAPTOP-GHF38DLF with PID 21460 (E:\hfuuCode\MedicineRec\target\classes started by 梦有心相伴 in E:\hfuuCode\MedicineRec)
2021-05-06 21:36:27.870 [main] "  " INFO  io.github.talelin.latticy.LatticyApplication - The following profiles are active: dev
2021-05-06 21:36:29.261 [main] "  " INFO  o.s.c.s.PostProcessorRegistrationDelegate$BeanPostProcessorChecker - Bean 'commonConfiguration' of type [io.github.talelin.latticy.common.configuration.CommonConfiguration] is not eligible for getting processed by all BeanPostProcessors (for example: not eligible for auto-proxying)
2021-05-06 21:36:29.536 [main] "  " INFO  o.s.boot.web.embedded.tomcat.TomcatWebServer - Tomcat initialized with port(s): 5000 (http)
2021-05-06 21:36:29.545 [main] "  " INFO  org.apache.coyote.http11.Http11NioProtocol - Initializing ProtocolHandler ["http-nio-5000"]
2021-05-06 21:36:29.545 [main] "  " INFO  org.apache.catalina.core.StandardService - Starting service [Tomcat]
2021-05-06 21:36:29.545 [main] "  " INFO  org.apache.catalina.core.StandardEngine - Starting Servlet engine: [Apache Tomcat/9.0.37]
2021-05-06 21:36:29.547 [main] "  " INFO  org.apache.catalina.core.AprLifecycleListener - An older version [1.2.21] of the Apache Tomcat Native library is installed, while Tomcat recommends a minimum version of [1.2.23]
2021-05-06 21:36:29.547 [main] "  " INFO  org.apache.catalina.core.AprLifecycleListener - Loaded Apache Tomcat Native library [1.2.21] using APR version [1.6.5].
2021-05-06 21:36:29.547 [main] "  " INFO  org.apache.catalina.core.AprLifecycleListener - APR capabilities: IPv6 [true], sendfile [true], accept filters [false], random [true].
2021-05-06 21:36:29.548 [main] "  " INFO  org.apache.catalina.core.AprLifecycleListener - APR/OpenSSL configuration: useAprConnector [false], useOpenSSL [true]
2021-05-06 21:36:29.551 [main] "  " INFO  org.apache.catalina.core.AprLifecycleListener - OpenSSL successfully initialized [OpenSSL 1.1.1a  20 Nov 2018]
2021-05-06 21:36:29.705 [main] "  " INFO  o.a.c.core.ContainerBase.[Tomcat].[localhost].[/] - Initializing Spring embedded WebApplicationContext
2021-05-06 21:36:29.705 [main] "  " INFO  o.s.b.w.s.c.ServletWebServerApplicationContext - Root WebApplicationContext: initialization completed in 1784 ms
2021-05-06 21:36:30.135 [main] "  " INFO  com.zaxxer.hikari.HikariDataSource - HikariPool-1 - Starting...
2021-05-06 21:36:31.784 [main] "  " INFO  com.zaxxer.hikari.HikariDataSource - HikariPool-1 - Start completed.
2021-05-06 21:36:33.506 [main] "  " INFO  o.s.scheduling.concurrent.ThreadPoolTaskExecutor - Initializing ExecutorService 'applicationTaskExecutor'
2021-05-06 21:36:33.747 [main] "  " INFO  org.apache.coyote.http11.Http11NioProtocol - Starting ProtocolHandler ["http-nio-5000"]
2021-05-06 21:36:33.771 [main] "  " INFO  o.s.boot.web.embedded.tomcat.TomcatWebServer - Tomcat started on port(s): 5000 (http) with context path ''
2021-05-06 21:36:34.752 [main] "  " INFO  io.github.talelin.latticy.LatticyApplication - Started LatticyApplication in 7.561 seconds (JVM running for 8.963)
2021-05-06 21:37:23.196 [http-nio-5000-exec-1] "  " INFO  o.a.c.core.ContainerBase.[Tomcat].[localhost].[/] - Initializing Spring DispatcherServlet 'dispatcherServlet'
2021-05-06 21:37:23.197 [http-nio-5000-exec-1] "  " INFO  org.springframework.web.servlet.DispatcherServlet - Initializing Servlet 'dispatcherServlet'
2021-05-06 21:37:23.209 [http-nio-5000-exec-1] "  " INFO  org.springframework.web.servlet.DispatcherServlet - Completed initialization in 12 ms
2021-05-06 21:37:23.474 [http-nio-5000-exec-1] "POST /v1/commend HTTP/1.1" INFO  i.g.t.l.common.interceptor.RequestLogInterceptor - [POST] -> [/v1/commend] from: 127.0.0.1 costs: 233ms
2021-05-06 21:37:46.241 [http-nio-5000-exec-2] "POST /v1/commend HTTP/1.1" INFO  i.g.t.l.common.interceptor.RequestLogInterceptor - [POST] -> [/v1/commend] from: 127.0.0.1 costs: 160ms
2021-05-06 21:38:39.223 [http-nio-5000-exec-3] "POST /v1/commend HTTP/1.1" INFO  i.g.t.l.common.interceptor.RequestLogInterceptor - [POST] -> [/v1/commend] from: 127.0.0.1 costs: 153ms
2021-05-06 21:43:47.197 [http-nio-5000-exec-5] "POST /v1/commend HTTP/1.1" INFO  i.g.t.l.common.interceptor.RequestLogInterceptor - [POST] -> [/v1/commend] from: 127.0.0.1 costs: 30152ms
2021-05-06 21:43:47.842 [http-nio-5000-exec-6] "POST /v1/commend HTTP/1.1" INFO  i.g.t.l.common.interceptor.RequestLogInterceptor - [POST] -> [/v1/commend] from: 127.0.0.1 costs: 20185ms
2021-05-06 21:43:49.133 [http-nio-5000-exec-7] "POST /v1/commend HTTP/1.1" INFO  i.g.t.l.common.interceptor.RequestLogInterceptor - [POST] -> [/v1/commend] from: 127.0.0.1 costs: 146ms
