2021-05-06 16:09:12.192 [main] "  " WARN  o.s.b.w.s.c.AnnotationConfigServletWebServerApplicationContext - Exception encountered during context initialization - cancelling refresh attempt: org.springframework.beans.factory.BeanCreationException: Error creating bean with name 'requestMappingHandlerMapping' defined in class path resource [org/springframework/boot/autoconfigure/web/servlet/WebMvcAutoConfiguration$EnableWebMvcConfiguration.class]: Invocation of init method failed; nested exception is java.lang.IllegalStateException: Ambiguous mapping. Cannot map 'commendController' method 
io.github.talelin.latticy.controller.v1.CommendController#commend(String)
to {POST /v1/commend}: There is already 'commendController' bean method
io.github.talelin.latticy.controller.v1.CommendController#createPatient(CreateOrUpdatePatientDTO) mapped.
2021-05-06 16:20:45.535 [main] "  " WARN  o.s.b.w.s.c.AnnotationConfigServletWebServerApplicationContext - Exception encountered during context initialization - cancelling refresh attempt: org.springframework.beans.factory.BeanCreationException: Error creating bean with name 'requestMappingHandlerMapping' defined in class path resource [org/springframework/boot/autoconfigure/web/servlet/WebMvcAutoConfiguration$EnableWebMvcConfiguration.class]: Invocation of init method failed; nested exception is java.lang.IllegalStateException: Ambiguous mapping. Cannot map 'commendController' method 
io.github.talelin.latticy.controller.v1.CommendController#createPatient(CreateOrUpdatePatientDTO)
to {POST /v1/commend}: There is already 'commendController' bean method
io.github.talelin.latticy.controller.v1.CommendController#commend(String) mapped.
2021-05-06 17:13:32.974 [http-nio-5000-exec-1] "POST /v1/commend HTTP/1.1" WARN  com.zaxxer.hikari.pool.PoolBase - HikariPool-1 - Failed to validate connection com.mysql.cj.jdbc.ConnectionImpl@6d1c0065 (No operations allowed after connection closed.). Possibly consider using a shorter maxLifetime value.
2021-05-06 17:13:37.981 [http-nio-5000-exec-1] "POST /v1/commend HTTP/1.1" WARN  com.zaxxer.hikari.pool.PoolBase - HikariPool-1 - Failed to validate connection com.mysql.cj.jdbc.ConnectionImpl@7a5f0d69 (No operations allowed after connection closed.). Possibly consider using a shorter maxLifetime value.
2021-05-06 17:13:42.973 [http-nio-5000-exec-2] "POST /v1/commend HTTP/1.1" WARN  com.zaxxer.hikari.pool.PoolBase - HikariPool-1 - Failed to validate connection com.mysql.cj.jdbc.ConnectionImpl@63f69aa9 (No operations allowed after connection closed.). Possibly consider using a shorter maxLifetime value.
2021-05-06 17:13:42.989 [http-nio-5000-exec-1] "POST /v1/commend HTTP/1.1" WARN  com.zaxxer.hikari.pool.PoolBase - HikariPool-1 - Failed to validate connection com.mysql.cj.jdbc.ConnectionImpl@77cd356f (No operations allowed after connection closed.). Possibly consider using a shorter maxLifetime value.
2021-05-06 19:22:28.425 [http-nio-5000-exec-8] "GET /cms/user/refresh HTTP/1.1" WARN  com.zaxxer.hikari.pool.PoolBase - HikariPool-1 - Failed to validate connection com.mysql.cj.jdbc.ConnectionImpl@36c4b603 (No operations allowed after connection closed.). Possibly consider using a shorter maxLifetime value.
2021-05-06 19:22:33.435 [http-nio-5000-exec-8] "GET /cms/user/refresh HTTP/1.1" WARN  com.zaxxer.hikari.pool.PoolBase - HikariPool-1 - Failed to validate connection com.mysql.cj.jdbc.ConnectionImpl@7bc20382 (No operations allowed after connection closed.). Possibly consider using a shorter maxLifetime value.
2021-05-06 19:22:38.452 [http-nio-5000-exec-8] "GET /cms/user/refresh HTTP/1.1" WARN  com.zaxxer.hikari.pool.PoolBase - HikariPool-1 - Failed to validate connection com.mysql.cj.jdbc.ConnectionImpl@73dac0b4 (No operations allowed after connection closed.). Possibly consider using a shorter maxLifetime value.
2021-05-06 19:22:38.873 [http-nio-5000-exec-10] "GET /v1/book HTTP/1.1" WARN  com.zaxxer.hikari.pool.PoolBase - HikariPool-1 - Failed to validate connection com.mysql.cj.jdbc.ConnectionImpl@2843ccfc (No operations allowed after connection closed.). Possibly consider using a shorter maxLifetime value.
2021-05-06 19:22:43.455 [http-nio-5000-exec-8] "GET /cms/user/refresh HTTP/1.1" WARN  com.zaxxer.hikari.pool.PoolBase - HikariPool-1 - Failed to validate connection com.mysql.cj.jdbc.ConnectionImpl@75b8d0bc (No operations allowed after connection closed.). Possibly consider using a shorter maxLifetime value.
2021-05-06 19:22:43.884 [http-nio-5000-exec-10] "GET /v1/book HTTP/1.1" WARN  com.zaxxer.hikari.pool.PoolBase - HikariPool-1 - Failed to validate connection com.mysql.cj.jdbc.ConnectionImpl@582cd732 (No operations allowed after connection closed.). Possibly consider using a shorter maxLifetime value.
2021-05-06 19:22:48.467 [http-nio-5000-exec-8] "GET /cms/user/refresh HTTP/1.1" WARN  com.zaxxer.hikari.pool.PoolBase - HikariPool-1 - Failed to validate connection com.mysql.cj.jdbc.ConnectionImpl@1e0d139a (No operations allowed after connection closed.). Possibly consider using a shorter maxLifetime value.
2021-05-06 19:22:48.887 [http-nio-5000-exec-10] "GET /v1/book HTTP/1.1" WARN  com.zaxxer.hikari.pool.PoolBase - HikariPool-1 - Failed to validate connection com.mysql.cj.jdbc.ConnectionImpl@f5146c5 (No operations allowed after connection closed.). Possibly consider using a shorter maxLifetime value.
2021-05-06 19:22:53.480 [http-nio-5000-exec-8] "GET /cms/user/refresh HTTP/1.1" WARN  com.zaxxer.hikari.pool.PoolBase - HikariPool-1 - Failed to validate connection com.mysql.cj.jdbc.ConnectionImpl@585ce962 (No operations allowed after connection closed.). Possibly consider using a shorter maxLifetime value.
2021-05-06 19:22:53.900 [http-nio-5000-exec-10] "GET /v1/book HTTP/1.1" WARN  com.zaxxer.hikari.pool.PoolBase - HikariPool-1 - Failed to validate connection com.mysql.cj.jdbc.ConnectionImpl@4c37a06 (No operations allowed after connection closed.). Possibly consider using a shorter maxLifetime value.
2021-05-06 19:53:14.522 [http-nio-5000-exec-6] "POST /v1/commend HTTP/1.1" WARN  com.zaxxer.hikari.pool.PoolBase - HikariPool-1 - Failed to validate connection com.mysql.cj.jdbc.ConnectionImpl@25c33fdb (No operations allowed after connection closed.). Possibly consider using a shorter maxLifetime value.
2021-05-06 19:53:19.532 [http-nio-5000-exec-6] "POST /v1/commend HTTP/1.1" WARN  com.zaxxer.hikari.pool.PoolBase - HikariPool-1 - Failed to validate connection com.mysql.cj.jdbc.ConnectionImpl@6ccea087 (No operations allowed after connection closed.). Possibly consider using a shorter maxLifetime value.
2021-05-06 19:53:24.545 [http-nio-5000-exec-6] "POST /v1/commend HTTP/1.1" WARN  com.zaxxer.hikari.pool.PoolBase - HikariPool-1 - Failed to validate connection com.mysql.cj.jdbc.ConnectionImpl@45f78a7e (No operations allowed after connection closed.). Possibly consider using a shorter maxLifetime value.
2021-05-06 19:53:29.553 [http-nio-5000-exec-6] "POST /v1/commend HTTP/1.1" WARN  com.zaxxer.hikari.pool.PoolBase - HikariPool-1 - Failed to validate connection com.mysql.cj.jdbc.ConnectionImpl@387c3b01 (No operations allowed after connection closed.). Possibly consider using a shorter maxLifetime value.
2021-05-06 20:50:59.351 [http-nio-5000-exec-8] "GET /cms/user/refresh HTTP/1.1" WARN  com.zaxxer.hikari.pool.PoolBase - HikariPool-1 - Failed to validate connection com.mysql.cj.jdbc.ConnectionImpl@484cc7e4 (No operations allowed after connection closed.). Possibly consider using a shorter maxLifetime value.
2021-05-06 20:51:04.367 [http-nio-5000-exec-8] "GET /cms/user/refresh HTTP/1.1" WARN  com.zaxxer.hikari.pool.PoolBase - HikariPool-1 - Failed to validate connection com.mysql.cj.jdbc.ConnectionImpl@3fea7534 (No operations allowed after connection closed.). Possibly consider using a shorter maxLifetime value.
2021-05-06 21:06:32.182 [http-nio-5000-exec-1] "POST /v1/commend HTTP/1.1" WARN  com.zaxxer.hikari.pool.PoolBase - HikariPool-1 - Failed to validate connection com.mysql.cj.jdbc.ConnectionImpl@539a074a (No operations allowed after connection closed.). Possibly consider using a shorter maxLifetime value.
2021-05-06 21:06:37.189 [http-nio-5000-exec-1] "POST /v1/commend HTTP/1.1" WARN  com.zaxxer.hikari.pool.PoolBase - HikariPool-1 - Failed to validate connection com.mysql.cj.jdbc.ConnectionImpl@3e8f8395 (No operations allowed after connection closed.). Possibly consider using a shorter maxLifetime value.
2021-05-06 21:06:42.193 [http-nio-5000-exec-1] "POST /v1/commend HTTP/1.1" WARN  com.zaxxer.hikari.pool.PoolBase - HikariPool-1 - Failed to validate connection com.mysql.cj.jdbc.ConnectionImpl@4b1d3975 (No operations allowed after connection closed.). Possibly consider using a shorter maxLifetime value.
2021-05-06 21:21:37.066 [http-nio-5000-exec-9] "POST /v1/commend HTTP/1.1" WARN  com.zaxxer.hikari.pool.PoolBase - HikariPool-1 - Failed to validate connection com.mysql.cj.jdbc.ConnectionImpl@32b48a61 (No operations allowed after connection closed.). Possibly consider using a shorter maxLifetime value.
2021-05-06 21:21:42.078 [http-nio-5000-exec-9] "POST /v1/commend HTTP/1.1" WARN  com.zaxxer.hikari.pool.PoolBase - HikariPool-1 - Failed to validate connection com.mysql.cj.jdbc.ConnectionImpl@38fbe7c1 (No operations allowed after connection closed.). Possibly consider using a shorter maxLifetime value.
2021-05-06 21:21:47.091 [http-nio-5000-exec-9] "POST /v1/commend HTTP/1.1" WARN  com.zaxxer.hikari.pool.PoolBase - HikariPool-1 - Failed to validate connection com.mysql.cj.jdbc.ConnectionImpl@300ef247 (No operations allowed after connection closed.). Possibly consider using a shorter maxLifetime value.
2021-05-06 21:34:27.865 [http-nio-5000-exec-10] "POST /v1/commend HTTP/1.1" WARN  com.zaxxer.hikari.pool.PoolBase - HikariPool-1 - Failed to validate connection com.mysql.cj.jdbc.ConnectionImpl@74bc9616 (No operations allowed after connection closed.). Possibly consider using a shorter maxLifetime value.
2021-05-06 21:34:32.875 [http-nio-5000-exec-10] "POST /v1/commend HTTP/1.1" WARN  com.zaxxer.hikari.pool.PoolBase - HikariPool-1 - Failed to validate connection com.mysql.cj.jdbc.ConnectionImpl@5cb9329f (No operations allowed after connection closed.). Possibly consider using a shorter maxLifetime value.
2021-05-06 21:34:37.887 [http-nio-5000-exec-10] "POST /v1/commend HTTP/1.1" WARN  com.zaxxer.hikari.pool.PoolBase - HikariPool-1 - Failed to validate connection com.mysql.cj.jdbc.ConnectionImpl@4ca51338 (No operations allowed after connection closed.). Possibly consider using a shorter maxLifetime value.
2021-05-06 21:34:42.894 [http-nio-5000-exec-10] "POST /v1/commend HTTP/1.1" WARN  com.zaxxer.hikari.pool.PoolBase - HikariPool-1 - Failed to validate connection com.mysql.cj.jdbc.ConnectionImpl@504f7722 (No operations allowed after connection closed.). Possibly consider using a shorter maxLifetime value.
2021-05-06 21:34:47.906 [http-nio-5000-exec-10] "POST /v1/commend HTTP/1.1" WARN  com.zaxxer.hikari.pool.PoolBase - HikariPool-1 - Failed to validate connection com.mysql.cj.jdbc.ConnectionImpl@21af6d2b (No operations allowed after connection closed.). Possibly consider using a shorter maxLifetime value.
2021-05-06 21:34:52.922 [http-nio-5000-exec-10] "POST /v1/commend HTTP/1.1" WARN  com.zaxxer.hikari.pool.PoolBase - HikariPool-1 - Failed to validate connection com.mysql.cj.jdbc.ConnectionImpl@1321ad4b (No operations allowed after connection closed.). Possibly consider using a shorter maxLifetime value.
2021-05-06 21:43:22.090 [http-nio-5000-exec-5] "POST /v1/commend HTTP/1.1" WARN  com.zaxxer.hikari.pool.PoolBase - HikariPool-1 - Failed to validate connection com.mysql.cj.jdbc.ConnectionImpl@135eeb9 (No operations allowed after connection closed.). Possibly consider using a shorter maxLifetime value.
2021-05-06 21:43:27.106 [http-nio-5000-exec-5] "POST /v1/commend HTTP/1.1" WARN  com.zaxxer.hikari.pool.PoolBase - HikariPool-1 - Failed to validate connection com.mysql.cj.jdbc.ConnectionImpl@774a23a9 (No operations allowed after connection closed.). Possibly consider using a shorter maxLifetime value.
2021-05-06 21:43:32.118 [http-nio-5000-exec-5] "POST /v1/commend HTTP/1.1" WARN  com.zaxxer.hikari.pool.PoolBase - HikariPool-1 - Failed to validate connection com.mysql.cj.jdbc.ConnectionImpl@7e97c321 (No operations allowed after connection closed.). Possibly consider using a shorter maxLifetime value.
2021-05-06 21:43:32.668 [http-nio-5000-exec-6] "POST /v1/commend HTTP/1.1" WARN  com.zaxxer.hikari.pool.PoolBase - HikariPool-1 - Failed to validate connection com.mysql.cj.jdbc.ConnectionImpl@319e4992 (No operations allowed after connection closed.). Possibly consider using a shorter maxLifetime value.
2021-05-06 21:43:37.128 [http-nio-5000-exec-5] "POST /v1/commend HTTP/1.1" WARN  com.zaxxer.hikari.pool.PoolBase - HikariPool-1 - Failed to validate connection com.mysql.cj.jdbc.ConnectionImpl@19f5dfbb (No operations allowed after connection closed.). Possibly consider using a shorter maxLifetime value.
2021-05-06 21:43:37.675 [http-nio-5000-exec-6] "POST /v1/commend HTTP/1.1" WARN  com.zaxxer.hikari.pool.PoolBase - HikariPool-1 - Failed to validate connection com.mysql.cj.jdbc.ConnectionImpl@3f59b1d1 (No operations allowed after connection closed.). Possibly consider using a shorter maxLifetime value.
2021-05-06 21:43:42.149 [http-nio-5000-exec-5] "POST /v1/commend HTTP/1.1" WARN  com.zaxxer.hikari.pool.PoolBase - HikariPool-1 - Failed to validate connection com.mysql.cj.jdbc.ConnectionImpl@62f415e9 (No operations allowed after connection closed.). Possibly consider using a shorter maxLifetime value.
2021-05-06 21:43:42.682 [http-nio-5000-exec-6] "POST /v1/commend HTTP/1.1" WARN  com.zaxxer.hikari.pool.PoolBase - HikariPool-1 - Failed to validate connection com.mysql.cj.jdbc.ConnectionImpl@3b6622e2 (No operations allowed after connection closed.). Possibly consider using a shorter maxLifetime value.
2021-05-06 21:43:47.165 [http-nio-5000-exec-5] "POST /v1/commend HTTP/1.1" WARN  com.zaxxer.hikari.pool.PoolBase - HikariPool-1 - Failed to validate connection com.mysql.cj.jdbc.ConnectionImpl@223a5c5d (No operations allowed after connection closed.). Possibly consider using a shorter maxLifetime value.
2021-05-06 21:43:47.699 [http-nio-5000-exec-6] "POST /v1/commend HTTP/1.1" WARN  com.zaxxer.hikari.pool.PoolBase - HikariPool-1 - Failed to validate connection com.mysql.cj.jdbc.ConnectionImpl@7e64bbea (No operations allowed after connection closed.). Possibly consider using a shorter maxLifetime value.
